[2022-10-23T07:27:44.327Z] Log level: Info
[2022-10-23T07:27:44.327Z] [info] Validating found git in: git
[2022-10-23T07:27:44.337Z] [info] Using git 2.38.1 from git
[2022-10-23T07:27:44.348Z] > git rev-parse --show-toplevel [3ms]
[2022-10-23T07:27:44.355Z] > git rev-parse --git-dir --git-common-dir [1ms]
[2022-10-23T07:27:44.361Z] [info] Open repository: /home/adt/cf/mksequenced
[2022-10-23T07:27:44.380Z] > git status -z -uall [12ms]
[2022-10-23T07:27:44.387Z] > git symbolic-ref --short HEAD [4ms]
[2022-10-23T07:27:44.400Z] > git for-each-ref --format=%(refname)%00%(upstream:short)%00%(objectname)%00%(upstream:track)%00%(upstream:remotename)%00%(upstream:remoteref) refs/heads/main refs/remotes/main [10ms]
[2022-10-23T07:27:44.408Z] > git remote --verbose [2ms]
[2022-10-23T07:27:44.408Z] > git for-each-ref --sort -committerdate --format %(refname) %(objectname) %(*objectname) [5ms]
[2022-10-23T07:27:44.420Z] > git config --get commit.template [2ms]
[2022-10-23T07:27:44.427Z] > git status -z -uall [1ms]
[2022-10-23T07:27:44.431Z] > git symbolic-ref --short HEAD [1ms]
[2022-10-23T07:27:44.437Z] > git for-each-ref --format=%(refname)%00%(upstream:short)%00%(objectname)%00%(upstream:track)%00%(upstream:remotename)%00%(upstream:remoteref) refs/heads/main refs/remotes/main [1ms]
[2022-10-23T07:27:44.444Z] > git for-each-ref --sort -committerdate --format %(refname) %(objectname) %(*objectname) [4ms]
[2022-10-23T07:27:44.445Z] > git remote --verbose [2ms]
[2022-10-23T07:27:44.451Z] > git config --get commit.template [1ms]
[2022-10-23T07:27:44.771Z] > git ls-files --stage -- /home/adt/cf/mksequenced/teacher_list.txt [1ms]
[2022-10-23T07:27:44.776Z] > git show --textconv :teacher_list.txt [9ms]
[2022-10-23T07:27:44.776Z] > git cat-file -s e69de29bb2d1d6434b8b29ae775ad8c2e48c5391 [2ms]
[2022-10-23T07:27:44.891Z] > git check-ignore -v -z --stdin [1ms]
[2022-10-23T07:27:49.170Z] > git check-ignore -v -z --stdin [1ms]
