[2022-11-02T20:27:19.799Z] Log level: Info
[2022-11-02T20:27:19.799Z] [info] Validating found git in: git
[2022-11-02T20:27:19.811Z] [info] Using git 2.38.1 from git
[2022-11-02T20:27:19.822Z] > git rev-parse --show-toplevel [3ms]
[2022-11-02T20:27:19.822Z] fatal: not a git repository (or any of the parent directories): .git
[2022-11-02T20:27:19.828Z] > git rev-parse --show-toplevel [0ms]
[2022-11-02T20:27:19.828Z] fatal: not a git repository (or any of the parent directories): .git
[2022-11-02T20:27:19.833Z] > git rev-parse --show-toplevel [1ms]
[2022-11-02T20:27:19.833Z] fatal: not a git repository (or any of the parent directories): .git
[2022-11-02T20:27:19.836Z] > git rev-parse --show-toplevel [0ms]
[2022-11-02T20:27:19.836Z] fatal: not a git repository (or any of the parent directories): .git
[2022-11-02T20:27:19.840Z] > git rev-parse --show-toplevel [1ms]
[2022-11-02T20:27:19.840Z] fatal: not a git repository (or any of the parent directories): .git
[2022-11-02T20:27:19.859Z] > git rev-parse --show-toplevel [15ms]
[2022-11-02T20:27:19.859Z] fatal: not a git repository (or any of the parent directories): .git
[2022-11-02T20:27:19.863Z] > git rev-parse --show-toplevel [1ms]
[2022-11-02T20:27:19.863Z] fatal: not a git repository (or any of the parent directories): .git
[2022-11-02T20:27:19.866Z] > git rev-parse --show-toplevel [0ms]
[2022-11-02T20:27:19.866Z] fatal: not a git repository (or any of the parent directories): .git
[2022-11-02T20:27:19.870Z] > git rev-parse --show-toplevel [1ms]
[2022-11-02T20:27:19.870Z] fatal: not a git repository (or any of the parent directories): .git
[2022-11-02T20:27:19.874Z] > git rev-parse --show-toplevel [0ms]
[2022-11-02T20:27:19.874Z] fatal: not a git repository (or any of the parent directories): .git
[2022-11-02T20:27:19.879Z] > git rev-parse --show-toplevel [1ms]
[2022-11-02T20:27:19.879Z] fatal: not a git repository (or any of the parent directories): .git
[2022-11-02T20:27:19.884Z] > git rev-parse --show-toplevel [1ms]
[2022-11-02T20:27:19.884Z] fatal: not a git repository (or any of the parent directories): .git
[2022-11-02T20:27:19.888Z] > git rev-parse --show-toplevel [0ms]
[2022-11-02T20:27:19.888Z] fatal: not a git repository (or any of the parent directories): .git
[2022-11-02T20:27:19.893Z] > git rev-parse --show-toplevel [1ms]
[2022-11-02T20:27:19.893Z] fatal: not a git repository (or any of the parent directories): .git
[2022-11-02T20:27:19.897Z] > git rev-parse --show-toplevel [1ms]
[2022-11-02T20:27:19.897Z] fatal: not a git repository (or any of the parent directories): .git
[2022-11-02T20:27:19.901Z] > git rev-parse --show-toplevel [1ms]
[2022-11-02T20:27:19.901Z] fatal: not a git repository (or any of the parent directories): .git
[2022-11-02T20:27:19.904Z] > git rev-parse --show-toplevel [0ms]
[2022-11-02T20:27:19.904Z] fatal: not a git repository (or any of the parent directories): .git
[2022-11-02T20:27:19.909Z] > git rev-parse --show-toplevel [1ms]
[2022-11-02T20:27:19.909Z] fatal: not a git repository (or any of the parent directories): .git
[2022-11-02T20:27:19.912Z] > git rev-parse --show-toplevel [0ms]
[2022-11-02T20:27:19.912Z] fatal: not a git repository (or any of the parent directories): .git
[2022-11-02T20:27:19.916Z] > git rev-parse --show-toplevel [1ms]
[2022-11-02T20:27:19.916Z] fatal: not a git repository (or any of the parent directories): .git
[2022-11-02T20:27:19.920Z] > git rev-parse --show-toplevel [0ms]
[2022-11-02T20:27:19.920Z] fatal: not a git repository (or any of the parent directories): .git
[2022-11-02T20:27:19.924Z] > git rev-parse --show-toplevel [0ms]
[2022-11-02T20:27:19.924Z] fatal: not a git repository (or any of the parent directories): .git
[2022-11-02T20:27:19.929Z] > git rev-parse --show-toplevel [1ms]
[2022-11-02T20:27:19.933Z] > git rev-parse --git-dir --git-common-dir [1ms]
[2022-11-02T20:27:19.940Z] [info] Open repository: /home/adt/cf/dotfiles
[2022-11-02T20:27:19.950Z] > git rev-parse --show-toplevel [1ms]
[2022-11-02T20:27:19.950Z] fatal: not a git repository (or any of the parent directories): .git
[2022-11-02T20:27:20.253Z] > git status -z -uall [307ms]
[2022-11-02T20:27:20.257Z] > git symbolic-ref --short HEAD [1ms]
[2022-11-02T20:27:20.262Z] > git for-each-ref --format=%(refname)%00%(upstream:short)%00%(objectname)%00%(upstream:track)%00%(upstream:remotename)%00%(upstream:remoteref) refs/heads/master refs/remotes/master [2ms]
[2022-11-02T20:27:20.272Z] > git remote --verbose [2ms]
[2022-11-02T20:27:20.273Z] > git for-each-ref --sort -committerdate --format %(refname) %(objectname) %(*objectname) [7ms]
[2022-11-02T20:27:20.286Z] > git config --get commit.template [4ms]
[2022-11-02T20:27:20.368Z] > git status -z -uall [76ms]
[2022-11-02T20:27:20.372Z] > git symbolic-ref --short HEAD [1ms]
[2022-11-02T20:27:20.380Z] > git for-each-ref --format=%(refname)%00%(upstream:short)%00%(objectname)%00%(upstream:track)%00%(upstream:remotename)%00%(upstream:remoteref) refs/heads/master refs/remotes/master [5ms]
[2022-11-02T20:27:20.387Z] > git remote --verbose [1ms]
[2022-11-02T20:27:20.387Z] > git for-each-ref --sort -committerdate --format %(refname) %(objectname) %(*objectname) [4ms]
[2022-11-02T20:27:20.393Z] > git config --get commit.template [1ms]
[2022-11-02T20:27:20.477Z] > git check-ignore -v -z --stdin [3ms]
[2022-11-02T20:27:22.419Z] > git rev-parse --show-toplevel [1ms]
[2022-11-02T20:27:22.419Z] fatal: not a git repository (or any of the parent directories): .git
[2022-11-02T20:27:44.072Z] > git rev-parse --show-toplevel [2ms]
[2022-11-02T20:27:44.072Z] fatal: not a git repository (or any of the parent directories): .git
[2022-11-02T20:28:43.000Z] > git rev-parse --show-toplevel [1ms]
[2022-11-02T20:28:43.000Z] fatal: not a git repository (or any of the parent directories): .git
[2022-11-02T20:29:05.774Z] > git rev-parse --show-toplevel [1ms]
[2022-11-02T20:29:05.774Z] fatal: not a git repository (or any of the parent directories): .git
[2022-11-02T20:29:07.826Z] > git rev-parse --show-toplevel [1ms]
[2022-11-02T20:29:07.826Z] fatal: not a git repository (or any of the parent directories): .git
