2023-02-22 10:57:59.478 [info] Reading sessions from keychain...
2023-02-22 10:57:59.478 [info] Getting sessions for user:email...
2023-02-22 10:57:59.478 [info] Got 0 sessions for user:email...
2023-02-22 10:57:59.478 [info] Getting sessions for read:user,repo,user:email...
2023-02-22 10:57:59.478 [info] Got 0 sessions for read:user,repo,user:email...
2023-02-22 10:57:59.506 [info] Getting sessions for all scopes...
2023-02-22 10:57:59.506 [info] Got 0 sessions for ...
2023-02-22 10:57:59.578 [info] Getting sessions for all scopes...
2023-02-22 10:57:59.578 [info] Got 0 sessions for ...
2023-02-22 10:58:10.876 [info] Reading sessions from keychain...
2023-02-22 10:58:10.876 [info] Getting sessions for user:email...
2023-02-22 10:58:10.876 [info] Got 0 sessions for user:email...
2023-02-22 10:58:10.876 [info] Getting sessions for all scopes...
2023-02-22 10:58:10.876 [info] Got 0 sessions for ...
2023-02-22 10:58:10.904 [info] Getting sessions for all scopes...
2023-02-22 10:58:10.904 [info] Got 0 sessions for ...
2023-02-22 10:58:10.943 [info] Getting sessions for all scopes...
2023-02-22 10:58:10.943 [info] Got 0 sessions for ...
2023-02-22 10:58:10.947 [info] Getting sessions for read:user,repo,user:email...
2023-02-22 10:58:10.947 [info] Got 0 sessions for read:user,repo,user:email...
2023-02-22 10:58:24.481 [info] Reading sessions from keychain...
2023-02-22 10:58:24.481 [info] Getting sessions for user:email...
2023-02-22 10:58:24.481 [info] Got 0 sessions for user:email...
2023-02-22 10:58:24.481 [info] Getting sessions for read:user,repo,user:email...
2023-02-22 10:58:24.481 [info] Got 0 sessions for read:user,repo,user:email...
2023-02-22 10:58:24.526 [info] Getting sessions for all scopes...
2023-02-22 10:58:24.526 [info] Got 0 sessions for ...
2023-02-22 10:58:24.591 [info] Getting sessions for all scopes...
2023-02-22 10:58:24.591 [info] Got 0 sessions for ...
