2023-01-25 10:23:14.654 [info] Log level: Info
2023-01-25 10:23:14.654 [info] Validating found git in: "git"
2023-01-25 10:23:14.654 [info] Using git "2.39.0" from "git"
2023-01-25 10:23:14.654 [info] > git rev-parse --show-toplevel [3ms]
2023-01-25 10:23:14.654 [info] > git rev-parse --git-dir --git-common-dir [1ms]
2023-01-25 10:23:14.654 [info] Open repository: /home/adt/development/MapGraph
2023-01-25 10:23:14.654 [info] > git rev-parse --show-toplevel [12ms]
2023-01-25 10:23:14.654 [info] > git config --get commit.template [5ms]
2023-01-25 10:23:14.654 [info] > git for-each-ref --format=%(refname)%00%(upstream:short)%00%(objectname)%00%(upstream:track)%00%(upstream:remotename)%00%(upstream:remoteref) refs/heads/main refs/remotes/main [7ms]
2023-01-25 10:23:14.654 [info] > git status -z -uall [14ms]
2023-01-25 10:23:14.654 [info] > git for-each-ref --sort -committerdate --format %(refname) %(objectname) %(*objectname) [8ms]
2023-01-25 10:23:14.654 [info] > git config --get commit.template [1ms]
2023-01-25 10:23:14.654 [info] > git for-each-ref --format=%(refname)%00%(upstream:short)%00%(objectname)%00%(upstream:track)%00%(upstream:remotename)%00%(upstream:remoteref) refs/heads/main refs/remotes/main [1ms]
2023-01-25 10:23:14.654 [info] > git status -z -uall [5ms]
2023-01-25 10:23:14.654 [info] > git for-each-ref --sort -committerdate --format %(refname) %(objectname) %(*objectname) [3ms]
2023-01-25 10:23:14.877 [info] > git show --textconv :main.scss [13ms]
2023-01-25 10:23:14.880 [info] > git ls-files --stage -- /home/adt/development/MapGraph/main.scss [4ms]
2023-01-25 10:23:15.043 [info] > git check-ignore -v -z --stdin [3ms]
2023-01-25 10:23:50.761 [info] > git show --textconv :dist/index.html [25ms]
2023-01-25 10:23:50.783 [info] > git ls-files --stage -- /home/adt/development/MapGraph/dist/index.html [4ms]
2023-01-25 10:23:50.806 [info] > git cat-file -s 895d8a3d16b0c578ced6303a1630fb7c82182b13 [17ms]
2023-01-25 12:39:27.539 [info] > git show --textconv :dist/calculator.html [7ms]
2023-01-25 12:39:27.541 [info] > git ls-files --stage -- /home/adt/development/MapGraph/dist/calculator.html [2ms]
2023-01-25 12:39:27.555 [info] > git cat-file -s 6938898542c2449c8359f2458f12bf9be834b124 [3ms]
2023-01-25 12:40:10.101 [info] > git config --get commit.template [16ms]
2023-01-25 12:40:10.134 [info] > git for-each-ref --format=%(refname)%00%(upstream:short)%00%(objectname)%00%(upstream:track)%00%(upstream:remotename)%00%(upstream:remoteref) refs/heads/main refs/remotes/main [3ms]
2023-01-25 12:40:10.175 [info] > git status -z -uall [28ms]
2023-01-25 12:40:10.175 [info] > git for-each-ref --sort -committerdate --format %(refname) %(objectname) %(*objectname) [16ms]
2023-01-25 12:40:16.278 [info] > git config --get commit.template [7ms]
2023-01-25 12:40:16.278 [info] > git for-each-ref --format=%(refname)%00%(upstream:short)%00%(objectname)%00%(upstream:track)%00%(upstream:remotename)%00%(upstream:remoteref) refs/heads/main refs/remotes/main [1ms]
2023-01-25 12:40:16.292 [info] > git status -z -uall [7ms]
2023-01-25 12:40:16.294 [info] > git for-each-ref --sort -committerdate --format %(refname) %(objectname) %(*objectname) [3ms]
2023-01-25 12:40:21.328 [info] > git config --get commit.template [16ms]
2023-01-25 12:40:21.331 [info] > git for-each-ref --format=%(refname)%00%(upstream:short)%00%(objectname)%00%(upstream:track)%00%(upstream:remotename)%00%(upstream:remoteref) refs/heads/main refs/remotes/main [3ms]
2023-01-25 12:40:21.357 [info] > git status -z -uall [13ms]
2023-01-25 12:40:21.359 [info] > git for-each-ref --sort -committerdate --format %(refname) %(objectname) %(*objectname) [3ms]
2023-01-25 12:40:48.080 [info] > git config --get commit.template [3ms]
2023-01-25 12:40:48.097 [info] > git for-each-ref --format=%(refname)%00%(upstream:short)%00%(objectname)%00%(upstream:track)%00%(upstream:remotename)%00%(upstream:remoteref) refs/heads/main refs/remotes/main [2ms]
2023-01-25 12:40:48.119 [info] > git status -z -uall [9ms]
2023-01-25 12:40:48.120 [info] > git for-each-ref --sort -committerdate --format %(refname) %(objectname) %(*objectname) [2ms]
2023-01-25 12:43:25.023 [info] > git config --get commit.template [19ms]
2023-01-25 12:43:25.059 [info] > git for-each-ref --format=%(refname)%00%(upstream:short)%00%(objectname)%00%(upstream:track)%00%(upstream:remotename)%00%(upstream:remoteref) refs/heads/main refs/remotes/main [6ms]
2023-01-25 12:43:25.091 [info] > git status -z -uall [16ms]
2023-01-25 12:43:25.091 [info] > git for-each-ref --sort -committerdate --format %(refname) %(objectname) %(*objectname) [4ms]
2023-01-25 12:43:34.903 [info] > git config --get commit.template [16ms]
2023-01-25 12:43:34.904 [info] > git for-each-ref --format=%(refname)%00%(upstream:short)%00%(objectname)%00%(upstream:track)%00%(upstream:remotename)%00%(upstream:remoteref) refs/heads/main refs/remotes/main [3ms]
2023-01-25 12:43:34.953 [info] > git status -z -uall [34ms]
2023-01-25 12:43:34.954 [info] > git for-each-ref --sort -committerdate --format %(refname) %(objectname) %(*objectname) [22ms]
