[2022-10-27 23:10:54.063] [exthost] [info] Extension host with pid 4066 started
[2022-10-27 23:10:54.063] [exthost] [info] Skipping acquiring lock for /home/adt/cf/.config/Code - OSS/User/workspaceStorage/40a9be5684cfd1912588694dd7619d65.
[2022-10-27 23:10:54.246] [exthost] [info] ExtensionService#_doActivateExtension vscode.css-language-features, startup: false, activationEvent: 'onLanguage:css'
[2022-10-27 23:10:54.247] [exthost] [info] ExtensionService#_doActivateExtension vscode.debug-auto-launch, startup: true, activationEvent: '*'
[2022-10-27 23:10:54.247] [exthost] [info] ExtensionService#_doActivateExtension vscode.git-base, startup: true, activationEvent: '*', root cause: vscode.git
[2022-10-27 23:10:54.247] [exthost] [info] ExtensionService#_doActivateExtension vscode.ipynb, startup: true, activationEvent: '*'
[2022-10-27 23:10:54.247] [exthost] [info] ExtensionService#_doActivateExtension vscode.npm, startup: true, activationEvent: 'workspaceContains:package.json'
[2022-10-27 23:10:54.316] [exthost] [info] ExtensionService#_doActivateExtension vscode.git, startup: true, activationEvent: '*'
[2022-10-27 23:10:54.316] [exthost] [info] ExtensionService#_doActivateExtension vscode.github, startup: true, activationEvent: '*'
[2022-10-27 23:10:54.441] [exthost] [info] Eager extensions activated
[2022-10-27 23:10:54.459] [exthost] [info] ExtensionService#_doActivateExtension vscode.emmet, startup: false, activationEvent: 'onStartupFinished'
[2022-10-27 23:10:54.460] [exthost] [info] ExtensionService#_doActivateExtension vscode.merge-conflict, startup: false, activationEvent: 'onStartupFinished'
[2022-10-27 23:10:54.495] [exthost] [warning] [Decorations] CAPPING events from decorations provider vscode.git 1037
[2022-10-27 23:10:54.690] [exthost] [warning] [Decorations] CAPPING events from decorations provider vscode.git 1037
[2022-10-27 23:14:00.739] [exthost] [warning] [Decorations] CAPPING events from decorations provider vscode.git 1037
[2022-10-27 23:14:26.853] [exthost] [warning] [Decorations] CAPPING events from decorations provider vscode.git 1037
[2022-10-27 23:15:04.899] [exthost] [warning] [Decorations] CAPPING events from decorations provider vscode.git 1037
[2022-10-27 23:16:02.370] [exthost] [warning] [Decorations] CAPPING events from decorations provider vscode.git 1037
[2022-10-27 23:16:33.528] [exthost] [warning] [Decorations] CAPPING events from decorations provider vscode.git 1037
[2022-10-27 23:19:32.991] [exthost] [warning] [Decorations] CAPPING events from decorations provider vscode.git 1051
[2022-10-27 23:19:38.063] [exthost] [warning] [Decorations] CAPPING events from decorations provider vscode.git 1037
[2022-10-27 23:20:31.998] [exthost] [info] ExtensionService#_doActivateExtension vscode.html-language-features, startup: false, activationEvent: 'onLanguage:html'
[2022-10-27 23:56:56.747] [exthost] [info] ExtensionService#_doActivateExtension vscode.typescript-language-features, startup: false, activationEvent: 'onLanguage:javascript'
[2022-10-27 23:57:25.279] [exthost] [warning] [Decorations] CAPPING events from decorations provider vscode.git 1037
[2022-10-28 00:00:01.704] [exthost] [warning] [Decorations] CAPPING events from decorations provider vscode.git 1037
[2022-10-28 00:01:19.391] [exthost] [warning] [Decorations] CAPPING events from decorations provider vscode.git 1037
[2022-10-28 00:04:12.047] [exthost] [warning] [Decorations] CAPPING events from decorations provider vscode.git 1037
[2022-10-28 00:04:17.111] [exthost] [warning] [Decorations] CAPPING events from decorations provider vscode.git 1037
[2022-10-28 00:08:20.517] [exthost] [warning] [Decorations] CAPPING events from decorations provider vscode.git 1085
[2022-10-28 00:08:25.579] [exthost] [warning] [Decorations] CAPPING events from decorations provider vscode.git 1085
[2022-10-28 00:12:08.221] [exthost] [warning] [Decorations] CAPPING events from decorations provider vscode.git 1145
[2022-10-28 00:12:14.714] [exthost] [warning] [Decorations] CAPPING events from decorations provider vscode.git 1085
[2022-10-28 00:12:40.847] [exthost] [warning] [Decorations] CAPPING events from decorations provider vscode.git 1084
[2022-10-28 00:12:45.913] [exthost] [warning] [Decorations] CAPPING events from decorations provider vscode.git 1084
[2022-10-28 00:13:26.003] [exthost] [warning] [Decorations] CAPPING events from decorations provider vscode.git 1084
[2022-10-28 00:15:37.089] [exthost] [warning] [Decorations] CAPPING events from decorations provider vscode.git 1145
[2022-10-28 00:15:56.800] [exthost] [warning] [Decorations] CAPPING events from decorations provider vscode.git 1085
[2022-10-28 00:18:53.532] [exthost] [warning] [Decorations] CAPPING events from decorations provider vscode.git 1144
[2022-10-28 00:19:21.989] [exthost] [warning] [Decorations] CAPPING events from decorations provider vscode.git 1144
[2022-10-28 00:19:27.054] [exthost] [warning] [Decorations] CAPPING events from decorations provider vscode.git 1084
[2022-10-28 00:20:39.057] [exthost] [warning] [Decorations] CAPPING events from decorations provider vscode.git 1084
[2022-10-28 00:22:11.491] [exthost] [warning] [Decorations] CAPPING events from decorations provider vscode.git 1084
[2022-10-28 00:22:44.414] [exthost] [warning] [Decorations] CAPPING events from decorations provider vscode.git 1084
[2022-10-28 00:22:58.779] [exthost] [warning] [Decorations] CAPPING events from decorations provider vscode.git 1084
[2022-10-28 08:33:20.082] [exthost] [warning] [Decorations] CAPPING events from decorations provider vscode.git 1084
[2022-10-28 09:11:49.874] [exthost] [info] ExtensionService#_doActivateExtension ecmel.vscode-html-css, startup: false, activationEvent: '*'
