[Trace 03:10:56.537] VsCodeClientWorkspace: TextDocument.onDidOpen: file:///home/adt/cf/.Xmodmap
[Trace 03:10:56.538] VsCodeClientWorkspace: TextDocument.onDidChanceContent: file:///home/adt/cf/.Xmodmap
[Trace 03:10:56.539] Server: connection.languages.diagnostics.on: file:///home/adt/cf/.Xmodmap
[Trace 03:10:56.539] Server: connection.languages.diagnostics.on: file:///home/adt/cf/.Xmodmap
[Debug 03:10:56.564] LinkProvider: compute - file:///home/adt/cf/.Xmodmap
[Debug 03:10:56.758] MdFoldingProvider: provideFoldingRanges — file:///home/adt/cf/.Xmodmap 1
[Debug 03:10:56.759] TableOfContentsProvider: create - file:///home/adt/cf/.Xmodmap
[Trace 03:10:56.984] DocumentSymbolProvider: provideDocumentSymbols — file:///home/adt/cf/.Xmodmap 1
[Trace 03:11:04.687] VsCodeClientWorkspace: TextDocument.onDidChanceContent: file:///home/adt/cf/.Xmodmap
[Trace 03:11:04.687] Server: connection.languages.diagnostics.on: file:///home/adt/cf/.Xmodmap
[Debug 03:11:04.870] MdFoldingProvider: provideFoldingRanges — file:///home/adt/cf/.Xmodmap 2
[Debug 03:11:04.870] TableOfContentsProvider: create - file:///home/adt/cf/.Xmodmap
[Debug 03:11:04.931] LinkProvider: compute - file:///home/adt/cf/.Xmodmap
[Trace 03:11:05.021] DocumentSymbolProvider: provideDocumentSymbols — file:///home/adt/cf/.Xmodmap 2
[Trace 03:13:31.217] VsCodeClientWorkspace: TextDocument.onDidChanceContent: file:///home/adt/cf/.Xmodmap
[Trace 03:13:31.217] Server: connection.languages.diagnostics.on: file:///home/adt/cf/.Xmodmap
[Debug 03:13:31.414] MdFoldingProvider: provideFoldingRanges — file:///home/adt/cf/.Xmodmap 3
[Debug 03:13:31.414] TableOfContentsProvider: create - file:///home/adt/cf/.Xmodmap
[Debug 03:13:31.463] LinkProvider: compute - file:///home/adt/cf/.Xmodmap
[Trace 03:13:31.560] DocumentSymbolProvider: provideDocumentSymbols — file:///home/adt/cf/.Xmodmap 3
[Trace 03:13:38.788] VsCodeClientWorkspace: TextDocument.onDidClose: file:///home/adt/cf/.Xmodmap
[Trace 03:13:38.789] VsCodeClientWorkspace: deleteDocument: file:///home/adt/cf/.Xmodmap
