2023-02-22 10:57:57.900 [info] Added views:workbench.panel.markers.view in workbench.panel.markers
2023-02-22 10:57:57.900 [info] Added views:workbench.panel.output in workbench.panel.output
2023-02-22 10:57:57.900 [info] Added views:terminal in terminal
2023-02-22 10:57:57.900 [info] Added views:outline in workbench.view.explorer
2023-02-22 10:57:57.900 [info] Added views:workbench.scm in workbench.view.scm
2023-02-22 10:57:57.900 [info] Added views:workbench.view.search in workbench.view.search
2023-02-22 10:57:57.900 [info] Added views:timeline in workbench.view.explorer
2023-02-22 10:57:57.901 [info] Added views:workbench.explorer.emptyView in workbench.view.explorer
2023-02-22 10:57:58.236 [info] Added views:workbench.debug.welcome in workbench.view.debug
2023-02-22 10:57:58.462 [info] Added views:gitlens.views.home in workbench.view.extension.gitlens
2023-02-22 10:57:58.463 [info] Added views:gitlens.views.commits,gitlens.views.commitDetails,gitlens.views.fileHistory,gitlens.views.branches,gitlens.views.remotes,gitlens.views.stashes,gitlens.views.tags,gitlens.views.searchAndCompare in workbench.view.scm
2023-02-22 10:57:58.667 [info] Added views:workbench.panel.repl.view in workbench.panel.repl
2023-02-22 10:57:59.093 [info] Removed views:gitlens.views.searchAndCompare,gitlens.views.tags,gitlens.views.stashes,gitlens.views.remotes,gitlens.views.branches,gitlens.views.fileHistory,gitlens.views.commitDetails,gitlens.views.commits from workbench.view.scm
2023-02-22 10:57:59.229 [info] Added views:gitlens.views.timeline in workbench.view.extension.gitlensPanel
2023-02-22 10:57:59.230 [info] Added views:gitlens.views.commits,gitlens.views.commitDetails,gitlens.views.fileHistory,gitlens.views.branches,gitlens.views.remotes,gitlens.views.stashes,gitlens.views.tags,gitlens.views.worktrees,gitlens.views.searchAndCompare in workbench.view.scm
2023-02-22 10:58:09.749 [info] Added views:workbench.panel.markers.view in workbench.panel.markers
2023-02-22 10:58:09.749 [info] Added views:workbench.panel.output in workbench.panel.output
2023-02-22 10:58:09.749 [info] Added views:terminal in terminal
2023-02-22 10:58:09.749 [info] Added views:outline in workbench.view.explorer
2023-02-22 10:58:09.749 [info] Added views:workbench.scm in workbench.view.scm
2023-02-22 10:58:09.749 [info] Added views:workbench.view.search in workbench.view.search
2023-02-22 10:58:09.749 [info] Added views:timeline in workbench.view.explorer
2023-02-22 10:58:09.749 [info] Added views:workbench.explorer.fileView in workbench.view.explorer
2023-02-22 10:58:09.953 [info] Added views:gitlens.views.home in workbench.view.extension.gitlens
2023-02-22 10:58:09.954 [info] Added views:gitlens.views.commits,gitlens.views.commitDetails,gitlens.views.fileHistory,gitlens.views.branches,gitlens.views.remotes,gitlens.views.stashes,gitlens.views.tags,gitlens.views.searchAndCompare in workbench.view.scm
2023-02-22 10:58:10.137 [info] Added views:workbench.debug.variablesView,workbench.debug.watchExpressionsView,workbench.debug.callStackView,workbench.debug.breakPointsView in workbench.view.debug
2023-02-22 10:58:10.237 [info] Added views:workbench.panel.repl.view in workbench.panel.repl
2023-02-22 10:58:10.240 [info] Removed views:workbench.debug.breakPointsView,workbench.debug.callStackView,workbench.debug.watchExpressionsView,workbench.debug.variablesView from workbench.view.debug
2023-02-22 10:58:10.241 [info] Added views:workbench.debug.welcome in workbench.view.debug
2023-02-22 10:58:10.864 [info] Added views:gitlens.views.timeline in workbench.view.extension.gitlensPanel
2023-02-22 10:58:10.866 [info] Added views:gitlens.views.worktrees in workbench.view.scm
2023-02-22 10:58:23.425 [info] Added views:workbench.panel.markers.view in workbench.panel.markers
2023-02-22 10:58:23.425 [info] Added views:workbench.panel.output in workbench.panel.output
2023-02-22 10:58:23.425 [info] Added views:terminal in terminal
2023-02-22 10:58:23.425 [info] Added views:outline in workbench.view.explorer
2023-02-22 10:58:23.425 [info] Added views:workbench.scm in workbench.view.scm
2023-02-22 10:58:23.425 [info] Added views:workbench.view.search in workbench.view.search
2023-02-22 10:58:23.425 [info] Added views:timeline in workbench.view.explorer
2023-02-22 10:58:23.425 [info] Added views:workbench.explorer.fileView in workbench.view.explorer
2023-02-22 10:58:23.669 [info] Added views:gitlens.views.home in workbench.view.extension.gitlens
2023-02-22 10:58:23.671 [info] Added views:gitlens.views.commits,gitlens.views.commitDetails,gitlens.views.fileHistory,gitlens.views.branches,gitlens.views.remotes,gitlens.views.stashes,gitlens.views.tags,gitlens.views.searchAndCompare in workbench.view.scm
2023-02-22 10:58:23.865 [info] Added views:workbench.debug.variablesView,workbench.debug.watchExpressionsView,workbench.debug.callStackView,workbench.debug.breakPointsView in workbench.view.debug
2023-02-22 10:58:23.888 [info] Added views:workbench.panel.repl.view in workbench.panel.repl
2023-02-22 10:58:23.889 [info] Removed views:workbench.debug.breakPointsView,workbench.debug.callStackView,workbench.debug.watchExpressionsView,workbench.debug.variablesView from workbench.view.debug
2023-02-22 10:58:23.890 [info] Added views:workbench.debug.welcome in workbench.view.debug
2023-02-22 10:58:24.309 [info] Added views:gitlens.views.timeline in workbench.view.extension.gitlensPanel
2023-02-22 10:58:24.310 [info] Added views:gitlens.views.worktrees in workbench.view.scm
2023-02-22 11:13:40.659 [info] Added views:workbench.views.extensions.installed,workbench.views.extensions.popular,extensions.recommendedList in workbench.view.extensions
2023-02-22 11:13:40.665 [info] Removed views:workbench.views.extensions.popular from workbench.view.extensions
2023-02-22 11:14:16.871 [info] Removed views:extensions.recommendedList,workbench.views.extensions.installed from workbench.view.extensions
2023-02-22 11:14:16.896 [info] Added views:workbench.views.extensions.marketplace in workbench.view.extensions
2023-02-22 11:15:00.488 [info] Removed views:workbench.views.extensions.marketplace from workbench.view.extensions
2023-02-22 11:15:00.518 [info] Added views:workbench.views.extensions.installed,extensions.recommendedList in workbench.view.extensions
