[2022-10-24T20:56:42.513Z] Log level: Info
[2022-10-24T20:56:42.514Z] [info] Validating found git in: git
[2022-10-24T20:56:42.523Z] [info] Using git 2.38.1 from git
[2022-10-24T20:56:42.532Z] > git rev-parse --show-toplevel [2ms]
[2022-10-24T20:56:42.542Z] > git rev-parse --git-dir --git-common-dir [4ms]
[2022-10-24T20:56:42.546Z] [info] Open repository: /home/adt/developement/mkratings
[2022-10-24T20:56:42.557Z] > git status -z -uall [5ms]
[2022-10-24T20:56:42.560Z] > git rev-parse --show-toplevel [5ms]
[2022-10-24T20:56:42.564Z] > git symbolic-ref --short HEAD [4ms]
[2022-10-24T20:56:42.569Z] > git rev-parse --show-toplevel [6ms]
[2022-10-24T20:56:42.573Z] > git for-each-ref --format=%(refname)%00%(upstream:short)%00%(objectname)%00%(upstream:track)%00%(upstream:remotename)%00%(upstream:remoteref) refs/heads/main refs/remotes/main [6ms]
[2022-10-24T20:56:42.581Z] > git remote --verbose [2ms]
[2022-10-24T20:56:42.581Z] > git for-each-ref --sort -committerdate --format %(refname) %(objectname) %(*objectname) [5ms]
[2022-10-24T20:56:42.586Z] > git rev-parse --show-toplevel [13ms]
[2022-10-24T20:56:42.589Z] > git config --get commit.template [0ms]
[2022-10-24T20:56:42.595Z] > git status -z -uall [1ms]
[2022-10-24T20:56:42.599Z] > git symbolic-ref --short HEAD [1ms]
[2022-10-24T20:56:42.603Z] > git for-each-ref --format=%(refname)%00%(upstream:short)%00%(objectname)%00%(upstream:track)%00%(upstream:remotename)%00%(upstream:remoteref) refs/heads/main refs/remotes/main [1ms]
[2022-10-24T20:56:42.609Z] > git for-each-ref --sort -committerdate --format %(refname) %(objectname) %(*objectname) [3ms]
[2022-10-24T20:56:42.610Z] > git remote --verbose [1ms]
[2022-10-24T20:56:42.614Z] > git config --get commit.template [1ms]
[2022-10-24T20:56:43.081Z] > git check-ignore -v -z --stdin [3ms]
[2022-10-24T20:56:45.536Z] > git show --textconv :missing.html [4ms]
[2022-10-24T20:56:45.538Z] > git ls-files --stage -- /home/adt/developement/mkratings/missing.html [2ms]
[2022-10-24T20:57:45.028Z] > git status -z -uall [1ms]
[2022-10-24T20:57:45.032Z] > git symbolic-ref --short HEAD [1ms]
[2022-10-24T20:57:45.035Z] > git for-each-ref --format=%(refname)%00%(upstream:short)%00%(objectname)%00%(upstream:track)%00%(upstream:remotename)%00%(upstream:remoteref) refs/heads/main refs/remotes/main [0ms]
[2022-10-24T20:57:45.042Z] > git for-each-ref --sort -committerdate --format %(refname) %(objectname) %(*objectname) [4ms]
[2022-10-24T20:57:45.042Z] > git remote --verbose [1ms]
[2022-10-24T20:57:45.048Z] > git config --get commit.template [1ms]
[2022-10-24T20:57:52.317Z] > git check-ignore -v -z --stdin [2ms]
[2022-10-24T20:57:54.392Z] > git show --textconv :js/server.js [5ms]
[2022-10-24T20:57:54.392Z] > git ls-files --stage -- /home/adt/developement/mkratings/js/server.js [1ms]
[2022-10-24T20:57:54.399Z] > git cat-file -s 611634e1ef45524f421195681bd6f685744fd448 [2ms]
[2022-10-24T20:58:00.112Z] > git show --textconv :missing.html [6ms]
[2022-10-24T20:58:00.113Z] > git ls-files --stage -- /home/adt/developement/mkratings/missing.html [1ms]
[2022-10-24T20:58:02.138Z] > git show --textconv :index.html [10ms]
[2022-10-24T20:58:02.140Z] > git ls-files --stage -- /home/adt/developement/mkratings/index.html [4ms]
[2022-10-24T20:58:02.147Z] > git cat-file -s bd00c821bc33af4a1898528ec0f6a4b6730ece71 [1ms]
[2022-10-24T20:58:16.980Z] > git show --textconv :missing.html [8ms]
[2022-10-24T20:58:16.981Z] > git ls-files --stage -- /home/adt/developement/mkratings/missing.html [2ms]
[2022-10-24T20:58:18.770Z] > git show --textconv :index.html [4ms]
[2022-10-24T20:58:18.770Z] > git ls-files --stage -- /home/adt/developement/mkratings/index.html [1ms]
[2022-10-24T20:58:18.774Z] > git cat-file -s bd00c821bc33af4a1898528ec0f6a4b6730ece71 [1ms]
[2022-10-24T20:58:20.720Z] > git show --textconv :missing.html [9ms]
[2022-10-24T20:58:20.721Z] > git ls-files --stage -- /home/adt/developement/mkratings/missing.html [2ms]
[2022-10-24T20:58:21.687Z] > git show --textconv :index.html [9ms]
[2022-10-24T20:58:21.689Z] > git ls-files --stage -- /home/adt/developement/mkratings/index.html [3ms]
[2022-10-24T20:58:21.695Z] > git cat-file -s bd00c821bc33af4a1898528ec0f6a4b6730ece71 [1ms]
[2022-10-24T20:58:32.668Z] > git show --textconv :missing.html [5ms]
[2022-10-24T20:58:32.668Z] > git ls-files --stage -- /home/adt/developement/mkratings/missing.html [1ms]
[2022-10-24T20:58:33.914Z] > git show --textconv :index.html [9ms]
[2022-10-24T20:58:33.915Z] > git ls-files --stage -- /home/adt/developement/mkratings/index.html [2ms]
[2022-10-24T20:58:33.923Z] > git cat-file -s bd00c821bc33af4a1898528ec0f6a4b6730ece71 [2ms]
[2022-10-24T20:58:35.231Z] > git show --textconv :missing.html [8ms]
[2022-10-24T20:58:35.233Z] > git ls-files --stage -- /home/adt/developement/mkratings/missing.html [2ms]
[2022-10-24T20:59:00.889Z] > git show --textconv :index.html [6ms]
[2022-10-24T20:59:00.889Z] > git ls-files --stage -- /home/adt/developement/mkratings/index.html [1ms]
[2022-10-24T20:59:00.895Z] > git cat-file -s bd00c821bc33af4a1898528ec0f6a4b6730ece71 [1ms]
[2022-10-24T20:59:02.748Z] > git show --textconv :missing.html [8ms]
[2022-10-24T20:59:02.750Z] > git ls-files --stage -- /home/adt/developement/mkratings/missing.html [2ms]
[2022-10-24T20:59:12.498Z] > git status -z -uall [3ms]
[2022-10-24T20:59:12.508Z] > git symbolic-ref --short HEAD [2ms]
[2022-10-24T20:59:12.512Z] > git for-each-ref --format=%(refname)%00%(upstream:short)%00%(objectname)%00%(upstream:track)%00%(upstream:remotename)%00%(upstream:remoteref) refs/heads/main refs/remotes/main [1ms]
[2022-10-24T20:59:12.524Z] > git for-each-ref --sort -committerdate --format %(refname) %(objectname) %(*objectname) [5ms]
[2022-10-24T20:59:12.524Z] > git remote --verbose [1ms]
[2022-10-24T20:59:12.529Z] > git config --get commit.template [0ms]
[2022-10-25T05:01:50.292Z] > git check-ignore -v -z --stdin [2ms]
