[2022-10-23T07:27:58.772Z] Log level: Info
[2022-10-23T07:27:58.773Z] [info] Validating found git in: git
[2022-10-23T07:27:58.789Z] [info] Using git 2.38.1 from git
[2022-10-23T07:27:58.801Z] > git rev-parse --show-toplevel [3ms]
[2022-10-23T07:27:58.811Z] > git rev-parse --git-dir --git-common-dir [1ms]
[2022-10-23T07:27:58.821Z] [info] Open repository: /home/adt/cf/mksequenced
[2022-10-23T07:27:58.843Z] > git status -z -uall [15ms]
[2022-10-23T07:27:58.850Z] > git symbolic-ref --short HEAD [2ms]
[2022-10-23T07:27:58.862Z] > git for-each-ref --format=%(refname)%00%(upstream:short)%00%(objectname)%00%(upstream:track)%00%(upstream:remotename)%00%(upstream:remoteref) refs/heads/main refs/remotes/main [6ms]
[2022-10-23T07:27:58.874Z] > git remote --verbose [2ms]
[2022-10-23T07:27:58.874Z] > git for-each-ref --sort -committerdate --format %(refname) %(objectname) %(*objectname) [8ms]
[2022-10-23T07:27:58.882Z] > git config --get commit.template [1ms]
[2022-10-23T07:27:58.890Z] > git status -z -uall [1ms]
[2022-10-23T07:27:58.896Z] > git symbolic-ref --short HEAD [2ms]
[2022-10-23T07:27:58.900Z] > git for-each-ref --format=%(refname)%00%(upstream:short)%00%(objectname)%00%(upstream:track)%00%(upstream:remotename)%00%(upstream:remoteref) refs/heads/main refs/remotes/main [1ms]
[2022-10-23T07:27:58.908Z] > git for-each-ref --sort -committerdate --format %(refname) %(objectname) %(*objectname) [4ms]
[2022-10-23T07:27:58.909Z] > git remote --verbose [1ms]
[2022-10-23T07:27:58.918Z] > git config --get commit.template [4ms]
[2022-10-23T07:27:59.162Z] > git show --textconv :#teacher_list.txt# [4ms]
[2022-10-23T07:27:59.163Z] > git ls-files --stage -- /home/adt/cf/mksequenced/#teacher_list.txt# [2ms]
[2022-10-23T07:27:59.342Z] > git check-ignore -v -z --stdin [3ms]
[2022-10-23T07:28:05.505Z] > git status -z -uall [1ms]
[2022-10-23T07:28:05.514Z] > git symbolic-ref --short HEAD [2ms]
[2022-10-23T07:28:05.523Z] > git for-each-ref --format=%(refname)%00%(upstream:short)%00%(objectname)%00%(upstream:track)%00%(upstream:remotename)%00%(upstream:remoteref) refs/heads/main refs/remotes/main [2ms]
[2022-10-23T07:28:05.534Z] > git remote --verbose [1ms]
[2022-10-23T07:28:05.535Z] > git for-each-ref --sort -committerdate --format %(refname) %(objectname) %(*objectname) [7ms]
[2022-10-23T07:28:05.541Z] > git config --get commit.template [1ms]
[2022-10-23T07:35:39.039Z] > git status -z -uall [1ms]
[2022-10-23T07:35:39.043Z] > git symbolic-ref --short HEAD [1ms]
[2022-10-23T07:35:39.046Z] > git for-each-ref --format=%(refname)%00%(upstream:short)%00%(objectname)%00%(upstream:track)%00%(upstream:remotename)%00%(upstream:remoteref) refs/heads/main refs/remotes/main [1ms]
[2022-10-23T07:35:39.052Z] > git for-each-ref --sort -committerdate --format %(refname) %(objectname) %(*objectname) [3ms]
[2022-10-23T07:35:39.053Z] > git remote --verbose [1ms]
[2022-10-23T07:35:39.057Z] > git config --get commit.template [0ms]
[2022-10-23T07:41:07.482Z] > git status -z -uall [1ms]
[2022-10-23T07:41:07.489Z] > git symbolic-ref --short HEAD [2ms]
[2022-10-23T07:41:07.498Z] > git for-each-ref --format=%(refname)%00%(upstream:short)%00%(objectname)%00%(upstream:track)%00%(upstream:remotename)%00%(upstream:remoteref) refs/heads/main refs/remotes/main [2ms]
[2022-10-23T07:41:07.508Z] > git for-each-ref --sort -committerdate --format %(refname) %(objectname) %(*objectname) [6ms]
[2022-10-23T07:41:07.509Z] > git remote --verbose [2ms]
[2022-10-23T07:41:07.515Z] > git config --get commit.template [0ms]
[2022-10-23T17:49:34.091Z] > git status -z -uall [2ms]
[2022-10-23T17:49:34.099Z] > git symbolic-ref --short HEAD [2ms]
[2022-10-23T17:49:34.108Z] > git for-each-ref --format=%(refname)%00%(upstream:short)%00%(objectname)%00%(upstream:track)%00%(upstream:remotename)%00%(upstream:remoteref) refs/heads/main refs/remotes/main [2ms]
[2022-10-23T17:49:34.122Z] > git for-each-ref --sort -committerdate --format %(refname) %(objectname) %(*objectname) [7ms]
[2022-10-23T17:49:34.123Z] > git remote --verbose [2ms]
[2022-10-23T17:49:34.130Z] > git config --get commit.template [1ms]
[2022-10-23T18:01:55.645Z] > git status -z -uall [1ms]
[2022-10-23T18:01:55.649Z] > git symbolic-ref --short HEAD [0ms]
[2022-10-23T18:01:55.654Z] > git for-each-ref --format=%(refname)%00%(upstream:short)%00%(objectname)%00%(upstream:track)%00%(upstream:remotename)%00%(upstream:remoteref) refs/heads/main refs/remotes/main [1ms]
[2022-10-23T18:01:55.662Z] > git for-each-ref --sort -committerdate --format %(refname) %(objectname) %(*objectname) [5ms]
[2022-10-23T18:01:55.662Z] > git remote --verbose [1ms]
[2022-10-23T18:01:55.666Z] > git config --get commit.template [0ms]
