[2022-10-27T21:17:29.228Z] Log level: Info
[2022-10-27T21:17:29.228Z] [info] Validating found git in: git
[2022-10-27T21:17:29.236Z] [info] Using git 2.38.1 from git
[2022-10-27T21:17:29.247Z] > git rev-parse --show-toplevel [3ms]
[2022-10-27T21:17:29.256Z] > git rev-parse --git-dir --git-common-dir [3ms]
[2022-10-27T21:17:29.262Z] [info] Open repository: /home/adt/development/mkratings
[2022-10-27T21:17:29.272Z] > git rev-parse --show-toplevel [1ms]
[2022-10-27T21:17:29.276Z] > git rev-parse --show-toplevel [1ms]
[2022-10-27T21:17:29.306Z] > git status -z -uall [38ms]
[2022-10-27T21:17:29.310Z] > git symbolic-ref --short HEAD [0ms]
[2022-10-27T21:17:29.315Z] > git for-each-ref --format=%(refname)%00%(upstream:short)%00%(objectname)%00%(upstream:track)%00%(upstream:remotename)%00%(upstream:remoteref) refs/heads/main refs/remotes/main [2ms]
[2022-10-27T21:17:29.322Z] > git remote --verbose [1ms]
[2022-10-27T21:17:29.323Z] > git for-each-ref --sort -committerdate --format %(refname) %(objectname) %(*objectname) [5ms]
[2022-10-27T21:17:29.346Z] > git config --get commit.template [1ms]
[2022-10-27T21:17:29.355Z] > git status -z -uall [4ms]
[2022-10-27T21:17:29.444Z] > git symbolic-ref --short HEAD [85ms]
[2022-10-27T21:17:29.449Z] > git for-each-ref --format=%(refname)%00%(upstream:short)%00%(objectname)%00%(upstream:track)%00%(upstream:remotename)%00%(upstream:remoteref) refs/heads/main refs/remotes/main [1ms]
[2022-10-27T21:17:29.456Z] > git for-each-ref --sort -committerdate --format %(refname) %(objectname) %(*objectname) [4ms]
[2022-10-27T21:17:29.456Z] > git remote --verbose [1ms]
[2022-10-27T21:17:29.470Z] > git config --get commit.template [1ms]
[2022-10-27T21:17:29.811Z] > git check-ignore -v -z --stdin [3ms]
[2022-10-27T21:18:17.623Z] > git show --textconv :teacher_list.txt [9ms]
[2022-10-27T21:18:17.625Z] > git ls-files --stage -- /home/adt/development/mkratings/teacher_list.txt [3ms]
[2022-10-27T21:18:17.630Z] > git cat-file -s b0ae657c65cfe9092b399d3888ef24d564691c41 [1ms]
[2022-10-27T21:18:17.864Z] > git check-ignore -v -z --stdin [3ms]
[2022-10-27T21:23:31.399Z] > git ls-files --stage -- /home/adt/development/mkratings/views/login.ejs [1ms]
[2022-10-27T21:23:31.403Z] > git show --textconv :views/login.ejs [9ms]
[2022-10-27T21:23:31.403Z] > git cat-file -s 56efbdba61ff12f90f864930b9a85eac0259666d [0ms]
[2022-10-27T21:23:34.237Z] > git show --textconv :views/missing.ejs [11ms]
[2022-10-27T21:23:34.239Z] > git ls-files --stage -- /home/adt/development/mkratings/views/missing.ejs [4ms]
[2022-10-27T21:23:34.246Z] > git cat-file -s cf8e7bb8d1438d4313be0ed46262aaff0ff28460 [1ms]
[2022-10-27T21:23:46.776Z] > git show --textconv :teacher_list.txt [8ms]
[2022-10-27T21:23:46.778Z] > git ls-files --stage -- /home/adt/development/mkratings/teacher_list.txt [3ms]
[2022-10-27T21:23:46.786Z] > git cat-file -s b0ae657c65cfe9092b399d3888ef24d564691c41 [2ms]
[2022-10-27T21:24:37.798Z] > git status -z -uall [6ms]
[2022-10-27T21:24:37.802Z] > git symbolic-ref --short HEAD [1ms]
[2022-10-27T21:24:37.806Z] > git for-each-ref --format=%(refname)%00%(upstream:short)%00%(objectname)%00%(upstream:track)%00%(upstream:remotename)%00%(upstream:remoteref) refs/heads/main refs/remotes/main [1ms]
[2022-10-27T21:24:37.812Z] > git for-each-ref --sort -committerdate --format %(refname) %(objectname) %(*objectname) [3ms]
[2022-10-27T21:24:37.813Z] > git remote --verbose [1ms]
[2022-10-27T21:24:37.831Z] > git config --get commit.template [0ms]
[2022-10-27T21:35:07.730Z] > git show --textconv :teacher_list.txt [10ms]
[2022-10-27T21:35:07.732Z] > git ls-files --stage -- /home/adt/development/mkratings/teacher_list.txt [3ms]
[2022-10-27T21:35:07.741Z] > git cat-file -s b0ae657c65cfe9092b399d3888ef24d564691c41 [2ms]
[2022-10-27T21:35:09.800Z] > git show --textconv :teacher_list.txt [8ms]
[2022-10-27T21:35:09.801Z] > git ls-files --stage -- /home/adt/development/mkratings/teacher_list.txt [2ms]
[2022-10-27T21:35:09.807Z] > git cat-file -s b0ae657c65cfe9092b399d3888ef24d564691c41 [1ms]
[2022-10-27T21:59:48.294Z] > git status -z -uall [5ms]
[2022-10-27T21:59:48.298Z] > git symbolic-ref --short HEAD [1ms]
[2022-10-27T21:59:48.303Z] > git for-each-ref --format=%(refname)%00%(upstream:short)%00%(objectname)%00%(upstream:track)%00%(upstream:remotename)%00%(upstream:remoteref) refs/heads/main refs/remotes/main [1ms]
[2022-10-27T21:59:48.310Z] > git for-each-ref --sort -committerdate --format %(refname) %(objectname) %(*objectname) [3ms]
[2022-10-27T21:59:48.310Z] > git remote --verbose [1ms]
[2022-10-27T21:59:48.323Z] > git config --get commit.template [1ms]
[2022-10-27T21:59:49.628Z] > git show --textconv :views/about.ejs [5ms]
[2022-10-27T21:59:49.628Z] > git ls-files --stage -- /home/adt/development/mkratings/views/about.ejs [1ms]
[2022-10-27T21:59:49.633Z] > git cat-file -s 440b7b2cbbdf5d947f59406981885a8a69552ac5 [1ms]
[2022-10-27T21:59:50.281Z] > git ls-files --stage -- /home/adt/development/mkratings/views/index.ejs [1ms]
[2022-10-27T21:59:50.286Z] > git show --textconv :views/index.ejs [9ms]
[2022-10-27T21:59:50.286Z] > git cat-file -s bd00c821bc33af4a1898528ec0f6a4b6730ece71 [1ms]
[2022-10-27T21:59:51.371Z] > git show --textconv :views/login.ejs [9ms]
[2022-10-27T21:59:51.372Z] > git ls-files --stage -- /home/adt/development/mkratings/views/login.ejs [2ms]
[2022-10-27T21:59:51.380Z] > git cat-file -s 56efbdba61ff12f90f864930b9a85eac0259666d [1ms]
[2022-10-27T21:59:51.965Z] > git show --textconv :views/missing.ejs [10ms]
[2022-10-27T21:59:51.966Z] > git ls-files --stage -- /home/adt/development/mkratings/views/missing.ejs [2ms]
[2022-10-27T21:59:51.976Z] > git cat-file -s cf8e7bb8d1438d4313be0ed46262aaff0ff28460 [2ms]
[2022-10-27T21:59:53.015Z] > git show --textconv :views/login.ejs [10ms]
[2022-10-27T21:59:53.017Z] > git ls-files --stage -- /home/adt/development/mkratings/views/login.ejs [2ms]
[2022-10-27T21:59:53.024Z] > git cat-file -s 56efbdba61ff12f90f864930b9a85eac0259666d [1ms]
[2022-10-27T21:59:53.348Z] > git status -z -uall [14ms]
[2022-10-27T21:59:53.356Z] > git symbolic-ref --short HEAD [1ms]
[2022-10-27T21:59:53.363Z] > git for-each-ref --format=%(refname)%00%(upstream:short)%00%(objectname)%00%(upstream:track)%00%(upstream:remotename)%00%(upstream:remoteref) refs/heads/main refs/remotes/main [2ms]
[2022-10-27T21:59:53.373Z] > git for-each-ref --sort -committerdate --format %(refname) %(objectname) %(*objectname) [5ms]
[2022-10-27T21:59:53.374Z] > git remote --verbose [2ms]
[2022-10-27T21:59:53.390Z] > git config --get commit.template [1ms]
[2022-10-27T22:00:59.264Z] > git status -z -uall [9ms]
[2022-10-27T22:00:59.272Z] > git symbolic-ref --short HEAD [1ms]
[2022-10-27T22:00:59.279Z] > git for-each-ref --format=%(refname)%00%(upstream:short)%00%(objectname)%00%(upstream:track)%00%(upstream:remotename)%00%(upstream:remoteref) refs/heads/main refs/remotes/main [2ms]
[2022-10-27T22:00:59.289Z] > git for-each-ref --sort -committerdate --format %(refname) %(objectname) %(*objectname) [5ms]
[2022-10-27T22:00:59.289Z] > git remote --verbose [1ms]
[2022-10-27T22:00:59.308Z] > git config --get commit.template [1ms]
[2022-10-27T22:03:29.293Z] > git status -z -uall [5ms]
[2022-10-27T22:03:29.297Z] > git symbolic-ref --short HEAD [0ms]
[2022-10-27T22:03:29.301Z] > git for-each-ref --format=%(refname)%00%(upstream:short)%00%(objectname)%00%(upstream:track)%00%(upstream:remotename)%00%(upstream:remoteref) refs/heads/main refs/remotes/main [0ms]
[2022-10-27T22:03:29.310Z] > git remote --verbose [1ms]
[2022-10-27T22:03:29.310Z] > git for-each-ref --sort -committerdate --format %(refname) %(objectname) %(*objectname) [5ms]
[2022-10-27T22:03:29.327Z] > git config --get commit.template [2ms]
[2022-10-27T22:04:03.808Z] > git status -z -uall [7ms]
[2022-10-27T22:04:03.812Z] > git symbolic-ref --short HEAD [1ms]
[2022-10-27T22:04:03.816Z] > git for-each-ref --format=%(refname)%00%(upstream:short)%00%(objectname)%00%(upstream:track)%00%(upstream:remotename)%00%(upstream:remoteref) refs/heads/main refs/remotes/main [0ms]
[2022-10-27T22:04:03.824Z] > git for-each-ref --sort -committerdate --format %(refname) %(objectname) %(*objectname) [4ms]
[2022-10-27T22:04:03.824Z] > git remote --verbose [1ms]
[2022-10-27T22:04:03.838Z] > git config --get commit.template [1ms]
[2022-10-27T22:04:28.117Z] > git status -z -uall [5ms]
[2022-10-27T22:04:28.122Z] > git symbolic-ref --short HEAD [1ms]
[2022-10-27T22:04:28.126Z] > git for-each-ref --format=%(refname)%00%(upstream:short)%00%(objectname)%00%(upstream:track)%00%(upstream:remotename)%00%(upstream:remoteref) refs/heads/main refs/remotes/main [0ms]
[2022-10-27T22:04:28.135Z] > git for-each-ref --sort -committerdate --format %(refname) %(objectname) %(*objectname) [5ms]
[2022-10-27T22:04:28.136Z] > git remote --verbose [2ms]
[2022-10-27T22:04:28.154Z] > git config --get commit.template [5ms]
[2022-10-28T01:49:09.802Z] > git status -z -uall [9ms]
[2022-10-28T01:49:09.809Z] > git symbolic-ref --short HEAD [1ms]
[2022-10-28T01:49:09.817Z] > git for-each-ref --format=%(refname)%00%(upstream:short)%00%(objectname)%00%(upstream:track)%00%(upstream:remotename)%00%(upstream:remoteref) refs/heads/main refs/remotes/main [1ms]
[2022-10-28T01:49:09.829Z] > git for-each-ref --sort -committerdate --format %(refname) %(objectname) %(*objectname) [6ms]
[2022-10-28T01:49:09.830Z] > git remote --verbose [2ms]
[2022-10-28T01:49:09.844Z] > git config --get commit.template [0ms]
[2022-10-28T01:49:16.545Z] > git check-ignore -v -z --stdin [1ms]
[2022-10-28T01:49:17.073Z] > git show --textconv :views/css/style.css [5ms]
[2022-10-28T01:49:17.073Z] > git ls-files --stage -- /home/adt/development/mkratings/views/css/style.css [1ms]
[2022-10-28T01:49:17.078Z] > git cat-file -s e69de29bb2d1d6434b8b29ae775ad8c2e48c5391 [1ms]
[2022-10-28T01:49:40.320Z] > git status -z -uall [10ms]
[2022-10-28T01:49:40.330Z] > git symbolic-ref --short HEAD [2ms]
[2022-10-28T01:49:40.342Z] > git for-each-ref --format=%(refname)%00%(upstream:short)%00%(objectname)%00%(upstream:track)%00%(upstream:remotename)%00%(upstream:remoteref) refs/heads/main refs/remotes/main [2ms]
[2022-10-28T01:49:40.362Z] > git for-each-ref --sort -committerdate --format %(refname) %(objectname) %(*objectname) [10ms]
[2022-10-28T01:49:40.363Z] > git remote --verbose [3ms]
[2022-10-28T01:49:40.381Z] > git config --get commit.template [1ms]
[2022-10-28T01:50:30.838Z] > git status -z -uall [12ms]
[2022-10-28T01:50:30.846Z] > git symbolic-ref --short HEAD [1ms]
[2022-10-28T01:50:30.852Z] > git for-each-ref --format=%(refname)%00%(upstream:short)%00%(objectname)%00%(upstream:track)%00%(upstream:remotename)%00%(upstream:remoteref) refs/heads/main refs/remotes/main [1ms]
[2022-10-28T01:50:30.863Z] > git for-each-ref --sort -committerdate --format %(refname) %(objectname) %(*objectname) [5ms]
[2022-10-28T01:50:30.863Z] > git remote --verbose [1ms]
[2022-10-28T01:50:30.878Z] > git config --get commit.template [0ms]
[2022-10-28T01:50:39.099Z] > git show --textconv :views/login.ejs [5ms]
[2022-10-28T01:50:39.099Z] > git ls-files --stage -- /home/adt/development/mkratings/views/login.ejs [1ms]
[2022-10-28T01:50:39.104Z] > git cat-file -s 56efbdba61ff12f90f864930b9a85eac0259666d [1ms]
[2022-10-28T01:50:39.145Z] > git status -z -uall [5ms]
[2022-10-28T01:50:39.150Z] > git symbolic-ref --short HEAD [1ms]
[2022-10-28T01:50:39.155Z] > git for-each-ref --format=%(refname)%00%(upstream:short)%00%(objectname)%00%(upstream:track)%00%(upstream:remotename)%00%(upstream:remoteref) refs/heads/main refs/remotes/main [0ms]
[2022-10-28T01:50:39.164Z] > git remote --verbose [1ms]
[2022-10-28T01:50:39.165Z] > git for-each-ref --sort -committerdate --format %(refname) %(objectname) %(*objectname) [6ms]
[2022-10-28T01:50:39.197Z] > git config --get commit.template [13ms]
[2022-10-28T01:50:51.995Z] > git status -z -uall [7ms]
[2022-10-28T01:50:51.999Z] > git symbolic-ref --short HEAD [1ms]
[2022-10-28T01:50:52.004Z] > git for-each-ref --format=%(refname)%00%(upstream:short)%00%(objectname)%00%(upstream:track)%00%(upstream:remotename)%00%(upstream:remoteref) refs/heads/main refs/remotes/main [1ms]
[2022-10-28T01:50:52.012Z] > git for-each-ref --sort -committerdate --format %(refname) %(objectname) %(*objectname) [5ms]
[2022-10-28T01:50:52.012Z] > git remote --verbose [1ms]
[2022-10-28T01:50:52.027Z] > git config --get commit.template [2ms]
[2022-10-28T01:52:52.780Z] > git show --textconv :views/css/style.css [9ms]
[2022-10-28T01:52:52.781Z] > git ls-files --stage -- /home/adt/development/mkratings/views/css/style.css [2ms]
[2022-10-28T01:52:52.787Z] > git cat-file -s e69de29bb2d1d6434b8b29ae775ad8c2e48c5391 [1ms]
[2022-10-28T01:57:05.558Z] > git check-ignore -v -z --stdin [3ms]
[2022-10-28T01:57:24.392Z] > git check-ignore -v -z --stdin [3ms]
[2022-10-28T01:58:27.260Z] > git check-ignore -v -z --stdin [2ms]
[2022-10-28T01:58:55.227Z] > git status -z -uall [7ms]
[2022-10-28T01:58:55.232Z] > git symbolic-ref --short HEAD [1ms]
[2022-10-28T01:58:55.238Z] > git for-each-ref --format=%(refname)%00%(upstream:short)%00%(objectname)%00%(upstream:track)%00%(upstream:remotename)%00%(upstream:remoteref) refs/heads/main refs/remotes/main [1ms]
[2022-10-28T01:58:55.246Z] > git for-each-ref --sort -committerdate --format %(refname) %(objectname) %(*objectname) [5ms]
[2022-10-28T01:58:55.246Z] > git remote --verbose [1ms]
[2022-10-28T01:58:55.260Z] > git config --get commit.template [1ms]
[2022-10-28T01:59:00.284Z] > git status -z -uall [14ms]
[2022-10-28T01:59:00.294Z] > git symbolic-ref --short HEAD [1ms]
[2022-10-28T01:59:00.305Z] > git for-each-ref --format=%(refname)%00%(upstream:short)%00%(objectname)%00%(upstream:track)%00%(upstream:remotename)%00%(upstream:remoteref) refs/heads/main refs/remotes/main [3ms]
[2022-10-28T01:59:00.327Z] > git for-each-ref --sort -committerdate --format %(refname) %(objectname) %(*objectname) [13ms]
[2022-10-28T01:59:00.328Z] > git remote --verbose [4ms]
[2022-10-28T01:59:00.353Z] > git config --get commit.template [8ms]
[2022-10-28T01:59:26.695Z] > git status -z -uall [13ms]
[2022-10-28T01:59:26.705Z] > git symbolic-ref --short HEAD [1ms]
[2022-10-28T01:59:26.716Z] > git for-each-ref --format=%(refname)%00%(upstream:short)%00%(objectname)%00%(upstream:track)%00%(upstream:remotename)%00%(upstream:remoteref) refs/heads/main refs/remotes/main [2ms]
[2022-10-28T01:59:26.734Z] > git for-each-ref --sort -committerdate --format %(refname) %(objectname) %(*objectname) [9ms]
[2022-10-28T01:59:26.734Z] > git remote --verbose [1ms]
[2022-10-28T01:59:26.751Z] > git config --get commit.template [2ms]
[2022-10-28T01:59:35.666Z] > git show --textconv :views/login.ejs [6ms]
[2022-10-28T01:59:35.667Z] > git ls-files --stage -- /home/adt/development/mkratings/views/login.ejs [1ms]
[2022-10-28T01:59:35.672Z] > git cat-file -s 56efbdba61ff12f90f864930b9a85eac0259666d [1ms]
[2022-10-28T01:59:44.703Z] > git show --textconv :views/css/style.css [10ms]
[2022-10-28T01:59:44.704Z] > git ls-files --stage -- /home/adt/development/mkratings/views/css/style.css [2ms]
[2022-10-28T01:59:44.711Z] > git cat-file -s e69de29bb2d1d6434b8b29ae775ad8c2e48c5391 [1ms]
[2022-10-28T01:59:46.701Z] > git show --textconv :views/login.ejs [6ms]
[2022-10-28T01:59:46.703Z] > git ls-files --stage -- /home/adt/development/mkratings/views/login.ejs [2ms]
[2022-10-28T01:59:46.709Z] > git cat-file -s 56efbdba61ff12f90f864930b9a85eac0259666d [1ms]
[2022-10-28T02:00:12.114Z] > git status -z -uall [6ms]
[2022-10-28T02:00:12.119Z] > git symbolic-ref --short HEAD [1ms]
[2022-10-28T02:00:12.126Z] > git for-each-ref --format=%(refname)%00%(upstream:short)%00%(objectname)%00%(upstream:track)%00%(upstream:remotename)%00%(upstream:remoteref) refs/heads/main refs/remotes/main [2ms]
[2022-10-28T02:00:12.135Z] > git for-each-ref --sort -committerdate --format %(refname) %(objectname) %(*objectname) [5ms]
[2022-10-28T02:00:12.135Z] > git remote --verbose [1ms]
[2022-10-28T02:00:12.151Z] > git config --get commit.template [3ms]
[2022-10-28T02:00:29.197Z] > git status -z -uall [5ms]
[2022-10-28T02:00:29.202Z] > git symbolic-ref --short HEAD [1ms]
[2022-10-28T02:00:29.206Z] > git for-each-ref --format=%(refname)%00%(upstream:short)%00%(objectname)%00%(upstream:track)%00%(upstream:remotename)%00%(upstream:remoteref) refs/heads/main refs/remotes/main [1ms]
[2022-10-28T02:00:29.214Z] > git for-each-ref --sort -committerdate --format %(refname) %(objectname) %(*objectname) [4ms]
[2022-10-28T02:00:29.214Z] > git remote --verbose [1ms]
[2022-10-28T02:00:29.229Z] > git config --get commit.template [2ms]
[2022-10-28T02:00:56.385Z] > git show --textconv :views/css/style.css [11ms]
[2022-10-28T02:00:56.387Z] > git ls-files --stage -- /home/adt/development/mkratings/views/css/style.css [3ms]
[2022-10-28T02:00:56.397Z] > git cat-file -s e69de29bb2d1d6434b8b29ae775ad8c2e48c5391 [2ms]
[2022-10-28T02:01:51.166Z] > git show --textconv :views/login.ejs [4ms]
[2022-10-28T02:01:51.166Z] > git ls-files --stage -- /home/adt/development/mkratings/views/login.ejs [0ms]
[2022-10-28T02:01:51.171Z] > git cat-file -s 56efbdba61ff12f90f864930b9a85eac0259666d [1ms]
[2022-10-28T02:04:32.862Z] > git status -z -uall [5ms]
[2022-10-28T02:04:32.867Z] > git symbolic-ref --short HEAD [1ms]
[2022-10-28T02:04:32.872Z] > git for-each-ref --format=%(refname)%00%(upstream:short)%00%(objectname)%00%(upstream:track)%00%(upstream:remotename)%00%(upstream:remoteref) refs/heads/main refs/remotes/main [1ms]
[2022-10-28T02:04:32.880Z] > git for-each-ref --sort -committerdate --format %(refname) %(objectname) %(*objectname) [4ms]
[2022-10-28T02:04:32.881Z] > git remote --verbose [1ms]
[2022-10-28T02:04:32.894Z] > git config --get commit.template [1ms]
[2022-10-28T02:04:40.145Z] > git status -z -uall [5ms]
[2022-10-28T02:04:40.150Z] > git symbolic-ref --short HEAD [1ms]
[2022-10-28T02:04:40.155Z] > git for-each-ref --format=%(refname)%00%(upstream:short)%00%(objectname)%00%(upstream:track)%00%(upstream:remotename)%00%(upstream:remoteref) refs/heads/main refs/remotes/main [1ms]
[2022-10-28T02:04:40.163Z] > git for-each-ref --sort -committerdate --format %(refname) %(objectname) %(*objectname) [4ms]
[2022-10-28T02:04:40.163Z] > git remote --verbose [1ms]
[2022-10-28T02:04:40.179Z] > git config --get commit.template [1ms]
[2022-10-28T02:05:14.514Z] > git status -z -uall [6ms]
[2022-10-28T02:05:14.519Z] > git symbolic-ref --short HEAD [0ms]
[2022-10-28T02:05:14.524Z] > git for-each-ref --format=%(refname)%00%(upstream:short)%00%(objectname)%00%(upstream:track)%00%(upstream:remotename)%00%(upstream:remoteref) refs/heads/main refs/remotes/main [0ms]
[2022-10-28T02:05:14.533Z] > git for-each-ref --sort -committerdate --format %(refname) %(objectname) %(*objectname) [5ms]
[2022-10-28T02:05:14.534Z] > git remote --verbose [1ms]
[2022-10-28T02:05:14.551Z] > git config --get commit.template [2ms]
[2022-10-28T02:06:23.574Z] > git status -z -uall [5ms]
[2022-10-28T02:06:23.578Z] > git symbolic-ref --short HEAD [0ms]
[2022-10-28T02:06:23.583Z] > git for-each-ref --format=%(refname)%00%(upstream:short)%00%(objectname)%00%(upstream:track)%00%(upstream:remotename)%00%(upstream:remoteref) refs/heads/main refs/remotes/main [1ms]
[2022-10-28T02:06:23.591Z] > git for-each-ref --sort -committerdate --format %(refname) %(objectname) %(*objectname) [4ms]
[2022-10-28T02:06:23.591Z] > git remote --verbose [1ms]
[2022-10-28T02:06:23.603Z] > git config --get commit.template [0ms]
[2022-10-28T02:06:28.619Z] > git status -z -uall [5ms]
[2022-10-28T02:06:28.625Z] > git symbolic-ref --short HEAD [1ms]
[2022-10-28T02:06:28.633Z] > git for-each-ref --format=%(refname)%00%(upstream:short)%00%(objectname)%00%(upstream:track)%00%(upstream:remotename)%00%(upstream:remoteref) refs/heads/main refs/remotes/main [1ms]
[2022-10-28T02:06:28.646Z] > git for-each-ref --sort -committerdate --format %(refname) %(objectname) %(*objectname) [7ms]
[2022-10-28T02:06:28.646Z] > git remote --verbose [1ms]
[2022-10-28T02:06:28.660Z] > git config --get commit.template [0ms]
