2023-01-24 08:38:53.199 [info] Log level: Info
2023-01-24 08:38:53.199 [info] Validating found git in: "git"
2023-01-24 08:38:53.199 [info] Using git "2.39.0" from "git"
2023-01-24 08:38:53.200 [info] > git rev-parse --show-toplevel [4ms]
2023-01-24 08:38:53.200 [info] > git rev-parse --git-dir --git-common-dir [1ms]
2023-01-24 08:38:53.200 [info] Open repository: /home/adt/development/mkratings
2023-01-24 08:38:53.200 [info] > git rev-parse --show-toplevel [95ms]
2023-01-24 08:38:53.200 [info] > git rev-parse --show-toplevel [163ms]
2023-01-24 08:38:53.200 [info] > git config --get commit.template [177ms]
2023-01-24 08:38:53.200 [info] > git rev-parse --git-dir --git-common-dir [186ms]
2023-01-24 08:38:53.200 [info] Open repository: /home/adt/development/mkratings/client
2023-01-24 08:38:53.280 [info] > git rev-parse --show-toplevel [83ms]
2023-01-24 08:38:53.384 [info] > git rev-parse --show-toplevel [98ms]
2023-01-24 08:38:53.387 [info] > git config --get commit.template [120ms]
2023-01-24 08:38:53.387 [info] > git for-each-ref --format=%(refname)%00%(upstream:short)%00%(objectname)%00%(upstream:track)%00%(upstream:remotename)%00%(upstream:remoteref) refs/heads/main refs/remotes/main [129ms]
2023-01-24 08:38:53.448 [info] > git status -z -uall [52ms]
2023-01-24 08:38:53.448 [info] > git show --textconv :server/server.js [37ms]
2023-01-24 08:38:53.448 [info] > git ls-files --stage -- /home/adt/development/mkratings/server/server.js [25ms]
2023-01-24 08:38:53.452 [info] > git for-each-ref --sort -committerdate --format %(refname) %(objectname) %(*objectname) [49ms]
2023-01-24 08:38:53.469 [warning] No remotes found in the git config file.
2023-01-24 08:38:53.590 [info] > git remote --verbose [121ms]
2023-01-24 08:38:53.590 [info] > git for-each-ref --format=%(refname)%00%(upstream:short)%00%(objectname)%00%(upstream:track)%00%(upstream:remotename)%00%(upstream:remoteref) refs/heads/master refs/remotes/master [129ms]
2023-01-24 08:38:54.099 [info] > git status -z -uall [500ms]
2023-01-24 08:38:54.105 [info] > git for-each-ref --sort -committerdate --format %(refname) %(objectname) %(*objectname) [498ms]
2023-01-24 08:38:54.154 [info] > git check-ignore -v -z --stdin [36ms]
2023-01-24 08:38:54.155 [info] > git check-ignore -v -z --stdin [29ms]
2023-01-24 08:38:54.156 [info] > git config --get commit.template [11ms]
2023-01-24 08:38:54.208 [warning] No remotes found in the git config file.
2023-01-24 08:38:54.214 [info] > git remote --verbose [5ms]
2023-01-24 08:38:54.214 [info] > git for-each-ref --format=%(refname)%00%(upstream:short)%00%(objectname)%00%(upstream:track)%00%(upstream:remotename)%00%(upstream:remoteref) refs/heads/master refs/remotes/master [12ms]
2023-01-24 08:38:54.230 [info] > git status -z -uall [9ms]
2023-01-24 08:38:54.256 [info] > git for-each-ref --sort -committerdate --format %(refname) %(objectname) %(*objectname) [26ms]
2023-01-24 08:39:08.946 [info] Log level: Info
2023-01-24 08:39:08.946 [info] Validating found git in: "git"
2023-01-24 08:39:08.946 [info] Using git "2.39.0" from "git"
2023-01-24 08:39:08.946 [info] > git rev-parse --show-toplevel [3ms]
2023-01-24 08:39:08.946 [info] > git rev-parse --git-dir --git-common-dir [401ms]
2023-01-24 08:39:08.946 [info] Open repository: /home/adt/development/MapGraph
2023-01-24 08:39:08.946 [info] > git rev-parse --show-toplevel [39ms]
2023-01-24 08:39:08.946 [info] > git rev-parse --show-toplevel [69ms]
2023-01-24 08:39:08.946 [info] > git config --get commit.template [77ms]
2023-01-24 08:39:09.059 [info] > git for-each-ref --format=%(refname)%00%(upstream:short)%00%(objectname)%00%(upstream:track)%00%(upstream:remotename)%00%(upstream:remoteref) refs/heads/main refs/remotes/main [16ms]
2023-01-24 08:39:09.081 [info] > git status -z -uall [15ms]
2023-01-24 08:39:09.082 [info] > git for-each-ref --sort -committerdate --format %(refname) %(objectname) %(*objectname) [9ms]
2023-01-24 08:39:09.099 [info] > git config --get commit.template [5ms]
2023-01-24 08:39:09.154 [info] > git for-each-ref --format=%(refname)%00%(upstream:short)%00%(objectname)%00%(upstream:track)%00%(upstream:remotename)%00%(upstream:remoteref) refs/heads/main refs/remotes/main [31ms]
2023-01-24 08:39:09.169 [info] > git status -z -uall [8ms]
2023-01-24 08:39:09.170 [info] > git for-each-ref --sort -committerdate --format %(refname) %(objectname) %(*objectname) [2ms]
2023-01-24 08:39:09.378 [info] > git check-ignore -v -z --stdin [3ms]
2023-01-24 08:39:10.411 [info] > git check-ignore -v -z --stdin [2ms]
2023-01-24 08:39:12.579 [info] > git show --textconv :dist/calculator.html [24ms]
2023-01-24 08:39:12.579 [info] > git ls-files --stage -- /home/adt/development/MapGraph/dist/calculator.html [13ms]
2023-01-24 08:39:12.604 [info] > git cat-file -s 6938898542c2449c8359f2458f12bf9be834b124 [16ms]
2023-01-24 08:43:49.312 [info] > git check-ignore -v -z --stdin [2ms]
2023-01-24 08:43:49.693 [info] > git show --textconv :.gitattributes [10ms]
2023-01-24 08:43:49.695 [info] > git ls-files --stage -- /home/adt/development/MapGraph/.gitattributes [2ms]
2023-01-24 08:43:49.706 [info] > git cat-file -s dfe0770424b2a19faf507a501ebfc23be8f54e7b [2ms]
2023-01-24 08:43:50.420 [info] > git show --textconv :scss/main.scss [7ms]
2023-01-24 08:43:50.421 [info] > git ls-files --stage -- /home/adt/development/MapGraph/scss/main.scss [1ms]
2023-01-24 08:43:50.431 [info] > git cat-file -s 6b8eb3e3d56327323af4f8ec0980ff16fde7633d [2ms]
2023-01-24 08:43:53.005 [info] > git config --get commit.template [2ms]
2023-01-24 08:43:53.020 [info] > git for-each-ref --format=%(refname)%00%(upstream:short)%00%(objectname)%00%(upstream:track)%00%(upstream:remotename)%00%(upstream:remoteref) refs/heads/main refs/remotes/main [3ms]
2023-01-24 08:43:53.061 [info] > git status -z -uall [28ms]
2023-01-24 08:43:53.061 [info] > git check-ignore -v -z --stdin [2ms]
2023-01-24 08:43:53.063 [info] > git for-each-ref --sort -committerdate --format %(refname) %(objectname) %(*objectname) [17ms]
2023-01-24 08:43:55.307 [info] > git show --textconv :dist/calculator.html [16ms]
2023-01-24 08:43:55.309 [info] > git ls-files --stage -- /home/adt/development/MapGraph/dist/calculator.html [4ms]
2023-01-24 08:43:55.339 [info] > git cat-file -s 6938898542c2449c8359f2458f12bf9be834b124 [17ms]
2023-01-24 08:43:58.343 [info] > git show --textconv :scss/main.scss [16ms]
2023-01-24 08:43:58.370 [info] > git ls-files --stage -- /home/adt/development/MapGraph/scss/main.scss [10ms]
2023-01-24 08:43:58.384 [info] > git cat-file -s 6b8eb3e3d56327323af4f8ec0980ff16fde7633d [2ms]
2023-01-24 08:43:59.932 [info] > git show --textconv :scss/main.css.map [7ms]
2023-01-24 08:43:59.933 [info] > git ls-files --stage -- /home/adt/development/MapGraph/scss/main.css.map [1ms]
2023-01-24 08:44:02.724 [info] > git show --textconv :scss/main.scss [30ms]
2023-01-24 08:44:02.725 [info] > git ls-files --stage -- /home/adt/development/MapGraph/scss/main.scss [17ms]
2023-01-24 08:44:02.743 [info] > git cat-file -s 6b8eb3e3d56327323af4f8ec0980ff16fde7633d [5ms]
2023-01-24 08:44:09.313 [info] > git show --textconv :main.scss [15ms]
2023-01-24 08:44:09.319 [info] > git ls-files --stage -- /home/adt/development/MapGraph/main.scss [7ms]
2023-01-24 08:44:09.558 [info] > git check-ignore -v -z --stdin [3ms]
2023-01-24 08:44:10.093 [info] > git config --get commit.template [2ms]
2023-01-24 08:44:10.109 [info] > git for-each-ref --format=%(refname)%00%(upstream:short)%00%(objectname)%00%(upstream:track)%00%(upstream:remotename)%00%(upstream:remoteref) refs/heads/main refs/remotes/main [3ms]
2023-01-24 08:44:10.139 [info] > git status -z -uall [14ms]
2023-01-24 08:44:10.141 [info] > git for-each-ref --sort -committerdate --format %(refname) %(objectname) %(*objectname) [4ms]
2023-01-24 08:44:21.705 [info] > git config --get commit.template [2ms]
2023-01-24 08:44:21.723 [info] > git for-each-ref --format=%(refname)%00%(upstream:short)%00%(objectname)%00%(upstream:track)%00%(upstream:remotename)%00%(upstream:remoteref) refs/heads/main refs/remotes/main [3ms]
2023-01-24 08:44:21.751 [info] > git status -z -uall [14ms]
2023-01-24 08:44:21.754 [info] > git for-each-ref --sort -committerdate --format %(refname) %(objectname) %(*objectname) [3ms]
2023-01-24 08:54:23.018 [info] > git show --textconv :dist/index.html [16ms]
2023-01-24 08:54:23.022 [info] > git ls-files --stage -- /home/adt/development/MapGraph/dist/index.html [4ms]
2023-01-24 08:54:23.067 [info] > git cat-file -s 895d8a3d16b0c578ced6303a1630fb7c82182b13 [30ms]
2023-01-24 08:54:37.404 [info] > git show --textconv :main.scss [21ms]
2023-01-24 08:54:37.405 [info] > git ls-files --stage -- /home/adt/development/MapGraph/main.scss [8ms]
2023-01-24 08:54:45.444 [info] > git config --get commit.template [16ms]
2023-01-24 08:54:45.445 [info] > git for-each-ref --format=%(refname)%00%(upstream:short)%00%(objectname)%00%(upstream:track)%00%(upstream:remotename)%00%(upstream:remoteref) refs/heads/main refs/remotes/main [4ms]
2023-01-24 08:54:45.473 [info] > git status -z -uall [15ms]
2023-01-24 08:54:45.476 [info] > git for-each-ref --sort -committerdate --format %(refname) %(objectname) %(*objectname) [5ms]
2023-01-24 08:56:54.421 [info] > git config --get commit.template [14ms]
2023-01-24 08:56:54.422 [info] > git for-each-ref --format=%(refname)%00%(upstream:short)%00%(objectname)%00%(upstream:track)%00%(upstream:remotename)%00%(upstream:remoteref) refs/heads/main refs/remotes/main [3ms]
2023-01-24 08:56:54.449 [info] > git status -z -uall [14ms]
2023-01-24 08:56:54.451 [info] > git for-each-ref --sort -committerdate --format %(refname) %(objectname) %(*objectname) [2ms]
2023-01-24 08:57:25.331 [info] > git config --get commit.template [16ms]
2023-01-24 08:57:25.334 [info] > git for-each-ref --format=%(refname)%00%(upstream:short)%00%(objectname)%00%(upstream:track)%00%(upstream:remotename)%00%(upstream:remoteref) refs/heads/main refs/remotes/main [5ms]
2023-01-24 08:57:25.360 [info] > git status -z -uall [12ms]
2023-01-24 08:57:25.362 [info] > git for-each-ref --sort -committerdate --format %(refname) %(objectname) %(*objectname) [3ms]
2023-01-24 08:57:46.681 [info] > git show --textconv :dist/index.html [32ms]
2023-01-24 08:57:46.681 [info] > git ls-files --stage -- /home/adt/development/MapGraph/dist/index.html [18ms]
2023-01-24 08:57:46.698 [info] > git cat-file -s 895d8a3d16b0c578ced6303a1630fb7c82182b13 [4ms]
2023-01-24 08:58:01.023 [info] > git check-ignore -v -z --stdin [4ms]
2023-01-24 08:58:04.402 [info] > git show --textconv :dist/css/main.css [10ms]
2023-01-24 08:58:04.403 [info] > git ls-files --stage -- /home/adt/development/MapGraph/dist/css/main.css [2ms]
2023-01-24 08:58:04.427 [info] > git cat-file -s c589bb60630fbffac63aeb10005f75d16dd3ff0a [15ms]
2023-01-24 09:00:35.615 [info] > git config --get commit.template [17ms]
2023-01-24 09:00:35.617 [info] > git for-each-ref --format=%(refname)%00%(upstream:short)%00%(objectname)%00%(upstream:track)%00%(upstream:remotename)%00%(upstream:remoteref) refs/heads/main refs/remotes/main [3ms]
2023-01-24 09:00:35.648 [info] > git status -z -uall [16ms]
2023-01-24 09:00:35.650 [info] > git for-each-ref --sort -committerdate --format %(refname) %(objectname) %(*objectname) [3ms]
2023-01-24 09:01:16.838 [info] > git config --get commit.template [18ms]
2023-01-24 09:01:16.839 [info] > git for-each-ref --format=%(refname)%00%(upstream:short)%00%(objectname)%00%(upstream:track)%00%(upstream:remotename)%00%(upstream:remoteref) refs/heads/main refs/remotes/main [3ms]
2023-01-24 09:01:16.872 [info] > git status -z -uall [16ms]
2023-01-24 09:01:16.874 [info] > git for-each-ref --sort -committerdate --format %(refname) %(objectname) %(*objectname) [3ms]
2023-01-24 09:01:23.545 [info] > git config --get commit.template [18ms]
2023-01-24 09:01:23.546 [info] > git for-each-ref --format=%(refname)%00%(upstream:short)%00%(objectname)%00%(upstream:track)%00%(upstream:remotename)%00%(upstream:remoteref) refs/heads/main refs/remotes/main [2ms]
2023-01-24 09:01:23.574 [info] > git status -z -uall [17ms]
2023-01-24 09:01:23.576 [info] > git for-each-ref --sort -committerdate --format %(refname) %(objectname) %(*objectname) [4ms]
2023-01-24 09:06:40.019 [info] > git config --get commit.template [6ms]
2023-01-24 09:06:40.048 [info] > git for-each-ref --format=%(refname)%00%(upstream:short)%00%(objectname)%00%(upstream:track)%00%(upstream:remotename)%00%(upstream:remoteref) refs/heads/main refs/remotes/main [4ms]
2023-01-24 09:06:40.071 [info] > git status -z -uall [10ms]
2023-01-24 09:06:40.072 [info] > git for-each-ref --sort -committerdate --format %(refname) %(objectname) %(*objectname) [2ms]
2023-01-24 09:06:53.639 [info] > git show --textconv :dist/css/main.css [40ms]
2023-01-24 09:06:53.639 [info] > git ls-files --stage -- /home/adt/development/MapGraph/dist/css/main.css [22ms]
2023-01-24 09:06:53.667 [info] > git cat-file -s c589bb60630fbffac63aeb10005f75d16dd3ff0a [7ms]
2023-01-24 09:07:04.815 [info] > git show --textconv :dist/index.html [10ms]
2023-01-24 09:07:04.818 [info] > git ls-files --stage -- /home/adt/development/MapGraph/dist/index.html [4ms]
2023-01-24 09:07:04.829 [info] > git cat-file -s 895d8a3d16b0c578ced6303a1630fb7c82182b13 [2ms]
2023-01-24 09:07:17.835 [info] > git show --textconv :dist/calculator.html [11ms]
2023-01-24 09:07:17.836 [info] > git ls-files --stage -- /home/adt/development/MapGraph/dist/calculator.html [4ms]
2023-01-24 09:07:17.871 [info] > git cat-file -s 6938898542c2449c8359f2458f12bf9be834b124 [20ms]
2023-01-24 09:19:07.985 [info] > git config --get commit.template [1ms]
2023-01-24 09:19:07.994 [info] > git for-each-ref --format=%(refname)%00%(upstream:short)%00%(objectname)%00%(upstream:track)%00%(upstream:remotename)%00%(upstream:remoteref) refs/heads/main refs/remotes/main [1ms]
2023-01-24 09:19:08.011 [info] > git status -z -uall [9ms]
2023-01-24 09:19:08.013 [info] > git for-each-ref --sort -committerdate --format %(refname) %(objectname) %(*objectname) [2ms]
2023-01-24 09:19:50.731 [info] > git config --get commit.template [14ms]
2023-01-24 09:19:50.731 [info] > git for-each-ref --format=%(refname)%00%(upstream:short)%00%(objectname)%00%(upstream:track)%00%(upstream:remotename)%00%(upstream:remoteref) refs/heads/main refs/remotes/main [1ms]
2023-01-24 09:19:50.748 [info] > git status -z -uall [8ms]
2023-01-24 09:19:50.748 [info] > git for-each-ref --sort -committerdate --format %(refname) %(objectname) %(*objectname) [1ms]
2023-01-24 12:54:50.952 [info] > git config --get commit.template [17ms]
2023-01-24 12:54:50.953 [info] > git for-each-ref --format=%(refname)%00%(upstream:short)%00%(objectname)%00%(upstream:track)%00%(upstream:remotename)%00%(upstream:remoteref) refs/heads/main refs/remotes/main [3ms]
2023-01-24 12:54:50.973 [info] > git status -z -uall [10ms]
2023-01-24 12:54:50.974 [info] > git for-each-ref --sort -committerdate --format %(refname) %(objectname) %(*objectname) [3ms]
2023-01-24 12:58:03.368 [info] > git check-ignore -v -z --stdin [2ms]
2023-01-24 13:01:13.014 [info] > git show --textconv :dist/js/index.js [22ms]
2023-01-24 13:01:13.014 [info] > git ls-files --stage -- /home/adt/development/MapGraph/dist/js/index.js [13ms]
2023-01-24 13:01:13.027 [info] > git cat-file -s d95d74744d145489943bd4ba78adf9c1cc92df5d [2ms]
