2023-01-24 07:47:20.268 [info] Added views:workbench.panel.markers.view in workbench.panel.markers
2023-01-24 07:47:20.268 [info] Added views:workbench.panel.output in workbench.panel.output
2023-01-24 07:47:20.268 [info] Added views:terminal in terminal
2023-01-24 07:47:20.268 [info] Added views:outline in workbench.view.explorer
2023-01-24 07:47:20.268 [info] Added views:workbench.scm in workbench.view.scm
2023-01-24 07:47:20.268 [info] Added views:workbench.view.search in workbench.view.search
2023-01-24 07:47:20.268 [info] Added views:timeline in workbench.view.explorer
2023-01-24 07:47:20.268 [info] Added views:workbench.explorer.fileView in workbench.view.explorer
2023-01-24 07:47:21.097 [info] Added views:workbench.debug.welcome in workbench.view.debug
2023-01-24 07:47:24.015 [info] Added views:gitlens.views.home in workbench.view.extension.gitlens
2023-01-24 07:47:24.021 [info] Added views:gitlens.views.commits,gitlens.views.commitDetails,gitlens.views.fileHistory,gitlens.views.branches,gitlens.views.remotes,gitlens.views.stashes,gitlens.views.tags,gitlens.views.searchAndCompare in workbench.view.scm
2023-01-24 07:47:25.057 [info] Added views:workbench.panel.repl.view in workbench.panel.repl
2023-01-24 07:47:26.925 [info] Added views:workbench.views.extensions.installed,workbench.views.extensions.popular,extensions.recommendedList in workbench.view.extensions
2023-01-24 07:47:26.934 [info] Removed views:workbench.views.extensions.popular from workbench.view.extensions
2023-01-24 07:47:40.760 [info] Added views:gitlens.views.timeline in workbench.view.extension.gitlensPanel
2023-01-24 07:47:40.766 [info] Added views:gitlens.views.worktrees in workbench.view.scm
2023-01-24 07:47:48.747 [info] Removed views:extensions.recommendedList,workbench.views.extensions.installed from workbench.view.extensions
2023-01-24 07:47:48.954 [info] Added views:workbench.views.extensions.marketplace in workbench.view.extensions
2023-01-24 07:47:50.880 [info] Removed views:workbench.views.extensions.marketplace from workbench.view.extensions
2023-01-24 07:47:50.963 [info] Added views:workbench.views.extensions.installed,extensions.recommendedList in workbench.view.extensions
2023-01-24 07:47:52.031 [info] Removed views:extensions.recommendedList,workbench.views.extensions.installed from workbench.view.extensions
2023-01-24 07:47:52.092 [info] Added views:workbench.views.extensions.marketplace in workbench.view.extensions
2023-01-24 07:47:53.239 [info] Removed views:workbench.panel.repl.view from workbench.panel.repl
2023-01-24 07:47:53.331 [info] Added views:workbench.panel.repl.view in workbench.panel.repl
2023-01-24 07:48:34.102 [info] Removed views:workbench.views.extensions.marketplace from workbench.view.extensions
2023-01-24 07:48:34.151 [info] Added views:workbench.views.extensions.installed,extensions.recommendedList in workbench.view.extensions
2023-01-24 07:48:50.407 [info] Added views:workbench.panel.markers.view in workbench.panel.markers
2023-01-24 07:48:50.407 [info] Added views:workbench.panel.output in workbench.panel.output
2023-01-24 07:48:50.407 [info] Added views:terminal in terminal
2023-01-24 07:48:50.407 [info] Added views:outline in workbench.view.explorer
2023-01-24 07:48:50.407 [info] Added views:workbench.scm in workbench.view.scm
2023-01-24 07:48:50.407 [info] Added views:workbench.view.search in workbench.view.search
2023-01-24 07:48:50.407 [info] Added views:timeline in workbench.view.explorer
2023-01-24 07:48:50.407 [info] Added views:workbench.explorer.fileView in workbench.view.explorer
2023-01-24 07:48:50.741 [info] Added views:workbench.debug.welcome in workbench.view.debug
2023-01-24 07:48:50.962 [info] Added views:workbench.views.extensions.installed,extensions.recommendedList in workbench.view.extensions
2023-01-24 07:48:53.558 [info] Added views:gitlens.views.home in workbench.view.extension.gitlens
2023-01-24 07:48:53.569 [info] Added views:gitlens.views.commits,gitlens.views.commitDetails,gitlens.views.fileHistory,gitlens.views.branches,gitlens.views.remotes,gitlens.views.stashes,gitlens.views.tags,gitlens.views.searchAndCompare in workbench.view.scm
2023-01-24 07:48:55.296 [info] Added views:workbench.panel.repl.view in workbench.panel.repl
2023-01-24 07:48:59.355 [info] Removed views:extensions.recommendedList,workbench.views.extensions.installed from workbench.view.extensions
2023-01-24 07:48:59.532 [info] Added views:workbench.views.extensions.marketplace in workbench.view.extensions
2023-01-24 07:49:09.148 [info] Added views:gitlens.views.timeline in workbench.view.extension.gitlensPanel
2023-01-24 07:49:09.157 [info] Added views:gitlens.views.worktrees in workbench.view.scm
2023-01-24 07:49:09.356 [info] Removed views:workbench.views.extensions.marketplace from workbench.view.extensions
2023-01-24 07:49:09.425 [info] Added views:workbench.views.extensions.installed,extensions.recommendedList in workbench.view.extensions
2023-01-24 07:49:11.859 [info] Removed views:extensions.recommendedList,workbench.views.extensions.installed from workbench.view.extensions
2023-01-24 07:49:12.023 [info] Added views:workbench.views.extensions.marketplace in workbench.view.extensions
2023-01-24 07:49:29.498 [info] Removed views:workbench.views.extensions.marketplace from workbench.view.extensions
2023-01-24 07:49:29.544 [info] Added views:workbench.views.extensions.installed,extensions.recommendedList in workbench.view.extensions
2023-01-24 07:49:31.643 [info] Removed views:extensions.recommendedList,workbench.views.extensions.installed from workbench.view.extensions
2023-01-24 07:49:31.789 [info] Added views:workbench.views.extensions.marketplace in workbench.view.extensions
2023-01-24 07:49:32.362 [info] Removed views:workbench.views.extensions.marketplace from workbench.view.extensions
2023-01-24 07:49:32.373 [info] Added views:workbench.views.extensions.installed,extensions.recommendedList in workbench.view.extensions
2023-01-24 07:49:33.812 [info] Removed views:extensions.recommendedList,workbench.views.extensions.installed from workbench.view.extensions
2023-01-24 07:49:33.953 [info] Added views:workbench.views.extensions.marketplace in workbench.view.extensions
2023-01-24 07:49:47.427 [info] Removed views:workbench.views.extensions.marketplace from workbench.view.extensions
2023-01-24 07:49:47.495 [info] Added views:workbench.views.extensions.installed,extensions.recommendedList in workbench.view.extensions
2023-01-24 07:49:48.965 [info] Removed views:extensions.recommendedList,workbench.views.extensions.installed from workbench.view.extensions
2023-01-24 07:49:49.076 [info] Added views:workbench.views.extensions.marketplace in workbench.view.extensions
2023-01-24 07:50:18.520 [info] Removed views:workbench.views.extensions.marketplace from workbench.view.extensions
2023-01-24 07:50:18.553 [info] Added views:workbench.views.extensions.installed,extensions.recommendedList in workbench.view.extensions
