2023-01-24 07:47:42.027 [info] Reading sessions from keychain...
2023-01-24 07:47:42.027 [info] Getting sessions for user:email...
2023-01-24 07:47:42.027 [info] Got 0 sessions for user:email...
2023-01-24 07:47:42.027 [info] Getting sessions for all scopes...
2023-01-24 07:47:42.028 [info] Got 0 sessions for ...
2023-01-24 07:47:55.910 [info] Reading sessions from keychain...
2023-01-24 07:47:55.910 [info] Getting sessions for all scopes...
2023-01-24 07:47:55.910 [info] Got 0 sessions for ...
2023-01-24 07:47:55.910 [info] Getting sessions for user:email...
2023-01-24 07:47:55.910 [info] Got 0 sessions for user:email...
2023-01-24 07:48:12.368 [info] Getting sessions for all scopes...
2023-01-24 07:48:12.368 [info] Got 0 sessions for ...
2023-01-24 07:48:13.087 [info] Getting sessions for read:user,repo,user:email...
2023-01-24 07:48:13.088 [info] Got 0 sessions for read:user,repo,user:email...
2023-01-24 07:49:14.030 [info] Reading sessions from keychain...
2023-01-24 07:49:14.030 [info] Getting sessions for user:email...
2023-01-24 07:49:14.030 [info] Got 0 sessions for user:email...
2023-01-24 07:49:14.030 [info] Getting sessions for all scopes...
2023-01-24 07:49:14.030 [info] Got 0 sessions for ...
2023-01-24 07:49:15.217 [info] Getting sessions for read:user,repo,user:email...
2023-01-24 07:49:15.217 [info] Got 0 sessions for read:user,repo,user:email...
