2023-02-24 09:00:58.927 [info] Log level: Info
2023-02-24 09:00:58.927 [info] Validating found git in: "git"
2023-02-24 09:00:58.927 [info] Using git "2.39.1" from "git"
2023-02-24 09:00:58.927 [info] > git rev-parse --show-toplevel [26ms]
2023-02-24 09:00:58.927 [info] > git rev-parse --git-dir --git-common-dir [8ms]
2023-02-24 09:00:58.927 [info] Open repository: /home/adt/dotfiles/.config
2023-02-24 09:00:58.927 [info] > git rev-parse --show-toplevel [35ms]
2023-02-24 09:00:58.927 [info] > git rev-parse --show-toplevel [56ms]
2023-02-24 09:00:58.927 [info] > git config --get commit.template [106ms]
2023-02-24 09:00:58.927 [info] > git rev-parse --show-toplevel [347ms]
2023-02-24 09:00:58.927 [info] > git rev-parse --show-toplevel [391ms]
2023-02-24 09:00:58.938 [info] > git rev-parse --show-toplevel [119ms]
2023-02-24 09:00:58.984 [info] > git for-each-ref --format=%(refname)%00%(upstream:short)%00%(objectname)%00%(upstream:track)%00%(upstream:remotename)%00%(upstream:remoteref) refs/heads/main refs/remotes/main [244ms]
2023-02-24 09:00:59.216 [info] > git status -z -uall [200ms]
2023-02-24 09:00:59.217 [info] > git check-ignore -v -z --stdin [70ms]
2023-02-24 09:00:59.224 [info] > git for-each-ref --sort -committerdate --format %(refname) %(objectname) %(*objectname) [174ms]
2023-02-24 09:00:59.228 [info] > git rev-parse --show-toplevel [256ms]
2023-02-24 09:00:59.289 [info] > git rev-parse --show-toplevel [37ms]
2023-02-24 09:01:01.614 [info] > git rev-parse --show-toplevel [2301ms]
2023-02-24 09:01:01.679 [info] > git rev-parse --show-toplevel [46ms]
2023-02-24 09:01:01.700 [info] > git config --get commit.template [92ms]
2023-02-24 09:01:01.820 [info] > git rev-parse --show-toplevel [124ms]
2023-02-24 09:01:01.959 [info] > git rev-parse --show-toplevel [116ms]
2023-02-24 09:01:01.986 [info] > git for-each-ref --format=%(refname)%00%(upstream:short)%00%(objectname)%00%(upstream:track)%00%(upstream:remotename)%00%(upstream:remoteref) refs/heads/main refs/remotes/main [31ms]
2023-02-24 09:01:02.092 [info] > git status -z -uall [88ms]
2023-02-24 09:01:02.093 [info] > git for-each-ref --sort -committerdate --format %(refname) %(objectname) %(*objectname) [68ms]
2023-02-24 09:01:02.098 [info] > git rev-parse --show-toplevel [116ms]
2023-02-24 09:01:02.299 [info] > git rev-parse --show-toplevel [182ms]
2023-02-24 09:01:04.677 [info] > git rev-parse --show-toplevel [2344ms]
2023-02-24 09:01:04.861 [info] > git rev-parse --show-toplevel [167ms]
2023-02-24 09:01:04.975 [info] > git rev-parse --show-toplevel [97ms]
2023-02-24 09:01:05.095 [info] > git rev-parse --show-toplevel [104ms]
2023-02-24 09:01:05.121 [info] > git rev-parse --show-toplevel [7ms]
2023-02-24 09:01:05.143 [info] > git rev-parse --show-toplevel [5ms]
2023-02-24 09:01:05.246 [info] > git rev-parse --show-toplevel [84ms]
2023-02-24 09:01:05.303 [info] > git rev-parse --show-toplevel [40ms]
2023-02-24 09:01:05.332 [info] > git rev-parse --show-toplevel [7ms]
2023-02-24 09:01:05.429 [info] > git rev-parse --show-toplevel [75ms]
2023-02-24 09:01:05.463 [info] > git rev-parse --show-toplevel [17ms]
2023-02-24 09:01:05.503 [info] > git rev-parse --show-toplevel [21ms]
2023-02-24 09:01:05.563 [info] > git rev-parse --show-toplevel [37ms]
2023-02-24 09:01:05.587 [info] > git rev-parse --show-toplevel [4ms]
2023-02-24 09:01:05.610 [info] > git rev-parse --show-toplevel [4ms]
2023-02-24 09:01:05.654 [info] > git rev-parse --show-toplevel [26ms]
2023-02-24 09:01:05.747 [info] > git show --textconv :xmonad/xmonad.hs [65ms]
2023-02-24 09:01:05.747 [info] > git show --textconv :xmobar/tomorrow-night-xmobarrc [24ms]
2023-02-24 09:01:05.751 [info] > git ls-files --stage -- /home/adt/dotfiles/.config/xmonad/xmonad.hs [47ms]
2023-02-24 09:01:05.810 [info] > git cat-file -s d078eeaf1c83b05e0e2a52bae61db4d266e393f1 [40ms]
2023-02-24 09:01:05.814 [info] > git ls-files --stage -- /home/adt/dotfiles/.config/xmobar/tomorrow-night-xmobarrc [70ms]
2023-02-24 09:01:05.867 [info] > git cat-file -s dedee8515f98d7b342f94b8fe8b31fbc79bb040e [31ms]
2023-02-24 09:01:25.900 [info] > git config --get commit.template [12ms]
2023-02-24 09:01:25.948 [info] > git for-each-ref --format=%(refname)%00%(upstream:short)%00%(objectname)%00%(upstream:track)%00%(upstream:remotename)%00%(upstream:remoteref) refs/heads/main refs/remotes/main [11ms]
2023-02-24 09:01:26.030 [info] > git for-each-ref --sort -committerdate --format %(refname) %(objectname) %(*objectname) [9ms]
2023-02-24 09:01:26.058 [info] > git status -z -uall [79ms]
2023-02-24 09:03:31.915 [info] > git config --get commit.template [33ms]
2023-02-24 09:03:31.918 [info] > git for-each-ref --format=%(refname)%00%(upstream:short)%00%(objectname)%00%(upstream:track)%00%(upstream:remotename)%00%(upstream:remoteref) refs/heads/main refs/remotes/main [7ms]
2023-02-24 09:03:31.979 [info] > git for-each-ref --sort -committerdate --format %(refname) %(objectname) %(*objectname) [7ms]
2023-02-24 09:03:31.999 [info] > git status -z -uall [53ms]
2023-02-24 09:03:37.242 [info] > git config --get commit.template [7ms]
2023-02-24 09:03:37.275 [info] > git for-each-ref --format=%(refname)%00%(upstream:short)%00%(objectname)%00%(upstream:track)%00%(upstream:remotename)%00%(upstream:remoteref) refs/heads/main refs/remotes/main [6ms]
2023-02-24 09:03:37.323 [info] > git for-each-ref --sort -committerdate --format %(refname) %(objectname) %(*objectname) [5ms]
2023-02-24 09:03:37.343 [info] > git status -z -uall [45ms]
2023-02-24 09:03:44.594 [info] > git config --get commit.template [35ms]
2023-02-24 09:03:44.599 [info] > git for-each-ref --format=%(refname)%00%(upstream:short)%00%(objectname)%00%(upstream:track)%00%(upstream:remotename)%00%(upstream:remoteref) refs/heads/main refs/remotes/main [9ms]
2023-02-24 09:03:44.655 [info] > git for-each-ref --sort -committerdate --format %(refname) %(objectname) %(*objectname) [8ms]
2023-02-24 09:03:44.670 [info] > git status -z -uall [45ms]
2023-02-24 09:03:49.877 [info] > git config --get commit.template [4ms]
2023-02-24 09:03:49.902 [info] > git for-each-ref --format=%(refname)%00%(upstream:short)%00%(objectname)%00%(upstream:track)%00%(upstream:remotename)%00%(upstream:remoteref) refs/heads/main refs/remotes/main [5ms]
2023-02-24 09:03:49.951 [info] > git for-each-ref --sort -committerdate --format %(refname) %(objectname) %(*objectname) [5ms]
2023-02-24 09:03:49.963 [info] > git status -z -uall [39ms]
2023-02-24 09:03:55.115 [info] > git config --get commit.template [6ms]
2023-02-24 09:03:55.150 [info] > git for-each-ref --format=%(refname)%00%(upstream:short)%00%(objectname)%00%(upstream:track)%00%(upstream:remotename)%00%(upstream:remoteref) refs/heads/main refs/remotes/main [5ms]
2023-02-24 09:03:55.208 [info] > git for-each-ref --sort -committerdate --format %(refname) %(objectname) %(*objectname) [5ms]
2023-02-24 09:03:55.215 [info] > git status -z -uall [39ms]
2023-02-24 09:04:00.363 [info] > git config --get commit.template [5ms]
2023-02-24 09:04:00.395 [info] > git for-each-ref --format=%(refname)%00%(upstream:short)%00%(objectname)%00%(upstream:track)%00%(upstream:remotename)%00%(upstream:remoteref) refs/heads/main refs/remotes/main [7ms]
2023-02-24 09:04:00.459 [info] > git for-each-ref --sort -committerdate --format %(refname) %(objectname) %(*objectname) [7ms]
2023-02-24 09:04:00.470 [info] > git status -z -uall [49ms]
2023-02-24 09:04:22.035 [info] > git config --get commit.template [5ms]
2023-02-24 09:04:22.073 [info] > git for-each-ref --format=%(refname)%00%(upstream:short)%00%(objectname)%00%(upstream:track)%00%(upstream:remotename)%00%(upstream:remoteref) refs/heads/main refs/remotes/main [8ms]
2023-02-24 09:04:22.134 [info] > git for-each-ref --sort -committerdate --format %(refname) %(objectname) %(*objectname) [6ms]
2023-02-24 09:04:22.153 [info] > git status -z -uall [55ms]
2023-02-24 09:04:27.395 [info] > git config --get commit.template [8ms]
2023-02-24 09:04:27.430 [info] > git for-each-ref --format=%(refname)%00%(upstream:short)%00%(objectname)%00%(upstream:track)%00%(upstream:remotename)%00%(upstream:remoteref) refs/heads/main refs/remotes/main [7ms]
2023-02-24 09:04:27.516 [info] > git status -z -uall [54ms]
2023-02-24 09:04:27.517 [info] > git for-each-ref --sort -committerdate --format %(refname) %(objectname) %(*objectname) [24ms]
2023-02-24 09:04:32.714 [info] > git config --get commit.template [14ms]
2023-02-24 09:04:32.741 [info] > git for-each-ref --format=%(refname)%00%(upstream:short)%00%(objectname)%00%(upstream:track)%00%(upstream:remotename)%00%(upstream:remoteref) refs/heads/main refs/remotes/main [6ms]
2023-02-24 09:04:32.794 [info] > git for-each-ref --sort -committerdate --format %(refname) %(objectname) %(*objectname) [7ms]
2023-02-24 09:04:32.819 [info] > git status -z -uall [58ms]
2023-02-24 09:04:38.005 [info] > git config --get commit.template [5ms]
2023-02-24 09:04:38.036 [info] > git for-each-ref --format=%(refname)%00%(upstream:short)%00%(objectname)%00%(upstream:track)%00%(upstream:remotename)%00%(upstream:remoteref) refs/heads/main refs/remotes/main [7ms]
2023-02-24 09:04:38.103 [info] > git for-each-ref --sort -committerdate --format %(refname) %(objectname) %(*objectname) [11ms]
2023-02-24 09:04:38.120 [info] > git status -z -uall [61ms]
2023-02-24 09:04:43.326 [info] > git config --get commit.template [5ms]
2023-02-24 09:04:43.353 [info] > git for-each-ref --format=%(refname)%00%(upstream:short)%00%(objectname)%00%(upstream:track)%00%(upstream:remotename)%00%(upstream:remoteref) refs/heads/main refs/remotes/main [4ms]
2023-02-24 09:04:43.401 [info] > git for-each-ref --sort -committerdate --format %(refname) %(objectname) %(*objectname) [4ms]
2023-02-24 09:04:43.412 [info] > git status -z -uall [41ms]
2023-02-24 09:04:48.561 [info] > git config --get commit.template [26ms]
2023-02-24 09:04:48.563 [info] > git for-each-ref --format=%(refname)%00%(upstream:short)%00%(objectname)%00%(upstream:track)%00%(upstream:remotename)%00%(upstream:remoteref) refs/heads/main refs/remotes/main [5ms]
2023-02-24 09:04:48.609 [info] > git for-each-ref --sort -committerdate --format %(refname) %(objectname) %(*objectname) [5ms]
2023-02-24 09:04:48.617 [info] > git status -z -uall [37ms]
