[2022-10-30T03:13:48.190Z] Log level: Info
[2022-10-30T03:13:48.191Z] [info] Validating found git in: git
[2022-10-30T03:13:48.202Z] [info] Using git 2.38.1 from git
[2022-10-30T03:13:48.212Z] > git rev-parse --show-toplevel [2ms]
[2022-10-30T03:13:48.220Z] > git rev-parse --git-dir --git-common-dir [1ms]
[2022-10-30T03:13:48.226Z] [info] Open repository: /home/adt/development/mkratings
[2022-10-30T03:13:48.239Z] > git rev-parse --show-toplevel [1ms]
[2022-10-30T03:13:48.255Z] > git rev-parse --show-toplevel [11ms]
[2022-10-30T03:13:48.262Z] > git status -z -uall [29ms]
[2022-10-30T03:13:48.268Z] > git symbolic-ref --short HEAD [1ms]
[2022-10-30T03:13:48.274Z] > git rev-parse --show-toplevel [15ms]
[2022-10-30T03:13:48.283Z] > git for-each-ref --format=%(refname)%00%(upstream:short)%00%(objectname)%00%(upstream:track)%00%(upstream:remotename)%00%(upstream:remoteref) refs/heads/main refs/remotes/main [10ms]
[2022-10-30T03:13:48.291Z] > git remote --verbose [1ms]
[2022-10-30T03:13:48.292Z] > git for-each-ref --sort -committerdate --format %(refname) %(objectname) %(*objectname) [6ms]
[2022-10-30T03:13:48.322Z] > git rev-parse --show-toplevel [44ms]
[2022-10-30T03:13:48.501Z] > git config --get commit.template [175ms]
[2022-10-30T03:13:48.517Z] > git status -z -uall [11ms]
[2022-10-30T03:13:48.523Z] > git symbolic-ref --short HEAD [2ms]
[2022-10-30T03:13:48.528Z] > git for-each-ref --format=%(refname)%00%(upstream:short)%00%(objectname)%00%(upstream:track)%00%(upstream:remotename)%00%(upstream:remoteref) refs/heads/main refs/remotes/main [2ms]
[2022-10-30T03:13:48.537Z] > git remote --verbose [1ms]
[2022-10-30T03:13:48.538Z] > git for-each-ref --sort -committerdate --format %(refname) %(objectname) %(*objectname) [6ms]
[2022-10-30T03:13:48.567Z] > git config --get commit.template [6ms]
[2022-10-30T03:13:48.829Z] > git check-ignore -v -z --stdin [2ms]
[2022-10-30T03:13:48.848Z] > git ls-files --stage -- /home/adt/development/mkratings/views/login.ejs [1ms]
[2022-10-30T03:13:48.853Z] > git cat-file -s 01ad87c8c6dd267a6eb35b8dc6a86bf529bc57d1 [1ms]
[2022-10-30T03:13:48.853Z] > git show --textconv :views/login.ejs [10ms]
[2022-10-30T03:16:41.538Z] > git check-ignore -v -z --stdin [6ms]
[2022-10-30T03:16:45.455Z] > git check-ignore -v -z --stdin [2ms]
[2022-10-30T03:16:47.516Z] > git check-ignore -v -z --stdin [3ms]
[2022-10-30T03:16:48.356Z] > git check-ignore -v -z --stdin [1ms]
[2022-10-30T03:16:54.165Z] > git check-ignore -v -z --stdin [2ms]
[2022-10-30T03:17:05.486Z] > git check-ignore -v -z --stdin [15ms]
[2022-10-30T03:17:19.499Z] > git check-ignore -v -z --stdin [2ms]
[2022-10-30T03:17:21.517Z] > git show --textconv :routes/login.js [7ms]
[2022-10-30T03:17:21.517Z] > git ls-files --stage -- /home/adt/development/mkratings/routes/login.js [4ms]
[2022-10-30T03:17:21.522Z] > git cat-file -s f7a401579ee2420600217be3faf7019dc5f8b46a [1ms]
[2022-10-30T03:18:09.960Z] > git show --textconv :public/css/style.css [3ms]
[2022-10-30T03:18:09.961Z] > git ls-files --stage -- /home/adt/development/mkratings/public/css/style.css [1ms]
[2022-10-30T03:18:09.965Z] > git cat-file -s bbbd7e745627952195adeb4bf028339d5480527a [0ms]
[2022-10-30T03:31:56.603Z] > git check-ignore -v -z --stdin [1ms]
