2023-02-22 11:23:06.002 [info] Log level: Info
2023-02-22 11:23:06.002 [info] Validating found git in: "git"
2023-02-22 11:23:06.002 [info] Using git "2.39.1" from "git"
2023-02-22 11:23:06.002 [info] > git rev-parse --show-toplevel [29ms]
2023-02-22 11:23:06.176 [info] > git rev-parse --git-dir --git-common-dir [167ms]
2023-02-22 11:23:06.184 [info] Open repository: /home/adt/dotfiles/.config
2023-02-22 11:23:06.236 [info] > git rev-parse --show-toplevel [43ms]
2023-02-22 11:23:06.255 [info] > git rev-parse --show-toplevel [11ms]
2023-02-22 11:23:06.263 [info] > git config --get commit.template [27ms]
2023-02-22 11:23:06.297 [info] > git rev-parse --show-toplevel [35ms]
2023-02-22 11:23:06.362 [info] > git rev-parse --show-toplevel [58ms]
2023-02-22 11:23:06.394 [info] > git rev-parse --show-toplevel [22ms]
2023-02-22 11:23:06.404 [info] > git for-each-ref --format=%(refname)%00%(upstream:short)%00%(objectname)%00%(upstream:track)%00%(upstream:remotename)%00%(upstream:remoteref) refs/heads/main refs/remotes/main [43ms]
2023-02-22 11:23:06.438 [info] > git rev-parse --show-toplevel [35ms]
2023-02-22 11:23:06.495 [info] > git status -z -uall [76ms]
2023-02-22 11:23:06.496 [info] > git rev-parse --show-toplevel [35ms]
2023-02-22 11:23:06.502 [info] > git for-each-ref --sort -committerdate --format %(refname) %(objectname) %(*objectname) [65ms]
2023-02-22 11:23:06.544 [info] > git rev-parse --show-toplevel [43ms]
2023-02-22 11:23:06.670 [info] > git rev-parse --show-toplevel [118ms]
2023-02-22 11:23:06.713 [info] > git rev-parse --show-toplevel [37ms]
2023-02-22 11:23:06.721 [info] > git config --get commit.template [50ms]
2023-02-22 11:23:07.128 [info] > git rev-parse --show-toplevel [408ms]
2023-02-22 11:23:07.192 [info] > git check-ignore -v -z --stdin [25ms]
2023-02-22 11:23:07.198 [info] > git rev-parse --show-toplevel [62ms]
2023-02-22 11:23:07.233 [info] > git rev-parse --show-toplevel [15ms]
2023-02-22 11:23:07.240 [info] > git for-each-ref --format=%(refname)%00%(upstream:short)%00%(objectname)%00%(upstream:track)%00%(upstream:remotename)%00%(upstream:remoteref) refs/heads/main refs/remotes/main [50ms]
2023-02-22 11:23:07.257 [info] > git for-each-ref --sort -committerdate --format %(refname) %(objectname) %(*objectname) [2ms]
2023-02-22 11:23:07.257 [info] > git rev-parse --show-toplevel [18ms]
2023-02-22 11:23:07.265 [info] > git status -z -uall [19ms]
2023-02-22 11:23:07.265 [info] > git rev-parse --show-toplevel [1ms]
2023-02-22 11:23:07.307 [info] > git rev-parse --show-toplevel [35ms]
2023-02-22 11:23:07.362 [info] > git rev-parse --show-toplevel [46ms]
2023-02-22 11:23:07.372 [info] > git rev-parse --show-toplevel [1ms]
2023-02-22 11:23:07.775 [info] > git rev-parse --show-toplevel [396ms]
2023-02-22 11:23:07.782 [info] > git rev-parse --show-toplevel [1ms]
2023-02-22 11:23:07.798 [info] > git rev-parse --show-toplevel [10ms]
2023-02-22 11:23:07.819 [info] > git rev-parse --show-toplevel [14ms]
2023-02-22 11:23:07.828 [info] > git rev-parse --show-toplevel [2ms]
2023-02-22 11:23:07.840 [info] > git rev-parse --show-toplevel [5ms]
2023-02-22 11:23:07.848 [info] > git rev-parse --show-toplevel [2ms]
2023-02-22 11:23:07.861 [info] > git rev-parse --show-toplevel [6ms]
2023-02-22 11:23:07.877 [info] > git rev-parse --show-toplevel [9ms]
2023-02-22 11:23:07.887 [info] > git rev-parse --show-toplevel [3ms]
2023-02-22 11:23:07.896 [info] > git rev-parse --show-toplevel [1ms]
2023-02-22 11:23:07.919 [info] > git show --textconv :xmonad/xmonad.hs [11ms]
2023-02-22 11:23:07.922 [info] > git ls-files --stage -- /home/adt/dotfiles/.config/xmonad/xmonad.hs [4ms]
2023-02-22 11:23:07.933 [info] > git cat-file -s d078eeaf1c83b05e0e2a52bae61db4d266e393f1 [0ms]
2023-02-22 11:23:08.824 [info] > git config --get commit.template [11ms]
2023-02-22 11:23:08.825 [info] > git for-each-ref --format=%(refname)%00%(upstream:short)%00%(objectname)%00%(upstream:track)%00%(upstream:remotename)%00%(upstream:remoteref) refs/heads/main refs/remotes/main [2ms]
2023-02-22 11:23:08.842 [info] > git status -z -uall [10ms]
2023-02-22 11:23:08.842 [info] > git for-each-ref --sort -committerdate --format %(refname) %(objectname) %(*objectname) [3ms]
2023-02-22 11:23:13.898 [info] > git config --get commit.template [2ms]
2023-02-22 11:23:13.916 [info] > git for-each-ref --format=%(refname)%00%(upstream:short)%00%(objectname)%00%(upstream:track)%00%(upstream:remotename)%00%(upstream:remoteref) refs/heads/main refs/remotes/main [3ms]
2023-02-22 11:23:13.952 [info] > git status -z -uall [21ms]
2023-02-22 11:23:13.952 [info] > git for-each-ref --sort -committerdate --format %(refname) %(objectname) %(*objectname) [4ms]
2023-02-22 11:23:19.064 [info] > git config --get commit.template [19ms]
2023-02-22 11:23:19.065 [info] > git for-each-ref --format=%(refname)%00%(upstream:short)%00%(objectname)%00%(upstream:track)%00%(upstream:remotename)%00%(upstream:remoteref) refs/heads/main refs/remotes/main [4ms]
2023-02-22 11:23:19.103 [info] > git for-each-ref --sort -committerdate --format %(refname) %(objectname) %(*objectname) [6ms]
2023-02-22 11:23:19.106 [info] > git status -z -uall [26ms]
2023-02-22 11:23:24.185 [info] > git config --get commit.template [2ms]
2023-02-22 11:23:24.202 [info] > git for-each-ref --format=%(refname)%00%(upstream:short)%00%(objectname)%00%(upstream:track)%00%(upstream:remotename)%00%(upstream:remoteref) refs/heads/main refs/remotes/main [3ms]
2023-02-22 11:23:24.238 [info] > git status -z -uall [20ms]
2023-02-22 11:23:24.238 [info] > git for-each-ref --sort -committerdate --format %(refname) %(objectname) %(*objectname) [4ms]
2023-02-22 11:23:29.314 [info] > git config --get commit.template [1ms]
2023-02-22 11:23:29.329 [info] > git for-each-ref --format=%(refname)%00%(upstream:short)%00%(objectname)%00%(upstream:track)%00%(upstream:remotename)%00%(upstream:remoteref) refs/heads/main refs/remotes/main [1ms]
2023-02-22 11:23:29.356 [info] > git for-each-ref --sort -committerdate --format %(refname) %(objectname) %(*objectname) [2ms]
2023-02-22 11:23:29.360 [info] > git status -z -uall [23ms]
2023-02-22 11:23:34.435 [info] > git config --get commit.template [2ms]
2023-02-22 11:23:34.452 [info] > git for-each-ref --format=%(refname)%00%(upstream:short)%00%(objectname)%00%(upstream:track)%00%(upstream:remotename)%00%(upstream:remoteref) refs/heads/main refs/remotes/main [3ms]
2023-02-22 11:23:34.482 [info] > git for-each-ref --sort -committerdate --format %(refname) %(objectname) %(*objectname) [2ms]
2023-02-22 11:23:34.488 [info] > git status -z -uall [22ms]
2023-02-22 11:24:02.874 [info] > git config --get commit.template [1ms]
2023-02-22 11:24:02.883 [info] > git for-each-ref --format=%(refname)%00%(upstream:short)%00%(objectname)%00%(upstream:track)%00%(upstream:remotename)%00%(upstream:remoteref) refs/heads/main refs/remotes/main [2ms]
2023-02-22 11:24:02.914 [info] > git for-each-ref --sort -committerdate --format %(refname) %(objectname) %(*objectname) [4ms]
2023-02-22 11:24:02.925 [info] > git status -z -uall [31ms]
2023-02-22 11:24:24.899 [info] > git config --get commit.template [18ms]
2023-02-22 11:24:24.901 [info] > git for-each-ref --format=%(refname)%00%(upstream:short)%00%(objectname)%00%(upstream:track)%00%(upstream:remotename)%00%(upstream:remoteref) refs/heads/main refs/remotes/main [4ms]
2023-02-22 11:24:24.938 [info] > git for-each-ref --sort -committerdate --format %(refname) %(objectname) %(*objectname) [4ms]
2023-02-22 11:24:24.943 [info] > git status -z -uall [26ms]
2023-02-22 11:27:33.236 [info] > git config --get commit.template [2ms]
2023-02-22 11:27:33.254 [info] > git for-each-ref --format=%(refname)%00%(upstream:short)%00%(objectname)%00%(upstream:track)%00%(upstream:remotename)%00%(upstream:remoteref) refs/heads/main refs/remotes/main [4ms]
2023-02-22 11:27:33.289 [info] > git for-each-ref --sort -committerdate --format %(refname) %(objectname) %(*objectname) [3ms]
2023-02-22 11:27:33.294 [info] > git status -z -uall [25ms]
2023-02-22 11:28:17.456 [info] > git config --get commit.template [1ms]
2023-02-22 11:28:17.465 [info] > git for-each-ref --format=%(refname)%00%(upstream:short)%00%(objectname)%00%(upstream:track)%00%(upstream:remotename)%00%(upstream:remoteref) refs/heads/main refs/remotes/main [2ms]
2023-02-22 11:28:17.497 [info] > git for-each-ref --sort -committerdate --format %(refname) %(objectname) %(*objectname) [3ms]
2023-02-22 11:28:17.501 [info] > git status -z -uall [25ms]
2023-02-22 11:29:25.464 [info] > git config --get commit.template [3ms]
2023-02-22 11:29:25.484 [info] > git for-each-ref --format=%(refname)%00%(upstream:short)%00%(objectname)%00%(upstream:track)%00%(upstream:remotename)%00%(upstream:remoteref) refs/heads/main refs/remotes/main [4ms]
2023-02-22 11:29:25.521 [info] > git for-each-ref --sort -committerdate --format %(refname) %(objectname) %(*objectname) [2ms]
2023-02-22 11:29:25.525 [info] > git status -z -uall [25ms]
2023-02-22 11:29:30.793 [info] > git config --get commit.template [19ms]
2023-02-22 11:29:30.794 [info] > git for-each-ref --format=%(refname)%00%(upstream:short)%00%(objectname)%00%(upstream:track)%00%(upstream:remotename)%00%(upstream:remoteref) refs/heads/main refs/remotes/main [3ms]
2023-02-22 11:29:30.832 [info] > git for-each-ref --sort -committerdate --format %(refname) %(objectname) %(*objectname) [4ms]
2023-02-22 11:29:30.836 [info] > git status -z -uall [26ms]
2023-02-22 11:29:46.474 [info] > git config --get commit.template [17ms]
2023-02-22 11:29:46.475 [info] > git for-each-ref --format=%(refname)%00%(upstream:short)%00%(objectname)%00%(upstream:track)%00%(upstream:remotename)%00%(upstream:remoteref) refs/heads/main refs/remotes/main [3ms]
2023-02-22 11:29:46.494 [info] > git status -z -uall [11ms]
2023-02-22 11:29:46.495 [info] > git for-each-ref --sort -committerdate --format %(refname) %(objectname) %(*objectname) [2ms]
2023-02-22 11:29:51.545 [info] > git config --get commit.template [2ms]
2023-02-22 11:29:51.564 [info] > git for-each-ref --format=%(refname)%00%(upstream:short)%00%(objectname)%00%(upstream:track)%00%(upstream:remotename)%00%(upstream:remoteref) refs/heads/main refs/remotes/main [4ms]
2023-02-22 11:29:51.595 [info] > git for-each-ref --sort -committerdate --format %(refname) %(objectname) %(*objectname) [3ms]
2023-02-22 11:29:51.600 [info] > git status -z -uall [23ms]
2023-02-22 11:29:56.681 [info] > git config --get commit.template [2ms]
2023-02-22 11:29:56.699 [info] > git for-each-ref --format=%(refname)%00%(upstream:short)%00%(objectname)%00%(upstream:track)%00%(upstream:remotename)%00%(upstream:remoteref) refs/heads/main refs/remotes/main [3ms]
2023-02-22 11:29:56.733 [info] > git for-each-ref --sort -committerdate --format %(refname) %(objectname) %(*objectname) [2ms]
2023-02-22 11:29:56.737 [info] > git status -z -uall [23ms]
2023-02-22 11:30:01.814 [info] > git config --get commit.template [3ms]
2023-02-22 11:30:01.833 [info] > git for-each-ref --format=%(refname)%00%(upstream:short)%00%(objectname)%00%(upstream:track)%00%(upstream:remotename)%00%(upstream:remoteref) refs/heads/main refs/remotes/main [3ms]
2023-02-22 11:30:01.869 [info] > git status -z -uall [21ms]
2023-02-22 11:30:01.869 [info] > git for-each-ref --sort -committerdate --format %(refname) %(objectname) %(*objectname) [5ms]
2023-02-22 11:30:06.948 [info] > git config --get commit.template [3ms]
2023-02-22 11:30:06.966 [info] > git for-each-ref --format=%(refname)%00%(upstream:short)%00%(objectname)%00%(upstream:track)%00%(upstream:remotename)%00%(upstream:remoteref) refs/heads/main refs/remotes/main [3ms]
2023-02-22 11:30:07.002 [info] > git status -z -uall [20ms]
2023-02-22 11:30:07.002 [info] > git for-each-ref --sort -committerdate --format %(refname) %(objectname) %(*objectname) [5ms]
2023-02-22 11:30:12.078 [info] > git config --get commit.template [2ms]
2023-02-22 11:30:12.096 [info] > git for-each-ref --format=%(refname)%00%(upstream:short)%00%(objectname)%00%(upstream:track)%00%(upstream:remotename)%00%(upstream:remoteref) refs/heads/main refs/remotes/main [3ms]
2023-02-22 11:30:12.130 [info] > git for-each-ref --sort -committerdate --format %(refname) %(objectname) %(*objectname) [3ms]
2023-02-22 11:30:12.134 [info] > git status -z -uall [23ms]
2023-02-22 11:30:17.206 [info] > git config --get commit.template [2ms]
2023-02-22 11:30:17.224 [info] > git for-each-ref --format=%(refname)%00%(upstream:short)%00%(objectname)%00%(upstream:track)%00%(upstream:remotename)%00%(upstream:remoteref) refs/heads/main refs/remotes/main [3ms]
2023-02-22 11:30:17.260 [info] > git status -z -uall [21ms]
2023-02-22 11:30:17.261 [info] > git for-each-ref --sort -committerdate --format %(refname) %(objectname) %(*objectname) [6ms]
2023-02-22 11:30:22.327 [info] > git config --get commit.template [2ms]
2023-02-22 11:30:22.339 [info] > git for-each-ref --format=%(refname)%00%(upstream:short)%00%(objectname)%00%(upstream:track)%00%(upstream:remotename)%00%(upstream:remoteref) refs/heads/main refs/remotes/main [2ms]
2023-02-22 11:30:22.361 [info] > git for-each-ref --sort -committerdate --format %(refname) %(objectname) %(*objectname) [1ms]
2023-02-22 11:30:22.363 [info] > git status -z -uall [15ms]
2023-02-22 11:30:27.422 [info] > git config --get commit.template [2ms]
2023-02-22 11:30:27.441 [info] > git for-each-ref --format=%(refname)%00%(upstream:short)%00%(objectname)%00%(upstream:track)%00%(upstream:remotename)%00%(upstream:remoteref) refs/heads/main refs/remotes/main [3ms]
2023-02-22 11:30:27.475 [info] > git for-each-ref --sort -committerdate --format %(refname) %(objectname) %(*objectname) [2ms]
2023-02-22 11:30:27.479 [info] > git status -z -uall [23ms]
2023-02-22 11:30:44.406 [info] > git config --get commit.template [18ms]
2023-02-22 11:30:44.407 [info] > git for-each-ref --format=%(refname)%00%(upstream:short)%00%(objectname)%00%(upstream:track)%00%(upstream:remotename)%00%(upstream:remoteref) refs/heads/main refs/remotes/main [4ms]
2023-02-22 11:30:44.443 [info] > git for-each-ref --sort -committerdate --format %(refname) %(objectname) %(*objectname) [5ms]
2023-02-22 11:30:44.453 [info] > git status -z -uall [31ms]
2023-02-22 11:30:54.746 [info] > git config --get commit.template [3ms]
2023-02-22 11:30:54.765 [info] > git for-each-ref --format=%(refname)%00%(upstream:short)%00%(objectname)%00%(upstream:track)%00%(upstream:remotename)%00%(upstream:remoteref) refs/heads/main refs/remotes/main [4ms]
2023-02-22 11:30:54.805 [info] > git status -z -uall [23ms]
2023-02-22 11:30:54.805 [info] > git for-each-ref --sort -committerdate --format %(refname) %(objectname) %(*objectname) [6ms]
2023-02-22 11:36:47.453 [info] > git config --get commit.template [29ms]
2023-02-22 11:36:47.460 [info] > git for-each-ref --format=%(refname)%00%(upstream:short)%00%(objectname)%00%(upstream:track)%00%(upstream:remotename)%00%(upstream:remoteref) refs/heads/main refs/remotes/main [8ms]
2023-02-22 11:36:47.515 [info] > git for-each-ref --sort -committerdate --format %(refname) %(objectname) %(*objectname) [3ms]
2023-02-22 11:36:47.519 [info] > git status -z -uall [37ms]
2023-02-22 11:37:05.365 [info] > git config --get commit.template [2ms]
2023-02-22 11:37:05.386 [info] > git for-each-ref --format=%(refname)%00%(upstream:short)%00%(objectname)%00%(upstream:track)%00%(upstream:remotename)%00%(upstream:remoteref) refs/heads/main refs/remotes/main [3ms]
2023-02-22 11:37:05.420 [info] > git for-each-ref --sort -committerdate --format %(refname) %(objectname) %(*objectname) [4ms]
2023-02-22 11:37:05.426 [info] > git status -z -uall [26ms]
2023-02-22 11:37:10.633 [info] > git config --get commit.template [3ms]
2023-02-22 11:37:10.651 [info] > git for-each-ref --format=%(refname)%00%(upstream:short)%00%(objectname)%00%(upstream:track)%00%(upstream:remotename)%00%(upstream:remoteref) refs/heads/main refs/remotes/main [3ms]
2023-02-22 11:37:10.688 [info] > git status -z -uall [23ms]
2023-02-22 11:37:10.689 [info] > git for-each-ref --sort -committerdate --format %(refname) %(objectname) %(*objectname) [5ms]
2023-02-22 11:37:33.442 [info] > git config --get commit.template [2ms]
2023-02-22 11:37:33.463 [info] > git for-each-ref --format=%(refname)%00%(upstream:short)%00%(objectname)%00%(upstream:track)%00%(upstream:remotename)%00%(upstream:remoteref) refs/heads/main refs/remotes/main [4ms]
2023-02-22 11:37:33.505 [info] > git for-each-ref --sort -committerdate --format %(refname) %(objectname) %(*objectname) [5ms]
2023-02-22 11:37:33.509 [info] > git status -z -uall [28ms]
2023-02-22 11:37:37.989 [info] > git show --textconv :xmobar/tomorrow-night-xmobarrc [45ms]
2023-02-22 11:37:38.001 [info] > git ls-files --stage -- /home/adt/dotfiles/.config/xmobar/tomorrow-night-xmobarrc [16ms]
2023-02-22 11:37:38.050 [info] > git cat-file -s dedee8515f98d7b342f94b8fe8b31fbc79bb040e [14ms]
2023-02-22 11:37:38.654 [info] > git config --get commit.template [11ms]
2023-02-22 11:37:38.730 [info] > git for-each-ref --format=%(refname)%00%(upstream:short)%00%(objectname)%00%(upstream:track)%00%(upstream:remotename)%00%(upstream:remoteref) refs/heads/main refs/remotes/main [45ms]
2023-02-22 11:37:38.795 [info] > git status -z -uall [40ms]
2023-02-22 11:37:38.796 [info] > git for-each-ref --sort -committerdate --format %(refname) %(objectname) %(*objectname) [12ms]
2023-02-22 11:37:43.961 [info] > git config --get commit.template [2ms]
2023-02-22 11:37:43.984 [info] > git for-each-ref --format=%(refname)%00%(upstream:short)%00%(objectname)%00%(upstream:track)%00%(upstream:remotename)%00%(upstream:remoteref) refs/heads/main refs/remotes/main [4ms]
2023-02-22 11:37:44.029 [info] > git status -z -uall [26ms]
2023-02-22 11:37:44.029 [info] > git for-each-ref --sort -committerdate --format %(refname) %(objectname) %(*objectname) [5ms]
2023-02-22 11:37:49.148 [info] > git config --get commit.template [3ms]
2023-02-22 11:37:49.174 [info] > git for-each-ref --format=%(refname)%00%(upstream:short)%00%(objectname)%00%(upstream:track)%00%(upstream:remotename)%00%(upstream:remoteref) refs/heads/main refs/remotes/main [4ms]
2023-02-22 11:37:49.224 [info] > git for-each-ref --sort -committerdate --format %(refname) %(objectname) %(*objectname) [4ms]
2023-02-22 11:37:49.231 [info] > git status -z -uall [36ms]
2023-02-22 11:37:54.458 [info] > git config --get commit.template [77ms]
2023-02-22 11:37:54.505 [info] > git for-each-ref --format=%(refname)%00%(upstream:short)%00%(objectname)%00%(upstream:track)%00%(upstream:remotename)%00%(upstream:remoteref) refs/heads/main refs/remotes/main [10ms]
2023-02-22 11:37:54.588 [info] > git for-each-ref --sort -committerdate --format %(refname) %(objectname) %(*objectname) [9ms]
2023-02-22 11:37:54.606 [info] > git status -z -uall [66ms]
2023-02-22 11:37:59.829 [info] > git config --get commit.template [7ms]
2023-02-22 11:37:59.854 [info] > git for-each-ref --format=%(refname)%00%(upstream:short)%00%(objectname)%00%(upstream:track)%00%(upstream:remotename)%00%(upstream:remoteref) refs/heads/main refs/remotes/main [4ms]
2023-02-22 11:37:59.900 [info] > git status -z -uall [26ms]
2023-02-22 11:37:59.901 [info] > git for-each-ref --sort -committerdate --format %(refname) %(objectname) %(*objectname) [5ms]
2023-02-22 11:38:05.494 [info] > git config --get commit.template [75ms]
2023-02-22 11:38:05.574 [info] > git for-each-ref --format=%(refname)%00%(upstream:short)%00%(objectname)%00%(upstream:track)%00%(upstream:remotename)%00%(upstream:remoteref) refs/heads/main refs/remotes/main [13ms]
2023-02-22 11:38:05.713 [info] > git status -z -uall [95ms]
2023-02-22 11:38:05.714 [info] > git for-each-ref --sort -committerdate --format %(refname) %(objectname) %(*objectname) [39ms]
2023-02-22 11:38:11.082 [info] > git config --get commit.template [28ms]
2023-02-22 11:38:11.197 [info] > git for-each-ref --format=%(refname)%00%(upstream:short)%00%(objectname)%00%(upstream:track)%00%(upstream:remotename)%00%(upstream:remoteref) refs/heads/main refs/remotes/main [27ms]
2023-02-22 11:38:11.402 [info] > git for-each-ref --sort -committerdate --format %(refname) %(objectname) %(*objectname) [43ms]
2023-02-22 11:38:11.444 [info] > git status -z -uall [170ms]
2023-02-22 11:38:18.730 [info] > git config --get commit.template [50ms]
2023-02-22 11:38:18.734 [info] > git for-each-ref --format=%(refname)%00%(upstream:short)%00%(objectname)%00%(upstream:track)%00%(upstream:remotename)%00%(upstream:remoteref) refs/heads/main refs/remotes/main [8ms]
2023-02-22 11:38:18.835 [info] > git status -z -uall [58ms]
2023-02-22 11:38:18.836 [info] > git for-each-ref --sort -committerdate --format %(refname) %(objectname) %(*objectname) [12ms]
