[2022-10-24 13:55:56.576] [exthost] [info] Extension host with pid 6796 started
[2022-10-24 13:55:56.622] [exthost] [info] ExtensionService#_doActivateExtension vscode.debug-auto-launch, startup: true, activationEvent: '*'
[2022-10-24 13:55:56.622] [exthost] [info] ExtensionService#_doActivateExtension vscode.git-base, startup: true, activationEvent: '*', root cause: vscode.git
[2022-10-24 13:55:56.622] [exthost] [info] ExtensionService#_doActivateExtension vscode.ipynb, startup: true, activationEvent: '*'
[2022-10-24 13:55:56.645] [exthost] [info] ExtensionService#_doActivateExtension vscode.git, startup: true, activationEvent: '*'
[2022-10-24 13:55:56.645] [exthost] [info] ExtensionService#_doActivateExtension vscode.github, startup: true, activationEvent: '*'
[2022-10-24 13:55:56.691] [exthost] [info] Eager extensions activated
[2022-10-24 13:55:56.707] [exthost] [info] ExtensionService#_doActivateExtension vscode.emmet, startup: false, activationEvent: 'onStartupFinished'
[2022-10-24 13:55:56.707] [exthost] [info] ExtensionService#_doActivateExtension vscode.merge-conflict, startup: false, activationEvent: 'onStartupFinished'
[2022-10-24 13:56:40.000] [exthost] [info] Extension host terminating: received terminate message from renderer
[2022-10-24 13:56:40.006] [exthost] [info] Extension host with pid 6796 exiting with code 0
[2022-10-24 13:56:41.841] [exthost] [info] Extension host with pid 7095 started
[2022-10-24 13:56:41.841] [exthost] [info] Skipping acquiring lock for /home/adt/cf/.config/Code - OSS/User/workspaceStorage/7f0ced3b61d38b4d2a9e5863c7f3bb46.
[2022-10-24 13:56:41.936] [exthost] [info] ExtensionService#_doActivateExtension vscode.debug-auto-launch, startup: true, activationEvent: '*'
[2022-10-24 13:56:41.936] [exthost] [info] ExtensionService#_doActivateExtension vscode.git-base, startup: true, activationEvent: '*'
[2022-10-24 13:56:41.937] [exthost] [info] ExtensionService#_doActivateExtension vscode.ipynb, startup: true, activationEvent: '*'
[2022-10-24 13:56:41.962] [exthost] [info] ExtensionService#_doActivateExtension vscode.github, startup: true, activationEvent: '*'
[2022-10-24 13:56:41.969] [exthost] [info] Eager extensions activated
[2022-10-24 13:56:41.971] [exthost] [info] ExtensionService#_doActivateExtension vscode.emmet, startup: false, activationEvent: 'onStartupFinished'
[2022-10-24 13:56:41.971] [exthost] [info] ExtensionService#_doActivateExtension vscode.merge-conflict, startup: false, activationEvent: 'onStartupFinished'
[2022-10-24 13:56:42.496] [exthost] [info] ExtensionService#_doActivateExtension vscode.git, startup: false, activationEvent: 'api', root cause: vscode.github
[2022-10-24 13:56:45.379] [exthost] [info] ExtensionService#_doActivateExtension vscode.html-language-features, startup: false, activationEvent: 'onLanguage:html'
[2022-10-24 13:57:54.159] [exthost] [info] ExtensionService#_doActivateExtension vscode.typescript-language-features, startup: false, activationEvent: 'onLanguage:javascript'
