[2022-10-28T19:21:08.867Z] Log level: Info
[2022-10-28T19:21:08.869Z] [info] Validating found git in: git
[2022-10-28T19:21:08.881Z] [info] Using git 2.38.1 from git
[2022-10-28T19:21:08.897Z] > git rev-parse --show-toplevel [5ms]
[2022-10-28T19:21:08.906Z] > git rev-parse --git-dir --git-common-dir [1ms]
[2022-10-28T19:21:08.915Z] [info] Open repository: /home/adt/development/mkratings
[2022-10-28T19:21:08.939Z] > git rev-parse --show-toplevel [11ms]
[2022-10-28T19:21:08.944Z] > git rev-parse --show-toplevel [0ms]
[2022-10-28T19:21:08.952Z] > git status -z -uall [28ms]
[2022-10-28T19:21:08.957Z] > git rev-parse --show-toplevel [8ms]
[2022-10-28T19:21:08.978Z] > git symbolic-ref --short HEAD [22ms]
[2022-10-28T19:21:08.983Z] > git rev-parse --show-toplevel [22ms]
[2022-10-28T19:21:08.984Z] > git for-each-ref --format=%(refname)%00%(upstream:short)%00%(objectname)%00%(upstream:track)%00%(upstream:remotename)%00%(upstream:remoteref) refs/heads/main refs/remotes/main [2ms]
[2022-10-28T19:21:09.002Z] > git remote --verbose [10ms]
[2022-10-28T19:21:09.002Z] > git for-each-ref --sort -committerdate --format %(refname) %(objectname) %(*objectname) [14ms]
[2022-10-28T19:21:09.234Z] > git config --get commit.template [1ms]
[2022-10-28T19:21:09.245Z] > git status -z -uall [6ms]
[2022-10-28T19:21:09.250Z] > git symbolic-ref --short HEAD [0ms]
[2022-10-28T19:21:09.256Z] > git for-each-ref --format=%(refname)%00%(upstream:short)%00%(objectname)%00%(upstream:track)%00%(upstream:remotename)%00%(upstream:remoteref) refs/heads/main refs/remotes/main [1ms]
[2022-10-28T19:21:09.265Z] > git for-each-ref --sort -committerdate --format %(refname) %(objectname) %(*objectname) [5ms]
[2022-10-28T19:21:09.265Z] > git remote --verbose [2ms]
[2022-10-28T19:21:09.284Z] > git config --get commit.template [1ms]
[2022-10-28T19:21:09.551Z] > git check-ignore -v -z --stdin [1ms]
[2022-10-28T19:21:09.571Z] > git ls-files --stage -- /home/adt/development/mkratings/views/login.ejs [1ms]
[2022-10-28T19:21:09.576Z] > git show --textconv :views/login.ejs [9ms]
[2022-10-28T19:21:09.577Z] > git cat-file -s 01ad87c8c6dd267a6eb35b8dc6a86bf529bc57d1 [2ms]
