[2022-10-25T16:41:48.218Z] Log level: Info
[2022-10-25T16:41:48.220Z] [info] Validating found git in: git
[2022-10-25T16:41:48.229Z] [info] Using git 2.38.1 from git
[2022-10-25T16:41:48.244Z] > git rev-parse --show-toplevel [4ms]
[2022-10-25T16:41:48.251Z] > git rev-parse --git-dir --git-common-dir [1ms]
[2022-10-25T16:41:48.259Z] [info] Open repository: /home/adt/developement/mkratings
[2022-10-25T16:41:48.278Z] > git status -z -uall [13ms]
[2022-10-25T16:41:48.281Z] > git rev-parse --show-toplevel [12ms]
[2022-10-25T16:41:48.287Z] > git rev-parse --show-toplevel [2ms]
[2022-10-25T16:41:48.288Z] > git symbolic-ref --short HEAD [7ms]
[2022-10-25T16:41:48.306Z] > git for-each-ref --format=%(refname)%00%(upstream:short)%00%(objectname)%00%(upstream:track)%00%(upstream:remotename)%00%(upstream:remoteref) refs/heads/main refs/remotes/main [14ms]
[2022-10-25T16:41:48.318Z] > git remote --verbose [6ms]
[2022-10-25T16:41:48.318Z] > git for-each-ref --sort -committerdate --format %(refname) %(objectname) %(*objectname) [9ms]
[2022-10-25T16:41:48.349Z] > git config --get commit.template [1ms]
[2022-10-25T16:41:48.478Z] > git status -z -uall [124ms]
[2022-10-25T16:41:48.482Z] > git symbolic-ref --short HEAD [1ms]
[2022-10-25T16:41:48.485Z] > git for-each-ref --format=%(refname)%00%(upstream:short)%00%(objectname)%00%(upstream:track)%00%(upstream:remotename)%00%(upstream:remoteref) refs/heads/main refs/remotes/main [0ms]
[2022-10-25T16:41:48.493Z] > git remote --verbose [1ms]
[2022-10-25T16:41:48.493Z] > git for-each-ref --sort -committerdate --format %(refname) %(objectname) %(*objectname) [4ms]
[2022-10-25T16:41:48.514Z] > git config --get commit.template [1ms]
[2022-10-25T16:41:48.785Z] > git check-ignore -v -z --stdin [2ms]
[2022-10-25T16:41:52.118Z] > git show --textconv :package-lock.json [4ms]
[2022-10-25T16:41:52.119Z] > git ls-files --stage -- /home/adt/developement/mkratings/package-lock.json [2ms]
[2022-10-25T16:41:53.152Z] > git show --textconv :package.json [4ms]
[2022-10-25T16:41:53.152Z] > git ls-files --stage -- /home/adt/developement/mkratings/package.json [1ms]
[2022-10-25T16:42:02.066Z] > git show --textconv :server.js [4ms]
[2022-10-25T16:42:02.067Z] > git ls-files --stage -- /home/adt/developement/mkratings/server.js [1ms]
[2022-10-25T16:42:03.548Z] > git show --textconv :teacher_list.txt [8ms]
[2022-10-25T16:42:03.550Z] > git ls-files --stage -- /home/adt/developement/mkratings/teacher_list.txt [3ms]
[2022-10-25T16:42:04.439Z] > git show --textconv :server.js [6ms]
[2022-10-25T16:42:04.440Z] > git ls-files --stage -- /home/adt/developement/mkratings/server.js [2ms]
[2022-10-25T16:42:05.363Z] > git show --textconv :teacher_list.txt [4ms]
[2022-10-25T16:42:05.364Z] > git ls-files --stage -- /home/adt/developement/mkratings/teacher_list.txt [1ms]
[2022-10-25T16:42:18.912Z] > git show --textconv :teacher_list.txt [9ms]
[2022-10-25T16:42:18.914Z] > git ls-files --stage -- /home/adt/developement/mkratings/teacher_list.txt [3ms]
[2022-10-25T16:42:23.134Z] > git show --textconv :teacher_list.txt [10ms]
[2022-10-25T16:42:23.136Z] > git ls-files --stage -- /home/adt/developement/mkratings/teacher_list.txt [3ms]
[2022-10-25T16:42:26.134Z] > git check-ignore -v -z --stdin [1ms]
[2022-10-25T16:42:32.135Z] > git show --textconv :views/missing.ejs [5ms]
[2022-10-25T16:42:32.135Z] > git ls-files --stage -- /home/adt/developement/mkratings/views/missing.ejs [2ms]
[2022-10-25T16:42:33.987Z] > git show --textconv :views/login.ejs [9ms]
[2022-10-25T16:42:33.989Z] > git ls-files --stage -- /home/adt/developement/mkratings/views/login.ejs [3ms]
[2022-10-25T16:42:39.029Z] > git show --textconv :views/index.ejs [8ms]
[2022-10-25T16:42:39.031Z] > git ls-files --stage -- /home/adt/developement/mkratings/views/index.ejs [2ms]
[2022-10-25T16:42:40.489Z] > git show --textconv :views/about.ejs [9ms]
[2022-10-25T16:42:40.491Z] > git ls-files --stage -- /home/adt/developement/mkratings/views/about.ejs [3ms]
[2022-10-25T16:42:47.150Z] > git status -z -uall [4ms]
[2022-10-25T16:42:47.157Z] > git symbolic-ref --short HEAD [2ms]
[2022-10-25T16:42:47.165Z] > git for-each-ref --format=%(refname)%00%(upstream:short)%00%(objectname)%00%(upstream:track)%00%(upstream:remotename)%00%(upstream:remoteref) refs/heads/main refs/remotes/main [1ms]
[2022-10-25T16:42:47.177Z] > git remote --verbose [2ms]
[2022-10-25T16:42:47.178Z] > git for-each-ref --sort -committerdate --format %(refname) %(objectname) %(*objectname) [7ms]
[2022-10-25T16:42:47.195Z] > git config --get commit.template [1ms]
[2022-10-25T16:44:56.295Z] > git show --textconv :views/login.ejs [9ms]
[2022-10-25T16:44:56.297Z] > git ls-files --stage -- /home/adt/developement/mkratings/views/login.ejs [3ms]
[2022-10-25T16:44:57.403Z] > git status -z -uall [11ms]
[2022-10-25T16:44:57.411Z] > git symbolic-ref --short HEAD [2ms]
[2022-10-25T16:44:57.418Z] > git for-each-ref --format=%(refname)%00%(upstream:short)%00%(objectname)%00%(upstream:track)%00%(upstream:remotename)%00%(upstream:remoteref) refs/heads/main refs/remotes/main [1ms]
[2022-10-25T16:44:57.427Z] > git for-each-ref --sort -committerdate --format %(refname) %(objectname) %(*objectname) [5ms]
[2022-10-25T16:44:57.427Z] > git remote --verbose [1ms]
[2022-10-25T16:44:57.442Z] > git config --get commit.template [1ms]
[2022-10-25T16:44:58.112Z] > git show --textconv :views/index.ejs [9ms]
[2022-10-25T16:44:58.114Z] > git ls-files --stage -- /home/adt/developement/mkratings/views/index.ejs [3ms]
[2022-10-25T16:45:01.450Z] > git check-ignore -v -z --stdin [0ms]
[2022-10-25T17:00:51.458Z] > git status -z -uall [4ms]
[2022-10-25T17:00:51.462Z] > git symbolic-ref --short HEAD [1ms]
[2022-10-25T17:00:51.466Z] > git for-each-ref --format=%(refname)%00%(upstream:short)%00%(objectname)%00%(upstream:track)%00%(upstream:remotename)%00%(upstream:remoteref) refs/heads/main refs/remotes/main [1ms]
[2022-10-25T17:00:51.473Z] > git for-each-ref --sort -committerdate --format %(refname) %(objectname) %(*objectname) [4ms]
[2022-10-25T17:00:51.473Z] > git remote --verbose [1ms]
[2022-10-25T17:00:51.488Z] > git config --get commit.template [2ms]
[2022-10-25T17:00:55.940Z] > git check-ignore -v -z --stdin [2ms]
[2022-10-25T17:00:56.508Z] > git status -z -uall [10ms]
[2022-10-25T17:00:56.518Z] > git symbolic-ref --short HEAD [2ms]
[2022-10-25T17:00:56.525Z] > git for-each-ref --format=%(refname)%00%(upstream:short)%00%(objectname)%00%(upstream:track)%00%(upstream:remotename)%00%(upstream:remoteref) refs/heads/main refs/remotes/main [1ms]
[2022-10-25T17:00:56.536Z] > git for-each-ref --sort -committerdate --format %(refname) %(objectname) %(*objectname) [5ms]
[2022-10-25T17:00:56.537Z] > git remote --verbose [2ms]
[2022-10-25T17:00:56.550Z] > git config --get commit.template [0ms]
[2022-10-25T17:00:57.874Z] > git show --textconv :routes/login.js [10ms]
[2022-10-25T17:00:57.876Z] > git ls-files --stage -- /home/adt/developement/mkratings/routes/login.js [3ms]
[2022-10-25T17:01:04.007Z] > git check-ignore -v -z --stdin [2ms]
[2022-10-25T17:16:18.397Z] > git check-ignore -v -z --stdin [1ms]
[2022-10-25T17:16:48.418Z] > git check-ignore -v -z --stdin [2ms]
[2022-10-25T17:22:11.900Z] > git status -z -uall [8ms]
[2022-10-25T17:22:11.903Z] > git ls-files --stage -- /home/adt/developement/mkratings/routes/login.js [4ms]
[2022-10-25T17:22:11.906Z] > git symbolic-ref --short HEAD [3ms]
[2022-10-25T17:22:11.910Z] > git cat-file -s 57ae43adb865b6f8ce7300ddf49f12580f5b9077 [4ms]
[2022-10-25T17:22:11.911Z] > git for-each-ref --format=%(refname)%00%(upstream:short)%00%(objectname)%00%(upstream:track)%00%(upstream:remotename)%00%(upstream:remoteref) refs/heads/main refs/remotes/main [1ms]
[2022-10-25T17:22:11.917Z] > git for-each-ref --sort -committerdate --format %(refname) %(objectname) %(*objectname) [3ms]
[2022-10-25T17:22:11.917Z] > git remote --verbose [1ms]
[2022-10-25T17:22:11.932Z] > git show --textconv :routes/login.js [6ms]
[2022-10-25T17:22:11.932Z] > git config --get commit.template [2ms]
[2022-10-25T17:22:13.508Z] > git show --textconv :teacher_list.txt [8ms]
[2022-10-25T17:22:13.510Z] > git ls-files --stage -- /home/adt/developement/mkratings/teacher_list.txt [2ms]
[2022-10-25T17:22:13.514Z] > git cat-file -s b0ae657c65cfe9092b399d3888ef24d564691c41 [1ms]
[2022-10-25T17:22:16.951Z] > git status -z -uall [10ms]
[2022-10-25T17:22:16.960Z] > git symbolic-ref --short HEAD [2ms]
[2022-10-25T17:22:16.969Z] > git for-each-ref --format=%(refname)%00%(upstream:short)%00%(objectname)%00%(upstream:track)%00%(upstream:remotename)%00%(upstream:remoteref) refs/heads/main refs/remotes/main [2ms]
[2022-10-25T17:22:16.982Z] > git for-each-ref --sort -committerdate --format %(refname) %(objectname) %(*objectname) [7ms]
[2022-10-25T17:22:16.982Z] > git remote --verbose [1ms]
[2022-10-25T17:22:16.989Z] > git config --get commit.template [1ms]
[2022-10-25T17:29:53.768Z] > git status -z -uall [5ms]
[2022-10-25T17:29:53.772Z] > git symbolic-ref --short HEAD [1ms]
[2022-10-25T17:29:53.779Z] > git for-each-ref --format=%(refname)%00%(upstream:short)%00%(objectname)%00%(upstream:track)%00%(upstream:remotename)%00%(upstream:remoteref) refs/heads/main refs/remotes/main [0ms]
[2022-10-25T17:29:53.785Z] > git for-each-ref --sort -committerdate --format %(refname) %(objectname) %(*objectname) [3ms]
[2022-10-25T17:29:53.785Z] > git remote --verbose [1ms]
[2022-10-25T17:29:53.791Z] > git config --get commit.template [1ms]
[2022-10-25T17:30:03.453Z] > git show --textconv :views/css/style.css [3ms]
[2022-10-25T17:30:03.454Z] > git ls-files --stage -- /home/adt/developement/mkratings/views/css/style.css [1ms]
[2022-10-25T17:30:03.457Z] > git cat-file -s e69de29bb2d1d6434b8b29ae775ad8c2e48c5391 [1ms]
