[2022-10-28T17:43:59.541Z] Log level: Info
[2022-10-28T17:43:59.543Z] [info] Validating found git in: git
[2022-10-28T17:43:59.555Z] [info] Using git 2.38.1 from git
[2022-10-28T17:43:59.573Z] > git rev-parse --show-toplevel [6ms]
[2022-10-28T17:43:59.583Z] > git rev-parse --git-dir --git-common-dir [1ms]
[2022-10-28T17:43:59.591Z] [info] Open repository: /home/adt/development/mkratings
[2022-10-28T17:43:59.606Z] > git rev-parse --show-toplevel [1ms]
[2022-10-28T17:43:59.612Z] > git status -z -uall [13ms]
[2022-10-28T17:43:59.617Z] > git rev-parse --show-toplevel [6ms]
[2022-10-28T17:43:59.622Z] > git symbolic-ref --short HEAD [6ms]
[2022-10-28T17:43:59.627Z] > git rev-parse --show-toplevel [6ms]
[2022-10-28T17:43:59.631Z] > git for-each-ref --format=%(refname)%00%(upstream:short)%00%(objectname)%00%(upstream:track)%00%(upstream:remotename)%00%(upstream:remoteref) refs/heads/main refs/remotes/main [5ms]
[2022-10-28T17:43:59.647Z] > git remote --verbose [8ms]
[2022-10-28T17:43:59.648Z] > git for-each-ref --sort -committerdate --format %(refname) %(objectname) %(*objectname) [13ms]
[2022-10-28T17:43:59.680Z] > git rev-parse --show-toplevel [49ms]
[2022-10-28T17:43:59.684Z] > git config --get commit.template [1ms]
[2022-10-28T17:43:59.887Z] > git status -z -uall [198ms]
[2022-10-28T17:43:59.892Z] > git symbolic-ref --short HEAD [2ms]
[2022-10-28T17:43:59.896Z] > git for-each-ref --format=%(refname)%00%(upstream:short)%00%(objectname)%00%(upstream:track)%00%(upstream:remotename)%00%(upstream:remoteref) refs/heads/main refs/remotes/main [1ms]
[2022-10-28T17:43:59.904Z] > git for-each-ref --sort -committerdate --format %(refname) %(objectname) %(*objectname) [4ms]
[2022-10-28T17:43:59.905Z] > git remote --verbose [2ms]
[2022-10-28T17:43:59.944Z] > git config --get commit.template [13ms]
[2022-10-28T17:44:00.206Z] > git show --textconv :views/login.ejs [4ms]
[2022-10-28T17:44:00.206Z] > git ls-files --stage -- /home/adt/development/mkratings/views/login.ejs [1ms]
[2022-10-28T17:44:00.210Z] > git cat-file -s 01ad87c8c6dd267a6eb35b8dc6a86bf529bc57d1 [1ms]
[2022-10-28T17:44:00.384Z] > git check-ignore -v -z --stdin [5ms]
[2022-10-28T18:44:35.740Z] > git status -z -uall [9ms]
[2022-10-28T18:44:35.744Z] > git symbolic-ref --short HEAD [1ms]
[2022-10-28T18:44:35.748Z] > git for-each-ref --format=%(refname)%00%(upstream:short)%00%(objectname)%00%(upstream:track)%00%(upstream:remotename)%00%(upstream:remoteref) refs/heads/main refs/remotes/main [0ms]
[2022-10-28T18:44:35.756Z] > git for-each-ref --sort -committerdate --format %(refname) %(objectname) %(*objectname) [4ms]
[2022-10-28T18:44:35.757Z] > git remote --verbose [2ms]
[2022-10-28T18:44:35.778Z] > git config --get commit.template [1ms]
[2022-10-28T18:44:35.786Z] > git ls-files --stage -- /home/adt/development/mkratings/views/login.ejs [2ms]
[2022-10-28T18:44:35.790Z] > git cat-file -s 01ad87c8c6dd267a6eb35b8dc6a86bf529bc57d1 [1ms]
[2022-10-28T18:44:35.803Z] > git show --textconv :views/login.ejs [1ms]
[2022-10-28T18:45:14.588Z] > git status -z -uall [12ms]
[2022-10-28T18:45:14.593Z] > git symbolic-ref --short HEAD [1ms]
[2022-10-28T18:45:14.598Z] > git for-each-ref --format=%(refname)%00%(upstream:short)%00%(objectname)%00%(upstream:track)%00%(upstream:remotename)%00%(upstream:remoteref) refs/heads/main refs/remotes/main [1ms]
[2022-10-28T18:45:14.607Z] > git remote --verbose [1ms]
[2022-10-28T18:45:14.607Z] > git for-each-ref --sort -committerdate --format %(refname) %(objectname) %(*objectname) [5ms]
[2022-10-28T18:45:14.623Z] > git config --get commit.template [1ms]
[2022-10-28T18:56:42.576Z] > git status -z -uall [8ms]
[2022-10-28T18:56:42.580Z] > git symbolic-ref --short HEAD [1ms]
[2022-10-28T18:56:42.584Z] > git for-each-ref --format=%(refname)%00%(upstream:short)%00%(objectname)%00%(upstream:track)%00%(upstream:remotename)%00%(upstream:remoteref) refs/heads/main refs/remotes/main [1ms]
[2022-10-28T18:56:42.591Z] > git for-each-ref --sort -committerdate --format %(refname) %(objectname) %(*objectname) [4ms]
[2022-10-28T18:56:42.591Z] > git remote --verbose [1ms]
[2022-10-28T18:56:42.608Z] > git config --get commit.template [1ms]
[2022-10-28T19:07:42.214Z] > git status -z -uall [8ms]
[2022-10-28T19:07:42.218Z] > git symbolic-ref --short HEAD [1ms]
[2022-10-28T19:07:42.222Z] > git for-each-ref --format=%(refname)%00%(upstream:short)%00%(objectname)%00%(upstream:track)%00%(upstream:remotename)%00%(upstream:remoteref) refs/heads/main refs/remotes/main [1ms]
[2022-10-28T19:07:42.230Z] > git for-each-ref --sort -committerdate --format %(refname) %(objectname) %(*objectname) [5ms]
[2022-10-28T19:07:42.230Z] > git remote --verbose [1ms]
[2022-10-28T19:07:42.245Z] > git config --get commit.template [0ms]
