2023-03-07 13:46:29.445 [info] Log level: Info
2023-03-07 13:46:29.445 [info] Validating found git in: "git"
2023-03-07 13:46:29.445 [info] Using git "2.39.1" from "git"
2023-03-07 13:46:29.447 [info] > git rev-parse --show-toplevel [11ms]
2023-03-07 13:46:29.453 [info] > git rev-parse --git-dir --git-common-dir [1ms]
2023-03-07 13:46:29.461 [info] Open repository: /home/adt/dotfiles/.config
2023-03-07 13:46:29.473 [info] > git rev-parse --show-toplevel [5ms]
2023-03-07 13:46:29.480 [info] > git rev-parse --show-toplevel [1ms]
2023-03-07 13:46:29.485 [info] > git config --get commit.template [12ms]
2023-03-07 13:46:29.487 [info] > git rev-parse --show-toplevel [3ms]
2023-03-07 13:46:29.526 [info] > git for-each-ref --format=%(refname)%00%(upstream:short)%00%(objectname)%00%(upstream:track)%00%(upstream:remotename)%00%(upstream:remoteref) refs/heads/main refs/remotes/main [30ms]
2023-03-07 13:46:29.542 [info] > git rev-parse --show-toplevel [51ms]
2023-03-07 13:46:29.552 [info] > git rev-parse --show-toplevel [1ms]
2023-03-07 13:46:29.557 [info] > git for-each-ref --sort -committerdate --format %(refname) %(objectname) %(*objectname) [16ms]
2023-03-07 13:46:29.562 [info] > git rev-parse --show-toplevel [5ms]
2023-03-07 13:46:29.579 [info] > git status -z -uall [46ms]
2023-03-07 13:46:29.579 [info] > git rev-parse --show-toplevel [12ms]
2023-03-07 13:46:29.662 [info] > git rev-parse --show-toplevel [77ms]
2023-03-07 13:46:30.036 [info] > git rev-parse --show-toplevel [369ms]
2023-03-07 13:46:30.042 [info] > git config --get commit.template [380ms]
2023-03-07 13:46:30.061 [info] > git rev-parse --show-toplevel [20ms]
2023-03-07 13:46:30.146 [info] > git rev-parse --show-toplevel [78ms]
2023-03-07 13:46:30.165 [info] > git rev-parse --show-toplevel [14ms]
2023-03-07 13:46:30.171 [info] > git for-each-ref --format=%(refname)%00%(upstream:short)%00%(objectname)%00%(upstream:track)%00%(upstream:remotename)%00%(upstream:remoteref) refs/heads/main refs/remotes/main [36ms]
2023-03-07 13:46:30.206 [info] > git status -z -uall [31ms]
2023-03-07 13:46:30.207 [info] > git for-each-ref --sort -committerdate --format %(refname) %(objectname) %(*objectname) [24ms]
2023-03-07 13:46:30.207 [info] > git rev-parse --show-toplevel [37ms]
2023-03-07 13:46:30.217 [info] > git rev-parse --show-toplevel [4ms]
2023-03-07 13:46:30.288 [info] > git rev-parse --show-toplevel [65ms]
2023-03-07 13:46:30.307 [info] > git rev-parse --show-toplevel [14ms]
2023-03-07 13:46:30.334 [info] > git rev-parse --show-toplevel [22ms]
2023-03-07 13:46:30.632 [info] > git rev-parse --show-toplevel [293ms]
2023-03-07 13:46:30.667 [info] > git rev-parse --show-toplevel [30ms]
2023-03-07 13:46:30.680 [info] > git check-ignore -v -z --stdin [28ms]
2023-03-07 13:46:30.682 [info] > git rev-parse --show-toplevel [9ms]
2023-03-07 13:46:30.703 [info] > git rev-parse --show-toplevel [15ms]
2023-03-07 13:46:30.713 [info] > git rev-parse --show-toplevel [3ms]
2023-03-07 13:46:30.734 [info] > git rev-parse --show-toplevel [15ms]
2023-03-07 13:46:30.743 [info] > git rev-parse --show-toplevel [1ms]
2023-03-07 13:46:30.752 [info] > git rev-parse --show-toplevel [2ms]
2023-03-07 13:46:30.758 [info] > git rev-parse --show-toplevel [1ms]
2023-03-07 13:46:30.765 [info] > git rev-parse --show-toplevel [1ms]
2023-03-07 13:46:30.771 [info] > git rev-parse --show-toplevel [1ms]
2023-03-07 13:46:30.779 [info] > git rev-parse --show-toplevel [1ms]
2023-03-07 13:46:30.795 [info] > git show --textconv :xmonad/xmonad.hs [7ms]
2023-03-07 13:46:30.797 [info] > git ls-files --stage -- /home/adt/dotfiles/.config/xmonad/xmonad.hs [2ms]
2023-03-07 13:46:30.809 [info] > git cat-file -s d078eeaf1c83b05e0e2a52bae61db4d266e393f1 [8ms]
2023-03-07 13:46:53.252 [info] > git config --get commit.template [1ms]
2023-03-07 13:46:53.259 [info] > git for-each-ref --format=%(refname)%00%(upstream:short)%00%(objectname)%00%(upstream:track)%00%(upstream:remotename)%00%(upstream:remoteref) refs/heads/main refs/remotes/main [1ms]
2023-03-07 13:46:53.273 [info] > git status -z -uall [10ms]
2023-03-07 13:46:53.273 [info] > git for-each-ref --sort -committerdate --format %(refname) %(objectname) %(*objectname) [4ms]
2023-03-07 13:46:58.329 [info] > git config --get commit.template [2ms]
2023-03-07 13:46:58.344 [info] > git for-each-ref --format=%(refname)%00%(upstream:short)%00%(objectname)%00%(upstream:track)%00%(upstream:remotename)%00%(upstream:remoteref) refs/heads/main refs/remotes/main [2ms]
2023-03-07 13:46:58.364 [info] > git status -z -uall [10ms]
2023-03-07 13:46:58.364 [info] > git for-each-ref --sort -committerdate --format %(refname) %(objectname) %(*objectname) [2ms]
2023-03-07 13:47:13.527 [info] > git config --get commit.template [1ms]
2023-03-07 13:47:13.535 [info] > git for-each-ref --format=%(refname)%00%(upstream:short)%00%(objectname)%00%(upstream:track)%00%(upstream:remotename)%00%(upstream:remoteref) refs/heads/main refs/remotes/main [2ms]
2023-03-07 13:47:13.548 [info] > git status -z -uall [9ms]
2023-03-07 13:47:13.549 [info] > git for-each-ref --sort -committerdate --format %(refname) %(objectname) %(*objectname) [5ms]
2023-03-07 13:47:29.040 [info] > git config --get commit.template [2ms]
2023-03-07 13:47:29.046 [info] > git for-each-ref --format=%(refname)%00%(upstream:short)%00%(objectname)%00%(upstream:track)%00%(upstream:remotename)%00%(upstream:remoteref) refs/heads/main refs/remotes/main [1ms]
2023-03-07 13:47:29.056 [info] > git for-each-ref --sort -committerdate --format %(refname) %(objectname) %(*objectname) [1ms]
2023-03-07 13:47:29.059 [info] > git status -z -uall [9ms]
2023-03-07 13:47:34.099 [info] > git config --get commit.template [1ms]
2023-03-07 13:47:34.108 [info] > git for-each-ref --format=%(refname)%00%(upstream:short)%00%(objectname)%00%(upstream:track)%00%(upstream:remotename)%00%(upstream:remoteref) refs/heads/main refs/remotes/main [1ms]
2023-03-07 13:47:34.120 [info] > git for-each-ref --sort -committerdate --format %(refname) %(objectname) %(*objectname) [1ms]
2023-03-07 13:47:34.122 [info] > git status -z -uall [9ms]
2023-03-07 13:47:39.161 [info] > git config --get commit.template [1ms]
2023-03-07 13:47:39.171 [info] > git for-each-ref --format=%(refname)%00%(upstream:short)%00%(objectname)%00%(upstream:track)%00%(upstream:remotename)%00%(upstream:remoteref) refs/heads/main refs/remotes/main [2ms]
2023-03-07 13:47:39.190 [info] > git for-each-ref --sort -committerdate --format %(refname) %(objectname) %(*objectname) [2ms]
2023-03-07 13:47:39.192 [info] > git status -z -uall [12ms]
2023-03-07 13:47:44.244 [info] > git config --get commit.template [13ms]
2023-03-07 13:47:44.245 [info] > git for-each-ref --format=%(refname)%00%(upstream:short)%00%(objectname)%00%(upstream:track)%00%(upstream:remotename)%00%(upstream:remoteref) refs/heads/main refs/remotes/main [4ms]
2023-03-07 13:47:44.262 [info] > git for-each-ref --sort -committerdate --format %(refname) %(objectname) %(*objectname) [1ms]
2023-03-07 13:47:44.264 [info] > git status -z -uall [11ms]
2023-03-07 13:47:49.323 [info] > git config --get commit.template [14ms]
2023-03-07 13:47:49.324 [info] > git for-each-ref --format=%(refname)%00%(upstream:short)%00%(objectname)%00%(upstream:track)%00%(upstream:remotename)%00%(upstream:remoteref) refs/heads/main refs/remotes/main [3ms]
2023-03-07 13:47:49.341 [info] > git for-each-ref --sort -committerdate --format %(refname) %(objectname) %(*objectname) [1ms]
2023-03-07 13:47:49.343 [info] > git status -z -uall [11ms]
2023-03-07 13:47:54.393 [info] > git config --get commit.template [9ms]
2023-03-07 13:47:54.394 [info] > git for-each-ref --format=%(refname)%00%(upstream:short)%00%(objectname)%00%(upstream:track)%00%(upstream:remotename)%00%(upstream:remoteref) refs/heads/main refs/remotes/main [3ms]
2023-03-07 13:47:54.424 [info] > git for-each-ref --sort -committerdate --format %(refname) %(objectname) %(*objectname) [1ms]
2023-03-07 13:47:54.426 [info] > git status -z -uall [13ms]
2023-03-07 13:47:59.470 [info] > git config --get commit.template [4ms]
2023-03-07 13:47:59.482 [info] > git for-each-ref --format=%(refname)%00%(upstream:short)%00%(objectname)%00%(upstream:track)%00%(upstream:remotename)%00%(upstream:remoteref) refs/heads/main refs/remotes/main [1ms]
2023-03-07 13:47:59.496 [info] > git for-each-ref --sort -committerdate --format %(refname) %(objectname) %(*objectname) [1ms]
2023-03-07 13:47:59.497 [info] > git status -z -uall [9ms]
2023-03-07 13:48:04.534 [info] > git config --get commit.template [1ms]
2023-03-07 13:48:04.547 [info] > git for-each-ref --format=%(refname)%00%(upstream:short)%00%(objectname)%00%(upstream:track)%00%(upstream:remotename)%00%(upstream:remoteref) refs/heads/main refs/remotes/main [3ms]
2023-03-07 13:48:04.566 [info] > git for-each-ref --sort -committerdate --format %(refname) %(objectname) %(*objectname) [1ms]
2023-03-07 13:48:04.567 [info] > git status -z -uall [10ms]
2023-03-07 13:48:09.612 [info] > git config --get commit.template [14ms]
2023-03-07 13:48:09.613 [info] > git for-each-ref --format=%(refname)%00%(upstream:short)%00%(objectname)%00%(upstream:track)%00%(upstream:remotename)%00%(upstream:remoteref) refs/heads/main refs/remotes/main [2ms]
2023-03-07 13:48:09.643 [info] > git for-each-ref --sort -committerdate --format %(refname) %(objectname) %(*objectname) [1ms]
2023-03-07 13:48:09.645 [info] > git status -z -uall [14ms]
2023-03-07 13:48:14.684 [info] > git config --get commit.template [0ms]
2023-03-07 13:48:14.696 [info] > git for-each-ref --format=%(refname)%00%(upstream:short)%00%(objectname)%00%(upstream:track)%00%(upstream:remotename)%00%(upstream:remoteref) refs/heads/main refs/remotes/main [3ms]
2023-03-07 13:48:14.717 [info] > git for-each-ref --sort -committerdate --format %(refname) %(objectname) %(*objectname) [3ms]
2023-03-07 13:48:14.718 [info] > git status -z -uall [13ms]
2023-03-07 13:48:19.748 [info] > git config --get commit.template [1ms]
2023-03-07 13:48:19.757 [info] > git for-each-ref --format=%(refname)%00%(upstream:short)%00%(objectname)%00%(upstream:track)%00%(upstream:remotename)%00%(upstream:remoteref) refs/heads/main refs/remotes/main [2ms]
2023-03-07 13:48:19.774 [info] > git for-each-ref --sort -committerdate --format %(refname) %(objectname) %(*objectname) [1ms]
2023-03-07 13:48:19.776 [info] > git status -z -uall [10ms]
2023-03-07 13:48:24.823 [info] > git config --get commit.template [9ms]
2023-03-07 13:48:24.824 [info] > git for-each-ref --format=%(refname)%00%(upstream:short)%00%(objectname)%00%(upstream:track)%00%(upstream:remotename)%00%(upstream:remoteref) refs/heads/main refs/remotes/main [3ms]
2023-03-07 13:48:24.841 [info] > git for-each-ref --sort -committerdate --format %(refname) %(objectname) %(*objectname) [1ms]
2023-03-07 13:48:24.843 [info] > git status -z -uall [11ms]
2023-03-07 13:48:29.891 [info] > git config --get commit.template [11ms]
2023-03-07 13:48:29.893 [info] > git for-each-ref --format=%(refname)%00%(upstream:short)%00%(objectname)%00%(upstream:track)%00%(upstream:remotename)%00%(upstream:remoteref) refs/heads/main refs/remotes/main [4ms]
2023-03-07 13:48:29.911 [info] > git for-each-ref --sort -committerdate --format %(refname) %(objectname) %(*objectname) [1ms]
2023-03-07 13:48:29.913 [info] > git status -z -uall [11ms]
2023-03-07 13:48:34.961 [info] > git config --get commit.template [14ms]
2023-03-07 13:48:34.962 [info] > git for-each-ref --format=%(refname)%00%(upstream:short)%00%(objectname)%00%(upstream:track)%00%(upstream:remotename)%00%(upstream:remoteref) refs/heads/main refs/remotes/main [1ms]
2023-03-07 13:48:34.977 [info] > git for-each-ref --sort -committerdate --format %(refname) %(objectname) %(*objectname) [1ms]
2023-03-07 13:48:34.979 [info] > git status -z -uall [11ms]
2023-03-07 13:48:40.011 [info] > git config --get commit.template [2ms]
2023-03-07 13:48:40.024 [info] > git for-each-ref --format=%(refname)%00%(upstream:short)%00%(objectname)%00%(upstream:track)%00%(upstream:remotename)%00%(upstream:remoteref) refs/heads/main refs/remotes/main [1ms]
2023-03-07 13:48:40.041 [info] > git for-each-ref --sort -committerdate --format %(refname) %(objectname) %(*objectname) [1ms]
2023-03-07 13:48:40.042 [info] > git status -z -uall [10ms]
2023-03-07 13:48:45.072 [info] > git config --get commit.template [1ms]
2023-03-07 13:48:45.078 [info] > git for-each-ref --format=%(refname)%00%(upstream:short)%00%(objectname)%00%(upstream:track)%00%(upstream:remotename)%00%(upstream:remoteref) refs/heads/main refs/remotes/main [1ms]
2023-03-07 13:48:45.090 [info] > git status -z -uall [6ms]
2023-03-07 13:48:45.090 [info] > git for-each-ref --sort -committerdate --format %(refname) %(objectname) %(*objectname) [2ms]
2023-03-07 13:48:50.138 [info] > git config --get commit.template [14ms]
2023-03-07 13:48:50.139 [info] > git for-each-ref --format=%(refname)%00%(upstream:short)%00%(objectname)%00%(upstream:track)%00%(upstream:remotename)%00%(upstream:remoteref) refs/heads/main refs/remotes/main [1ms]
2023-03-07 13:48:50.155 [info] > git status -z -uall [8ms]
2023-03-07 13:48:50.162 [info] > git for-each-ref --sort -committerdate --format %(refname) %(objectname) %(*objectname) [9ms]
2023-03-07 13:48:55.208 [info] > git config --get commit.template [13ms]
2023-03-07 13:48:55.210 [info] > git for-each-ref --format=%(refname)%00%(upstream:short)%00%(objectname)%00%(upstream:track)%00%(upstream:remotename)%00%(upstream:remoteref) refs/heads/main refs/remotes/main [3ms]
2023-03-07 13:48:55.227 [info] > git for-each-ref --sort -committerdate --format %(refname) %(objectname) %(*objectname) [2ms]
2023-03-07 13:48:55.228 [info] > git status -z -uall [10ms]
2023-03-07 13:49:00.282 [info] > git config --get commit.template [15ms]
2023-03-07 13:49:00.284 [info] > git for-each-ref --format=%(refname)%00%(upstream:short)%00%(objectname)%00%(upstream:track)%00%(upstream:remotename)%00%(upstream:remoteref) refs/heads/main refs/remotes/main [2ms]
2023-03-07 13:49:00.302 [info] > git for-each-ref --sort -committerdate --format %(refname) %(objectname) %(*objectname) [1ms]
2023-03-07 13:49:00.304 [info] > git status -z -uall [11ms]
2023-03-07 13:49:05.356 [info] > git config --get commit.template [13ms]
2023-03-07 13:49:05.357 [info] > git for-each-ref --format=%(refname)%00%(upstream:short)%00%(objectname)%00%(upstream:track)%00%(upstream:remotename)%00%(upstream:remoteref) refs/heads/main refs/remotes/main [2ms]
2023-03-07 13:49:05.374 [info] > git for-each-ref --sort -committerdate --format %(refname) %(objectname) %(*objectname) [1ms]
2023-03-07 13:49:05.375 [info] > git status -z -uall [10ms]
2023-03-07 13:49:10.415 [info] > git config --get commit.template [0ms]
2023-03-07 13:49:10.429 [info] > git for-each-ref --format=%(refname)%00%(upstream:short)%00%(objectname)%00%(upstream:track)%00%(upstream:remotename)%00%(upstream:remoteref) refs/heads/main refs/remotes/main [4ms]
2023-03-07 13:49:10.449 [info] > git for-each-ref --sort -committerdate --format %(refname) %(objectname) %(*objectname) [1ms]
2023-03-07 13:49:10.450 [info] > git status -z -uall [11ms]
2023-03-07 13:49:15.496 [info] > git config --get commit.template [14ms]
2023-03-07 13:49:15.498 [info] > git for-each-ref --format=%(refname)%00%(upstream:short)%00%(objectname)%00%(upstream:track)%00%(upstream:remotename)%00%(upstream:remoteref) refs/heads/main refs/remotes/main [3ms]
2023-03-07 13:49:15.516 [info] > git for-each-ref --sort -committerdate --format %(refname) %(objectname) %(*objectname) [1ms]
2023-03-07 13:49:15.518 [info] > git status -z -uall [11ms]
2023-03-07 13:49:20.566 [info] > git config --get commit.template [14ms]
2023-03-07 13:49:20.567 [info] > git for-each-ref --format=%(refname)%00%(upstream:short)%00%(objectname)%00%(upstream:track)%00%(upstream:remotename)%00%(upstream:remoteref) refs/heads/main refs/remotes/main [3ms]
2023-03-07 13:49:20.585 [info] > git for-each-ref --sort -committerdate --format %(refname) %(objectname) %(*objectname) [1ms]
2023-03-07 13:49:20.586 [info] > git status -z -uall [10ms]
2023-03-07 13:49:25.856 [info] > git config --get commit.template [6ms]
2023-03-07 13:49:25.857 [info] > git for-each-ref --format=%(refname)%00%(upstream:short)%00%(objectname)%00%(upstream:track)%00%(upstream:remotename)%00%(upstream:remoteref) refs/heads/main refs/remotes/main [1ms]
2023-03-07 13:49:25.871 [info] > git status -z -uall [8ms]
2023-03-07 13:49:25.872 [info] > git for-each-ref --sort -committerdate --format %(refname) %(objectname) %(*objectname) [1ms]
2023-03-07 13:49:30.929 [info] > git config --get commit.template [13ms]
2023-03-07 13:49:30.931 [info] > git for-each-ref --format=%(refname)%00%(upstream:short)%00%(objectname)%00%(upstream:track)%00%(upstream:remotename)%00%(upstream:remoteref) refs/heads/main refs/remotes/main [3ms]
2023-03-07 13:49:30.948 [info] > git for-each-ref --sort -committerdate --format %(refname) %(objectname) %(*objectname) [1ms]
2023-03-07 13:49:30.950 [info] > git status -z -uall [11ms]
2023-03-07 13:49:35.987 [info] > git config --get commit.template [1ms]
2023-03-07 13:49:35.996 [info] > git for-each-ref --format=%(refname)%00%(upstream:short)%00%(objectname)%00%(upstream:track)%00%(upstream:remotename)%00%(upstream:remoteref) refs/heads/main refs/remotes/main [1ms]
2023-03-07 13:49:36.013 [info] > git for-each-ref --sort -committerdate --format %(refname) %(objectname) %(*objectname) [1ms]
2023-03-07 13:49:36.015 [info] > git status -z -uall [12ms]
2023-03-07 13:49:41.050 [info] > git config --get commit.template [1ms]
2023-03-07 13:49:41.064 [info] > git for-each-ref --format=%(refname)%00%(upstream:short)%00%(objectname)%00%(upstream:track)%00%(upstream:remotename)%00%(upstream:remoteref) refs/heads/main refs/remotes/main [3ms]
2023-03-07 13:49:41.084 [info] > git for-each-ref --sort -committerdate --format %(refname) %(objectname) %(*objectname) [1ms]
2023-03-07 13:49:41.085 [info] > git status -z -uall [10ms]
2023-03-07 13:49:46.125 [info] > git config --get commit.template [1ms]
2023-03-07 13:49:46.135 [info] > git for-each-ref --format=%(refname)%00%(upstream:short)%00%(objectname)%00%(upstream:track)%00%(upstream:remotename)%00%(upstream:remoteref) refs/heads/main refs/remotes/main [2ms]
2023-03-07 13:49:46.150 [info] > git status -z -uall [9ms]
2023-03-07 13:49:46.150 [info] > git for-each-ref --sort -committerdate --format %(refname) %(objectname) %(*objectname) [2ms]
2023-03-07 13:49:51.189 [info] > git config --get commit.template [1ms]
2023-03-07 13:49:51.202 [info] > git for-each-ref --format=%(refname)%00%(upstream:short)%00%(objectname)%00%(upstream:track)%00%(upstream:remotename)%00%(upstream:remoteref) refs/heads/main refs/remotes/main [3ms]
2023-03-07 13:49:51.222 [info] > git for-each-ref --sort -committerdate --format %(refname) %(objectname) %(*objectname) [1ms]
2023-03-07 13:49:51.223 [info] > git status -z -uall [11ms]
2023-03-07 13:49:56.265 [info] > git config --get commit.template [8ms]
2023-03-07 13:49:56.266 [info] > git for-each-ref --format=%(refname)%00%(upstream:short)%00%(objectname)%00%(upstream:track)%00%(upstream:remotename)%00%(upstream:remoteref) refs/heads/main refs/remotes/main [1ms]
2023-03-07 13:49:56.279 [info] > git status -z -uall [8ms]
2023-03-07 13:49:56.279 [info] > git for-each-ref --sort -committerdate --format %(refname) %(objectname) %(*objectname) [2ms]
2023-03-07 13:50:01.310 [info] > git config --get commit.template [2ms]
2023-03-07 13:50:01.317 [info] > git for-each-ref --format=%(refname)%00%(upstream:short)%00%(objectname)%00%(upstream:track)%00%(upstream:remotename)%00%(upstream:remoteref) refs/heads/main refs/remotes/main [1ms]
2023-03-07 13:50:01.333 [info] > git status -z -uall [10ms]
2023-03-07 13:50:01.333 [info] > git for-each-ref --sort -committerdate --format %(refname) %(objectname) %(*objectname) [2ms]
2023-03-07 13:50:06.388 [info] > git config --get commit.template [13ms]
2023-03-07 13:50:06.389 [info] > git for-each-ref --format=%(refname)%00%(upstream:short)%00%(objectname)%00%(upstream:track)%00%(upstream:remotename)%00%(upstream:remoteref) refs/heads/main refs/remotes/main [3ms]
2023-03-07 13:50:06.406 [info] > git for-each-ref --sort -committerdate --format %(refname) %(objectname) %(*objectname) [1ms]
2023-03-07 13:50:06.407 [info] > git status -z -uall [10ms]
2023-03-07 13:50:11.460 [info] > git config --get commit.template [14ms]
2023-03-07 13:50:11.461 [info] > git for-each-ref --format=%(refname)%00%(upstream:short)%00%(objectname)%00%(upstream:track)%00%(upstream:remotename)%00%(upstream:remoteref) refs/heads/main refs/remotes/main [3ms]
2023-03-07 13:50:11.478 [info] > git for-each-ref --sort -committerdate --format %(refname) %(objectname) %(*objectname) [1ms]
2023-03-07 13:50:11.480 [info] > git status -z -uall [10ms]
2023-03-07 13:50:16.523 [info] > git config --get commit.template [9ms]
2023-03-07 13:50:16.525 [info] > git for-each-ref --format=%(refname)%00%(upstream:short)%00%(objectname)%00%(upstream:track)%00%(upstream:remotename)%00%(upstream:remoteref) refs/heads/main refs/remotes/main [3ms]
2023-03-07 13:50:16.543 [info] > git for-each-ref --sort -committerdate --format %(refname) %(objectname) %(*objectname) [1ms]
2023-03-07 13:50:16.544 [info] > git status -z -uall [11ms]
2023-03-07 13:50:21.591 [info] > git config --get commit.template [14ms]
2023-03-07 13:50:21.592 [info] > git for-each-ref --format=%(refname)%00%(upstream:short)%00%(objectname)%00%(upstream:track)%00%(upstream:remotename)%00%(upstream:remoteref) refs/heads/main refs/remotes/main [2ms]
2023-03-07 13:50:21.609 [info] > git for-each-ref --sort -committerdate --format %(refname) %(objectname) %(*objectname) [1ms]
2023-03-07 13:50:21.611 [info] > git status -z -uall [11ms]
2023-03-07 13:50:26.653 [info] > git config --get commit.template [0ms]
2023-03-07 13:50:26.665 [info] > git for-each-ref --format=%(refname)%00%(upstream:short)%00%(objectname)%00%(upstream:track)%00%(upstream:remotename)%00%(upstream:remoteref) refs/heads/main refs/remotes/main [2ms]
2023-03-07 13:50:26.682 [info] > git for-each-ref --sort -committerdate --format %(refname) %(objectname) %(*objectname) [2ms]
2023-03-07 13:50:26.683 [info] > git status -z -uall [11ms]
2023-03-07 13:50:31.716 [info] > git config --get commit.template [2ms]
2023-03-07 13:50:31.729 [info] > git for-each-ref --format=%(refname)%00%(upstream:short)%00%(objectname)%00%(upstream:track)%00%(upstream:remotename)%00%(upstream:remoteref) refs/heads/main refs/remotes/main [1ms]
2023-03-07 13:50:31.747 [info] > git for-each-ref --sort -committerdate --format %(refname) %(objectname) %(*objectname) [2ms]
2023-03-07 13:50:31.748 [info] > git status -z -uall [11ms]
2023-03-07 13:50:36.798 [info] > git config --get commit.template [13ms]
2023-03-07 13:50:36.800 [info] > git for-each-ref --format=%(refname)%00%(upstream:short)%00%(objectname)%00%(upstream:track)%00%(upstream:remotename)%00%(upstream:remoteref) refs/heads/main refs/remotes/main [2ms]
2023-03-07 13:50:36.828 [info] > git for-each-ref --sort -committerdate --format %(refname) %(objectname) %(*objectname) [1ms]
2023-03-07 13:50:36.830 [info] > git status -z -uall [13ms]
2023-03-07 13:50:41.869 [info] > git config --get commit.template [1ms]
2023-03-07 13:50:41.885 [info] > git for-each-ref --format=%(refname)%00%(upstream:short)%00%(objectname)%00%(upstream:track)%00%(upstream:remotename)%00%(upstream:remoteref) refs/heads/main refs/remotes/main [3ms]
2023-03-07 13:50:41.905 [info] > git for-each-ref --sort -committerdate --format %(refname) %(objectname) %(*objectname) [1ms]
2023-03-07 13:50:41.906 [info] > git status -z -uall [11ms]
2023-03-07 13:50:46.949 [info] > git config --get commit.template [0ms]
2023-03-07 13:50:46.959 [info] > git for-each-ref --format=%(refname)%00%(upstream:short)%00%(objectname)%00%(upstream:track)%00%(upstream:remotename)%00%(upstream:remoteref) refs/heads/main refs/remotes/main [3ms]
2023-03-07 13:50:46.978 [info] > git for-each-ref --sort -committerdate --format %(refname) %(objectname) %(*objectname) [1ms]
2023-03-07 13:50:46.979 [info] > git status -z -uall [11ms]
2023-03-07 13:50:52.024 [info] > git config --get commit.template [13ms]
2023-03-07 13:50:52.025 [info] > git for-each-ref --format=%(refname)%00%(upstream:short)%00%(objectname)%00%(upstream:track)%00%(upstream:remotename)%00%(upstream:remoteref) refs/heads/main refs/remotes/main [3ms]
2023-03-07 13:50:52.043 [info] > git for-each-ref --sort -committerdate --format %(refname) %(objectname) %(*objectname) [1ms]
2023-03-07 13:50:52.045 [info] > git status -z -uall [11ms]
2023-03-07 13:51:04.956 [info] > git config --get commit.template [1ms]
2023-03-07 13:51:04.962 [info] > git for-each-ref --format=%(refname)%00%(upstream:short)%00%(objectname)%00%(upstream:track)%00%(upstream:remotename)%00%(upstream:remoteref) refs/heads/main refs/remotes/main [1ms]
2023-03-07 13:51:04.974 [info] > git for-each-ref --sort -committerdate --format %(refname) %(objectname) %(*objectname) [1ms]
2023-03-07 13:51:04.977 [info] > git status -z -uall [10ms]
2023-03-07 13:51:10.025 [info] > git config --get commit.template [1ms]
2023-03-07 13:51:10.037 [info] > git for-each-ref --format=%(refname)%00%(upstream:short)%00%(objectname)%00%(upstream:track)%00%(upstream:remotename)%00%(upstream:remoteref) refs/heads/main refs/remotes/main [2ms]
2023-03-07 13:51:10.051 [info] > git for-each-ref --sort -committerdate --format %(refname) %(objectname) %(*objectname) [1ms]
2023-03-07 13:51:10.053 [info] > git status -z -uall [9ms]
2023-03-07 13:51:15.099 [info] > git config --get commit.template [7ms]
2023-03-07 13:51:15.100 [info] > git for-each-ref --format=%(refname)%00%(upstream:short)%00%(objectname)%00%(upstream:track)%00%(upstream:remotename)%00%(upstream:remoteref) refs/heads/main refs/remotes/main [1ms]
2023-03-07 13:51:15.114 [info] > git status -z -uall [8ms]
2023-03-07 13:51:15.114 [info] > git for-each-ref --sort -committerdate --format %(refname) %(objectname) %(*objectname) [2ms]
2023-03-07 13:51:20.146 [info] > git config --get commit.template [1ms]
2023-03-07 13:51:20.152 [info] > git for-each-ref --format=%(refname)%00%(upstream:short)%00%(objectname)%00%(upstream:track)%00%(upstream:remotename)%00%(upstream:remoteref) refs/heads/main refs/remotes/main [1ms]
2023-03-07 13:51:20.166 [info] > git for-each-ref --sort -committerdate --format %(refname) %(objectname) %(*objectname) [2ms]
2023-03-07 13:51:20.168 [info] > git status -z -uall [10ms]
2023-03-07 13:56:21.573 [info] > git config --get commit.template [1ms]
2023-03-07 13:56:21.581 [info] > git for-each-ref --format=%(refname)%00%(upstream:short)%00%(objectname)%00%(upstream:track)%00%(upstream:remotename)%00%(upstream:remoteref) refs/heads/main refs/remotes/main [1ms]
2023-03-07 13:56:21.596 [info] > git status -z -uall [9ms]
2023-03-07 13:56:21.597 [info] > git for-each-ref --sort -committerdate --format %(refname) %(objectname) %(*objectname) [3ms]
2023-03-07 13:56:49.739 [info] > git config --get commit.template [1ms]
2023-03-07 13:56:49.749 [info] > git for-each-ref --format=%(refname)%00%(upstream:short)%00%(objectname)%00%(upstream:track)%00%(upstream:remotename)%00%(upstream:remoteref) refs/heads/main refs/remotes/main [2ms]
2023-03-07 13:56:49.766 [info] > git status -z -uall [10ms]
2023-03-07 13:56:49.767 [info] > git for-each-ref --sort -committerdate --format %(refname) %(objectname) %(*objectname) [2ms]
2023-03-07 13:57:26.711 [info] > git config --get commit.template [1ms]
2023-03-07 13:57:26.719 [info] > git for-each-ref --format=%(refname)%00%(upstream:short)%00%(objectname)%00%(upstream:track)%00%(upstream:remotename)%00%(upstream:remoteref) refs/heads/main refs/remotes/main [1ms]
2023-03-07 13:57:26.734 [info] > git for-each-ref --sort -committerdate --format %(refname) %(objectname) %(*objectname) [2ms]
2023-03-07 13:57:26.736 [info] > git status -z -uall [11ms]
2023-03-07 13:57:31.782 [info] > git config --get commit.template [9ms]
2023-03-07 13:57:31.783 [info] > git for-each-ref --format=%(refname)%00%(upstream:short)%00%(objectname)%00%(upstream:track)%00%(upstream:remotename)%00%(upstream:remoteref) refs/heads/main refs/remotes/main [2ms]
2023-03-07 13:57:31.808 [info] > git status -z -uall [10ms]
2023-03-07 13:57:31.808 [info] > git for-each-ref --sort -committerdate --format %(refname) %(objectname) %(*objectname) [2ms]
2023-03-07 13:57:36.855 [info] > git config --get commit.template [2ms]
2023-03-07 13:57:36.867 [info] > git for-each-ref --format=%(refname)%00%(upstream:short)%00%(objectname)%00%(upstream:track)%00%(upstream:remotename)%00%(upstream:remoteref) refs/heads/main refs/remotes/main [2ms]
2023-03-07 13:57:36.895 [info] > git for-each-ref --sort -committerdate --format %(refname) %(objectname) %(*objectname) [3ms]
2023-03-07 13:57:36.897 [info] > git status -z -uall [18ms]
2023-03-07 13:57:41.972 [info] > git config --get commit.template [7ms]
2023-03-07 13:57:41.973 [info] > git for-each-ref --format=%(refname)%00%(upstream:short)%00%(objectname)%00%(upstream:track)%00%(upstream:remotename)%00%(upstream:remoteref) refs/heads/main refs/remotes/main [1ms]
2023-03-07 13:57:41.999 [info] > git for-each-ref --sort -committerdate --format %(refname) %(objectname) %(*objectname) [2ms]
2023-03-07 13:57:42.003 [info] > git status -z -uall [15ms]
2023-03-07 13:57:43.563 [info] > git show --textconv :xmobar/tomorrow-night-xmobarrc [32ms]
2023-03-07 13:57:43.564 [info] > git ls-files --stage -- /home/adt/dotfiles/.config/xmobar/tomorrow-night-xmobarrc [18ms]
2023-03-07 13:57:43.580 [info] > git cat-file -s dedee8515f98d7b342f94b8fe8b31fbc79bb040e [3ms]
2023-03-07 13:57:47.084 [info] > git config --get commit.template [14ms]
2023-03-07 13:57:47.086 [info] > git for-each-ref --format=%(refname)%00%(upstream:short)%00%(objectname)%00%(upstream:track)%00%(upstream:remotename)%00%(upstream:remoteref) refs/heads/main refs/remotes/main [3ms]
2023-03-07 13:57:47.120 [info] > git for-each-ref --sort -committerdate --format %(refname) %(objectname) %(*objectname) [3ms]
2023-03-07 13:57:47.124 [info] > git status -z -uall [20ms]
2023-03-07 13:57:52.212 [info] > git config --get commit.template [14ms]
2023-03-07 13:57:52.213 [info] > git for-each-ref --format=%(refname)%00%(upstream:short)%00%(objectname)%00%(upstream:track)%00%(upstream:remotename)%00%(upstream:remoteref) refs/heads/main refs/remotes/main [3ms]
2023-03-07 13:57:52.249 [info] > git for-each-ref --sort -committerdate --format %(refname) %(objectname) %(*objectname) [3ms]
2023-03-07 13:57:52.253 [info] > git status -z -uall [21ms]
2023-03-07 13:57:57.336 [info] > git config --get commit.template [16ms]
2023-03-07 13:57:57.341 [info] > git for-each-ref --format=%(refname)%00%(upstream:short)%00%(objectname)%00%(upstream:track)%00%(upstream:remotename)%00%(upstream:remoteref) refs/heads/main refs/remotes/main [6ms]
2023-03-07 13:57:57.374 [info] > git for-each-ref --sort -committerdate --format %(refname) %(objectname) %(*objectname) [6ms]
2023-03-07 13:57:57.378 [info] > git status -z -uall [24ms]
2023-03-07 13:58:02.444 [info] > git config --get commit.template [14ms]
2023-03-07 13:58:02.446 [info] > git for-each-ref --format=%(refname)%00%(upstream:short)%00%(objectname)%00%(upstream:track)%00%(upstream:remotename)%00%(upstream:remoteref) refs/heads/main refs/remotes/main [3ms]
2023-03-07 13:58:02.475 [info] > git for-each-ref --sort -committerdate --format %(refname) %(objectname) %(*objectname) [2ms]
2023-03-07 13:58:02.483 [info] > git status -z -uall [23ms]
2023-03-07 13:58:10.796 [info] > git config --get commit.template [1ms]
2023-03-07 13:58:10.805 [info] > git for-each-ref --format=%(refname)%00%(upstream:short)%00%(objectname)%00%(upstream:track)%00%(upstream:remotename)%00%(upstream:remoteref) refs/heads/main refs/remotes/main [2ms]
2023-03-07 13:58:10.821 [info] > git for-each-ref --sort -committerdate --format %(refname) %(objectname) %(*objectname) [2ms]
2023-03-07 13:58:10.824 [info] > git status -z -uall [11ms]
2023-03-07 14:00:05.339 [info] > git config --get commit.template [7ms]
2023-03-07 14:00:05.340 [info] > git for-each-ref --format=%(refname)%00%(upstream:short)%00%(objectname)%00%(upstream:track)%00%(upstream:remotename)%00%(upstream:remoteref) refs/heads/main refs/remotes/main [2ms]
2023-03-07 14:00:05.354 [info] > git for-each-ref --sort -committerdate --format %(refname) %(objectname) %(*objectname) [2ms]
2023-03-07 14:00:05.356 [info] > git status -z -uall [10ms]
2023-03-07 14:00:14.089 [info] > git config --get commit.template [1ms]
2023-03-07 14:00:14.099 [info] > git for-each-ref --format=%(refname)%00%(upstream:short)%00%(objectname)%00%(upstream:track)%00%(upstream:remotename)%00%(upstream:remoteref) refs/heads/main refs/remotes/main [2ms]
2023-03-07 14:00:14.123 [info] > git status -z -uall [14ms]
2023-03-07 14:00:14.124 [info] > git for-each-ref --sort -committerdate --format %(refname) %(objectname) %(*objectname) [3ms]
2023-03-07 14:14:26.602 [info] > git config --get commit.template [3ms]
2023-03-07 14:14:26.620 [info] > git for-each-ref --format=%(refname)%00%(upstream:short)%00%(objectname)%00%(upstream:track)%00%(upstream:remotename)%00%(upstream:remoteref) refs/heads/main refs/remotes/main [2ms]
2023-03-07 14:14:26.641 [info] > git status -z -uall [11ms]
2023-03-07 14:14:26.641 [info] > git for-each-ref --sort -committerdate --format %(refname) %(objectname) %(*objectname) [2ms]
2023-03-07 14:14:31.693 [info] > git for-each-ref --format=%(refname)%00%(upstream:short)%00%(objectname)%00%(upstream:track)%00%(upstream:remotename)%00%(upstream:remoteref) refs/heads/main refs/remotes/main [7ms]
2023-03-07 14:14:31.693 [info] > git config --get commit.template [14ms]
2023-03-07 14:14:31.709 [info] > git for-each-ref --sort -committerdate --format %(refname) %(objectname) %(*objectname) [2ms]
2023-03-07 14:14:31.709 [info] > git status -z -uall [10ms]
2023-03-07 14:14:36.767 [info] > git config --get commit.template [15ms]
2023-03-07 14:14:36.769 [info] > git for-each-ref --format=%(refname)%00%(upstream:short)%00%(objectname)%00%(upstream:track)%00%(upstream:remotename)%00%(upstream:remoteref) refs/heads/main refs/remotes/main [3ms]
2023-03-07 14:14:36.799 [info] > git for-each-ref --sort -committerdate --format %(refname) %(objectname) %(*objectname) [2ms]
2023-03-07 14:14:36.804 [info] > git status -z -uall [23ms]
2023-03-07 14:16:05.775 [info] > git config --get commit.template [1ms]
2023-03-07 14:16:05.784 [info] > git for-each-ref --format=%(refname)%00%(upstream:short)%00%(objectname)%00%(upstream:track)%00%(upstream:remotename)%00%(upstream:remoteref) refs/heads/main refs/remotes/main [2ms]
2023-03-07 14:16:05.811 [info] > git for-each-ref --sort -committerdate --format %(refname) %(objectname) %(*objectname) [3ms]
2023-03-07 14:16:05.818 [info] > git status -z -uall [23ms]
2023-03-07 14:16:10.891 [info] > git config --get commit.template [2ms]
2023-03-07 14:16:10.906 [info] > git for-each-ref --format=%(refname)%00%(upstream:short)%00%(objectname)%00%(upstream:track)%00%(upstream:remotename)%00%(upstream:remoteref) refs/heads/main refs/remotes/main [3ms]
2023-03-07 14:16:10.935 [info] > git for-each-ref --sort -committerdate --format %(refname) %(objectname) %(*objectname) [3ms]
2023-03-07 14:16:10.940 [info] > git status -z -uall [21ms]
2023-03-07 14:17:24.385 [info] > git config --get commit.template [2ms]
2023-03-07 14:17:24.403 [info] > git for-each-ref --format=%(refname)%00%(upstream:short)%00%(objectname)%00%(upstream:track)%00%(upstream:remotename)%00%(upstream:remoteref) refs/heads/main refs/remotes/main [3ms]
2023-03-07 14:17:24.432 [info] > git for-each-ref --sort -committerdate --format %(refname) %(objectname) %(*objectname) [2ms]
2023-03-07 14:17:24.436 [info] > git status -z -uall [19ms]
2023-03-07 14:17:29.509 [info] > git config --get commit.template [15ms]
2023-03-07 14:17:29.511 [info] > git for-each-ref --format=%(refname)%00%(upstream:short)%00%(objectname)%00%(upstream:track)%00%(upstream:remotename)%00%(upstream:remoteref) refs/heads/main refs/remotes/main [3ms]
2023-03-07 14:17:29.534 [info] > git status -z -uall [12ms]
2023-03-07 14:17:29.535 [info] > git for-each-ref --sort -committerdate --format %(refname) %(objectname) %(*objectname) [6ms]
2023-03-07 14:17:34.616 [info] > git config --get commit.template [11ms]
2023-03-07 14:17:34.619 [info] > git for-each-ref --format=%(refname)%00%(upstream:short)%00%(objectname)%00%(upstream:track)%00%(upstream:remotename)%00%(upstream:remoteref) refs/heads/main refs/remotes/main [4ms]
2023-03-07 14:17:34.650 [info] > git for-each-ref --sort -committerdate --format %(refname) %(objectname) %(*objectname) [3ms]
2023-03-07 14:17:34.656 [info] > git status -z -uall [25ms]
2023-03-07 14:17:39.751 [info] > git config --get commit.template [19ms]
2023-03-07 14:17:39.753 [info] > git for-each-ref --format=%(refname)%00%(upstream:short)%00%(objectname)%00%(upstream:track)%00%(upstream:remotename)%00%(upstream:remoteref) refs/heads/main refs/remotes/main [3ms]
2023-03-07 14:17:39.790 [info] > git for-each-ref --sort -committerdate --format %(refname) %(objectname) %(*objectname) [4ms]
2023-03-07 14:17:39.795 [info] > git status -z -uall [27ms]
2023-03-07 14:17:44.880 [info] > git config --get commit.template [3ms]
2023-03-07 14:17:44.897 [info] > git for-each-ref --format=%(refname)%00%(upstream:short)%00%(objectname)%00%(upstream:track)%00%(upstream:remotename)%00%(upstream:remoteref) refs/heads/main refs/remotes/main [3ms]
2023-03-07 14:17:44.929 [info] > git for-each-ref --sort -committerdate --format %(refname) %(objectname) %(*objectname) [2ms]
2023-03-07 14:17:44.933 [info] > git status -z -uall [22ms]
2023-03-07 14:17:50.034 [info] > git config --get commit.template [23ms]
2023-03-07 14:17:50.035 [info] > git for-each-ref --format=%(refname)%00%(upstream:short)%00%(objectname)%00%(upstream:track)%00%(upstream:remotename)%00%(upstream:remoteref) refs/heads/main refs/remotes/main [5ms]
2023-03-07 14:17:50.072 [info] > git for-each-ref --sort -committerdate --format %(refname) %(objectname) %(*objectname) [4ms]
2023-03-07 14:17:50.075 [info] > git status -z -uall [24ms]
2023-03-07 14:17:55.146 [info] > git config --get commit.template [17ms]
2023-03-07 14:17:55.149 [info] > git for-each-ref --format=%(refname)%00%(upstream:short)%00%(objectname)%00%(upstream:track)%00%(upstream:remotename)%00%(upstream:remoteref) refs/heads/main refs/remotes/main [3ms]
2023-03-07 14:17:55.182 [info] > git for-each-ref --sort -committerdate --format %(refname) %(objectname) %(*objectname) [3ms]
2023-03-07 14:17:55.186 [info] > git status -z -uall [23ms]
2023-03-07 14:18:00.259 [info] > git config --get commit.template [3ms]
2023-03-07 14:18:00.275 [info] > git for-each-ref --format=%(refname)%00%(upstream:short)%00%(objectname)%00%(upstream:track)%00%(upstream:remotename)%00%(upstream:remoteref) refs/heads/main refs/remotes/main [3ms]
2023-03-07 14:18:00.310 [info] > git for-each-ref --sort -committerdate --format %(refname) %(objectname) %(*objectname) [5ms]
2023-03-07 14:18:00.316 [info] > git status -z -uall [27ms]
2023-03-07 14:18:05.445 [info] > git config --get commit.template [16ms]
2023-03-07 14:18:05.446 [info] > git for-each-ref --format=%(refname)%00%(upstream:short)%00%(objectname)%00%(upstream:track)%00%(upstream:remotename)%00%(upstream:remoteref) refs/heads/main refs/remotes/main [3ms]
2023-03-07 14:18:05.479 [info] > git for-each-ref --sort -committerdate --format %(refname) %(objectname) %(*objectname) [3ms]
2023-03-07 14:18:05.484 [info] > git status -z -uall [24ms]
2023-03-07 14:18:24.188 [info] > git config --get commit.template [1ms]
2023-03-07 14:18:24.196 [info] > git for-each-ref --format=%(refname)%00%(upstream:short)%00%(objectname)%00%(upstream:track)%00%(upstream:remotename)%00%(upstream:remoteref) refs/heads/main refs/remotes/main [1ms]
2023-03-07 14:18:24.213 [info] > git status -z -uall [10ms]
2023-03-07 14:18:24.213 [info] > git for-each-ref --sort -committerdate --format %(refname) %(objectname) %(*objectname) [3ms]
2023-03-07 14:18:30.959 [info] > git config --get commit.template [1ms]
2023-03-07 14:18:30.977 [info] > git for-each-ref --format=%(refname)%00%(upstream:short)%00%(objectname)%00%(upstream:track)%00%(upstream:remotename)%00%(upstream:remoteref) refs/heads/main refs/remotes/main [4ms]
2023-03-07 14:18:31.003 [info] > git for-each-ref --sort -committerdate --format %(refname) %(objectname) %(*objectname) [2ms]
2023-03-07 14:18:31.005 [info] > git status -z -uall [16ms]
