Generated:
/home/adt/development/MapGraph/scss/main.css.map
/home/adt/development/MapGraph/scss/main.css
--------------------
Watching...
--------------------
Watching...
--------------------
Watching...
--------------------
Watching...
--------------------
Watching...
--------------------
Change detected - 1/24/2023, 9:19:49 AM
main.scss
--------------------
Generated:
/home/adt/development/MapGraph/dist/css/main.css.map
/home/adt/development/MapGraph/dist/css/main.css
--------------------
Watching...
--------------------
Change detected - 1/24/2023, 12:54:49 PM
main.scss
--------------------
Generated:
/home/adt/development/MapGraph/dist/css/main.css.map
/home/adt/development/MapGraph/dist/css/main.css
--------------------
Watching...
--------------------
