[2022-10-29 20:10:54.881] [exthost] [info] Extension host with pid 6279 started
[2022-10-29 20:10:54.881] [exthost] [info] Skipping acquiring lock for /home/adt/cf/.config/Code - OSS/User/workspaceStorage/24109fe8484ff71f592a027e5cedea5f.
[2022-10-29 20:10:54.929] [exthost] [info] ExtensionService#_doActivateExtension vscode.debug-auto-launch, startup: true, activationEvent: '*'
[2022-10-29 20:10:54.930] [exthost] [info] ExtensionService#_doActivateExtension vscode.git-base, startup: true, activationEvent: '*', root cause: vscode.git
[2022-10-29 20:10:54.930] [exthost] [info] ExtensionService#_doActivateExtension vscode.ipynb, startup: true, activationEvent: '*'
[2022-10-29 20:10:54.930] [exthost] [info] ExtensionService#_doActivateExtension ecmel.vscode-html-css, startup: true, activationEvent: '*'
[2022-10-29 20:10:54.930] [exthost] [info] ExtensionService#_doActivateExtension vscode.npm, startup: true, activationEvent: 'workspaceContains:package.json'
[2022-10-29 20:10:55.029] [exthost] [info] ExtensionService#_doActivateExtension vscode.git, startup: true, activationEvent: '*'
[2022-10-29 20:10:55.029] [exthost] [info] ExtensionService#_doActivateExtension vscode.github, startup: true, activationEvent: '*'
[2022-10-29 20:10:55.331] [exthost] [info] Eager extensions activated
[2022-10-29 20:10:55.338] [exthost] [info] ExtensionService#_doActivateExtension vscode.emmet, startup: false, activationEvent: 'onStartupFinished'
[2022-10-29 20:10:55.338] [exthost] [info] ExtensionService#_doActivateExtension vscode.merge-conflict, startup: false, activationEvent: 'onStartupFinished'
[2022-10-29 20:10:56.243] [exthost] [info] ExtensionService#_doActivateExtension vscode.extension-editing, startup: false, activationEvent: 'onLanguage:markdown'
[2022-10-29 20:10:56.244] [exthost] [info] ExtensionService#_doActivateExtension vscode.markdown-language-features, startup: false, activationEvent: 'onLanguage:markdown'
[2022-10-29 20:10:56.586] [exthost] [info] ExtensionService#_doActivateExtension vscode.markdown-math, startup: false, activationEvent: 'api', root cause: vscode.markdown-language-features
[2022-10-29 20:13:46.155] [exthost] [info] Extension host terminating: received terminate message from renderer
[2022-10-29 20:13:46.164] [exthost] [info] Extension host with pid 6279 exiting with code 0
[2022-10-29 20:13:47.890] [exthost] [info] Extension host with pid 7834 started
[2022-10-29 20:13:47.890] [exthost] [info] Skipping acquiring lock for /home/adt/cf/.config/Code - OSS/User/workspaceStorage/40a9be5684cfd1912588694dd7619d65.
[2022-10-29 20:13:47.993] [exthost] [info] ExtensionService#_doActivateExtension vscode.html-language-features, startup: false, activationEvent: 'onLanguage:html'
[2022-10-29 20:13:47.993] [exthost] [info] ExtensionService#_doActivateExtension vscode.debug-auto-launch, startup: true, activationEvent: '*'
[2022-10-29 20:13:47.993] [exthost] [info] ExtensionService#_doActivateExtension vscode.git-base, startup: true, activationEvent: '*', root cause: vscode.git
[2022-10-29 20:13:47.993] [exthost] [info] ExtensionService#_doActivateExtension vscode.ipynb, startup: true, activationEvent: '*'
[2022-10-29 20:13:47.994] [exthost] [info] ExtensionService#_doActivateExtension ecmel.vscode-html-css, startup: true, activationEvent: '*'
[2022-10-29 20:13:47.994] [exthost] [info] ExtensionService#_doActivateExtension vscode.npm, startup: true, activationEvent: 'workspaceContains:package.json'
[2022-10-29 20:13:48.076] [exthost] [info] ExtensionService#_doActivateExtension vscode.git, startup: true, activationEvent: '*'
[2022-10-29 20:13:48.076] [exthost] [info] ExtensionService#_doActivateExtension vscode.github, startup: true, activationEvent: '*'
[2022-10-29 20:13:48.282] [exthost] [info] Eager extensions activated
[2022-10-29 20:13:48.317] [exthost] [warning] [Decorations] CAPPING events from decorations provider vscode.git 1206
[2022-10-29 20:13:48.331] [exthost] [info] ExtensionService#_doActivateExtension vscode.emmet, startup: false, activationEvent: 'onStartupFinished'
[2022-10-29 20:13:48.331] [exthost] [info] ExtensionService#_doActivateExtension vscode.merge-conflict, startup: false, activationEvent: 'onStartupFinished'
[2022-10-29 20:13:48.554] [exthost] [warning] [Decorations] CAPPING events from decorations provider vscode.git 1206
[2022-10-29 20:17:21.230] [exthost] [info] ExtensionService#_doActivateExtension vscode.typescript-language-features, startup: false, activationEvent: 'onLanguage:javascript'
[2022-10-29 20:18:09.785] [exthost] [info] ExtensionService#_doActivateExtension vscode.css-language-features, startup: false, activationEvent: 'onLanguage:css'
