[2022-10-28T02:06:40.749Z] Log level: Info
[2022-10-28T02:06:40.750Z] [info] Validating found git in: git
[2022-10-28T02:06:40.757Z] [info] Using git 2.38.1 from git
[2022-10-28T02:06:40.768Z] > git rev-parse --show-toplevel [3ms]
[2022-10-28T02:06:40.778Z] > git rev-parse --git-dir --git-common-dir [4ms]
[2022-10-28T02:06:40.783Z] [info] Open repository: /home/adt/development/mkratings
[2022-10-28T02:06:40.795Z] > git status -z -uall [6ms]
[2022-10-28T02:06:40.799Z] > git rev-parse --show-toplevel [6ms]
[2022-10-28T02:06:40.805Z] > git symbolic-ref --short HEAD [6ms]
[2022-10-28T02:06:40.811Z] > git rev-parse --show-toplevel [8ms]
[2022-10-28T02:06:40.815Z] > git for-each-ref --format=%(refname)%00%(upstream:short)%00%(objectname)%00%(upstream:track)%00%(upstream:remotename)%00%(upstream:remoteref) refs/heads/main refs/remotes/main [5ms]
[2022-10-28T02:06:40.824Z] > git remote --verbose [2ms]
[2022-10-28T02:06:40.824Z] > git for-each-ref --sort -committerdate --format %(refname) %(objectname) %(*objectname) [5ms]
[2022-10-28T02:06:40.844Z] > git rev-parse --show-toplevel [29ms]
[2022-10-28T02:06:40.852Z] > git rev-parse --show-toplevel [4ms]
[2022-10-28T02:06:40.853Z] > git config --get commit.template [1ms]
[2022-10-28T02:06:40.864Z] > git status -z -uall [6ms]
[2022-10-28T02:06:40.873Z] > git symbolic-ref --short HEAD [4ms]
[2022-10-28T02:06:40.880Z] > git for-each-ref --format=%(refname)%00%(upstream:short)%00%(objectname)%00%(upstream:track)%00%(upstream:remotename)%00%(upstream:remoteref) refs/heads/main refs/remotes/main [3ms]
[2022-10-28T02:06:40.986Z] > git remote --verbose [98ms]
[2022-10-28T02:06:40.986Z] > git for-each-ref --sort -committerdate --format %(refname) %(objectname) %(*objectname) [102ms]
[2022-10-28T02:06:41.001Z] > git config --get commit.template [1ms]
[2022-10-28T02:06:41.318Z] > git check-ignore -v -z --stdin [3ms]
[2022-10-28T02:06:42.814Z] > git check-ignore -v -z --stdin [2ms]
[2022-10-28T02:06:43.673Z] > git show --textconv :css/style.css [5ms]
[2022-10-28T02:06:43.673Z] > git ls-files --stage -- /home/adt/development/mkratings/css/style.css [1ms]
[2022-10-28T02:06:54.666Z] > git ls-files --stage -- /home/adt/development/mkratings/package-lock.json [1ms]
[2022-10-28T02:06:54.674Z] > git show --textconv :package-lock.json [16ms]
[2022-10-28T02:06:54.675Z] > git cat-file -s 5a46632f1a4930ae83eca1a51ccf570dbb787c4a [2ms]
[2022-10-28T02:07:06.499Z] > git ls-files --stage -- /home/adt/development/mkratings/package.json [1ms]
[2022-10-28T02:07:06.505Z] > git show --textconv :package.json [11ms]
[2022-10-28T02:07:06.506Z] > git cat-file -s 136be1668843cbe58f41d87041f6c2b1d1f0f377 [2ms]
[2022-10-28T02:07:07.478Z] > git show --textconv :README.md [7ms]
[2022-10-28T02:07:07.478Z] > git ls-files --stage -- /home/adt/development/mkratings/README.md [2ms]
[2022-10-28T02:07:07.484Z] > git cat-file -s d6e172ddfe19a004fe0e1a8fb9e16cb2eb346706 [2ms]
[2022-10-28T02:07:08.198Z] > git show --textconv :server.js [21ms]
[2022-10-28T02:07:08.198Z] > git ls-files --stage -- /home/adt/development/mkratings/server.js [1ms]
[2022-10-28T02:07:08.208Z] > git cat-file -s b88d7cb918a5d1a8e5b66ab5a5c896f2a2f10557 [1ms]
[2022-10-28T02:07:09.898Z] > git show --textconv :README.md [24ms]
[2022-10-28T02:07:09.899Z] > git ls-files --stage -- /home/adt/development/mkratings/README.md [4ms]
[2022-10-28T02:07:09.922Z] > git cat-file -s d6e172ddfe19a004fe0e1a8fb9e16cb2eb346706 [3ms]
[2022-10-28T02:07:10.654Z] > git show --textconv :teacher_list.txt [11ms]
[2022-10-28T02:07:10.655Z] > git ls-files --stage -- /home/adt/development/mkratings/teacher_list.txt [2ms]
[2022-10-28T02:07:10.666Z] > git cat-file -s b0ae657c65cfe9092b399d3888ef24d564691c41 [2ms]
[2022-10-28T02:07:13.254Z] > git show --textconv :server.js [10ms]
[2022-10-28T02:07:13.255Z] > git ls-files --stage -- /home/adt/development/mkratings/server.js [2ms]
[2022-10-28T02:07:13.261Z] > git cat-file -s b88d7cb918a5d1a8e5b66ab5a5c896f2a2f10557 [1ms]
[2022-10-28T02:07:24.226Z] > git show --textconv :css/style.css [10ms]
[2022-10-28T02:07:24.227Z] > git ls-files --stage -- /home/adt/development/mkratings/css/style.css [1ms]
[2022-10-28T02:07:26.428Z] > git check-ignore -v -z --stdin [2ms]
[2022-10-28T02:07:27.761Z] > git check-ignore -v -z --stdin [1ms]
[2022-10-28T02:07:30.688Z] > git show --textconv :views/login.ejs [4ms]
[2022-10-28T02:07:30.689Z] > git ls-files --stage -- /home/adt/development/mkratings/views/login.ejs [1ms]
[2022-10-28T02:07:30.693Z] > git cat-file -s 56efbdba61ff12f90f864930b9a85eac0259666d [0ms]
[2022-10-28T02:08:20.826Z] > git status -z -uall [5ms]
[2022-10-28T02:08:20.832Z] > git symbolic-ref --short HEAD [1ms]
[2022-10-28T02:08:20.837Z] > git for-each-ref --format=%(refname)%00%(upstream:short)%00%(objectname)%00%(upstream:track)%00%(upstream:remotename)%00%(upstream:remoteref) refs/heads/main refs/remotes/main [1ms]
[2022-10-28T02:08:20.847Z] > git remote --verbose [1ms]
[2022-10-28T02:08:20.847Z] > git for-each-ref --sort -committerdate --format %(refname) %(objectname) %(*objectname) [5ms]
[2022-10-28T02:08:20.864Z] > git config --get commit.template [1ms]
[2022-10-28T02:08:30.438Z] > git show --textconv :css/style.css [10ms]
[2022-10-28T02:08:30.439Z] > git ls-files --stage -- /home/adt/development/mkratings/css/style.css [2ms]
[2022-10-28T02:08:32.458Z] > git show --textconv :views/login.ejs [11ms]
[2022-10-28T02:08:32.459Z] > git ls-files --stage -- /home/adt/development/mkratings/views/login.ejs [2ms]
[2022-10-28T02:08:32.466Z] > git cat-file -s 56efbdba61ff12f90f864930b9a85eac0259666d [1ms]
[2022-10-28T02:08:47.580Z] > git show --textconv :css/style.css [10ms]
[2022-10-28T02:08:47.582Z] > git ls-files --stage -- /home/adt/development/mkratings/css/style.css [2ms]
[2022-10-28T03:39:29.201Z] > git status -z -uall [5ms]
[2022-10-28T03:39:29.207Z] > git symbolic-ref --short HEAD [1ms]
[2022-10-28T03:39:29.213Z] > git for-each-ref --format=%(refname)%00%(upstream:short)%00%(objectname)%00%(upstream:track)%00%(upstream:remotename)%00%(upstream:remoteref) refs/heads/main refs/remotes/main [1ms]
[2022-10-28T03:39:29.223Z] > git for-each-ref --sort -committerdate --format %(refname) %(objectname) %(*objectname) [5ms]
[2022-10-28T03:39:29.223Z] > git remote --verbose [1ms]
[2022-10-28T03:39:29.241Z] > git config --get commit.template [3ms]
[2022-10-28T03:39:31.752Z] > git check-ignore -v -z --stdin [1ms]
[2022-10-28T03:39:34.576Z] > git check-ignore -v -z --stdin [2ms]
[2022-10-28T03:40:40.807Z] > git show --textconv :views/login.ejs [5ms]
[2022-10-28T03:40:40.808Z] > git ls-files --stage -- /home/adt/development/mkratings/views/login.ejs [1ms]
[2022-10-28T03:40:40.813Z] > git cat-file -s 56efbdba61ff12f90f864930b9a85eac0259666d [1ms]
[2022-10-28T03:41:22.074Z] > git status -z -uall [6ms]
[2022-10-28T03:41:22.078Z] > git symbolic-ref --short HEAD [0ms]
[2022-10-28T03:41:22.084Z] > git for-each-ref --format=%(refname)%00%(upstream:short)%00%(objectname)%00%(upstream:track)%00%(upstream:remotename)%00%(upstream:remoteref) refs/heads/main refs/remotes/main [1ms]
[2022-10-28T03:41:22.094Z] > git for-each-ref --sort -committerdate --format %(refname) %(objectname) %(*objectname) [5ms]
[2022-10-28T03:41:22.095Z] > git remote --verbose [1ms]
[2022-10-28T03:41:22.109Z] > git config --get commit.template [0ms]
[2022-10-28T03:41:47.387Z] > git status -z -uall [5ms]
[2022-10-28T03:41:47.400Z] > git symbolic-ref --short HEAD [8ms]
[2022-10-28T03:41:47.413Z] > git for-each-ref --format=%(refname)%00%(upstream:short)%00%(objectname)%00%(upstream:track)%00%(upstream:remotename)%00%(upstream:remoteref) refs/heads/main refs/remotes/main [1ms]
[2022-10-28T03:41:47.424Z] > git for-each-ref --sort -committerdate --format %(refname) %(objectname) %(*objectname) [6ms]
[2022-10-28T03:41:47.424Z] > git remote --verbose [1ms]
[2022-10-28T03:41:47.451Z] > git config --get commit.template [1ms]
[2022-10-28T03:41:49.444Z] > git show --textconv :css/style.css [10ms]
[2022-10-28T03:41:49.446Z] > git ls-files --stage -- /home/adt/development/mkratings/css/style.css [2ms]
[2022-10-28T03:42:11.929Z] > git status -z -uall [14ms]
[2022-10-28T03:42:11.935Z] > git symbolic-ref --short HEAD [1ms]
[2022-10-28T03:42:11.941Z] > git for-each-ref --format=%(refname)%00%(upstream:short)%00%(objectname)%00%(upstream:track)%00%(upstream:remotename)%00%(upstream:remoteref) refs/heads/main refs/remotes/main [0ms]
[2022-10-28T03:42:11.955Z] > git for-each-ref --sort -committerdate --format %(refname) %(objectname) %(*objectname) [7ms]
[2022-10-28T03:42:11.956Z] > git remote --verbose [2ms]
[2022-10-28T03:42:11.974Z] > git config --get commit.template [3ms]
[2022-10-28T03:42:34.317Z] > git status -z -uall [7ms]
[2022-10-28T03:42:34.327Z] > git symbolic-ref --short HEAD [1ms]
[2022-10-28T03:42:34.337Z] > git for-each-ref --format=%(refname)%00%(upstream:short)%00%(objectname)%00%(upstream:track)%00%(upstream:remotename)%00%(upstream:remoteref) refs/heads/main refs/remotes/main [3ms]
[2022-10-28T03:42:34.353Z] > git for-each-ref --sort -committerdate --format %(refname) %(objectname) %(*objectname) [8ms]
[2022-10-28T03:42:34.354Z] > git remote --verbose [2ms]
[2022-10-28T03:42:34.386Z] > git config --get commit.template [3ms]
