2023-02-24 09:05:32.599 [info] Extension host with pid 2329 started
2023-02-24 09:05:32.599 [info] Skipping acquiring lock for /home/adt/dotfiles/.config/Code/User/workspaceStorage/c88f42c22a0127c1911cb2290bba2ab3.
2023-02-24 09:05:32.698 [info] ExtensionService#_doActivateExtension vscode.emmet, startup: false, activationEvent: 'onLanguage'
2023-02-24 09:05:32.709 [info] ExtensionService#_doActivateExtension justusadam.language-haskell, startup: false, activationEvent: 'onLanguage:haskell'
2023-02-24 09:05:32.713 [info] ExtensionService#_doActivateExtension vscode.git-base, startup: true, activationEvent: '*', root cause: vscode.git
2023-02-24 09:05:32.717 [info] ExtensionService#_doActivateExtension christian-kohler.path-intellisense, startup: true, activationEvent: '*'
2023-02-24 09:05:32.745 [info] ExtensionService#_doActivateExtension vscodevim.vim, startup: true, activationEvent: '*'
2023-02-24 09:05:32.815 [info] ExtensionService#_doActivateExtension yandeu.five-server, startup: true, activationEvent: '*'
2023-02-24 09:05:32.903 [info] ExtensionService#_doActivateExtension vscode.git, startup: true, activationEvent: '*'
2023-02-24 09:05:32.938 [info] ExtensionService#_doActivateExtension vscode.github, startup: true, activationEvent: '*'
2023-02-24 09:05:33.048 [info] ExtensionService#_doActivateExtension glenn2223.live-sass, startup: true, activationEvent: 'workspaceContains:**/*.s[ac]ss'
2023-02-24 09:05:33.489 [info] Eager extensions activated
2023-02-24 09:05:33.526 [info] ExtensionService#_doActivateExtension vscode.github-authentication, startup: false, activationEvent: 'onAuthenticationRequest:github'
2023-02-24 09:05:33.553 [info] ExtensionService#_doActivateExtension vscode.debug-auto-launch, startup: false, activationEvent: 'onStartupFinished'
2023-02-24 09:05:33.556 [info] ExtensionService#_doActivateExtension vscode.merge-conflict, startup: false, activationEvent: 'onStartupFinished'
2023-02-24 09:05:33.570 [info] ExtensionService#_doActivateExtension dbaeumer.vscode-eslint, startup: false, activationEvent: 'onStartupFinished'
2023-02-24 09:05:33.581 [info] ExtensionService#_doActivateExtension eamodio.gitlens, startup: false, activationEvent: 'onStartupFinished'
2023-02-24 09:05:33.955 [warning] [Decorations] CAPPING events from decorations provider vscode.git 2721
2023-02-24 09:05:33.966 [info] ExtensionService#_doActivateExtension vscode.microsoft-authentication, startup: false, activationEvent: 'onAuthenticationRequest:microsoft'
2023-02-24 09:05:34.386 [warning] [Decorations] CAPPING events from decorations provider vscode.git 2724
2023-02-24 09:05:36.649 [warning] [Decorations] CAPPING events from decorations provider vscode.git 2725
2023-02-24 09:05:41.760 [warning] [Decorations] CAPPING events from decorations provider vscode.git 2725
2023-02-24 09:05:46.123 [warning] [Decorations] CAPPING events from decorations provider vscode.git 2727
2023-02-24 09:05:51.203 [warning] [Decorations] CAPPING events from decorations provider vscode.git 2705
2023-02-24 09:05:56.279 [warning] [Decorations] CAPPING events from decorations provider vscode.git 2707
2023-02-24 09:06:01.346 [warning] [Decorations] CAPPING events from decorations provider vscode.git 2707
2023-02-24 09:06:06.413 [warning] [Decorations] CAPPING events from decorations provider vscode.git 2707
2023-02-24 09:06:11.502 [warning] [Decorations] CAPPING events from decorations provider vscode.git 2707
2023-02-24 09:06:16.570 [warning] [Decorations] CAPPING events from decorations provider vscode.git 2707
2023-02-24 09:06:21.626 [warning] [Decorations] CAPPING events from decorations provider vscode.git 2707
2023-02-24 09:06:26.709 [warning] [Decorations] CAPPING events from decorations provider vscode.git 2707
2023-02-24 09:06:31.772 [warning] [Decorations] CAPPING events from decorations provider vscode.git 2707
2023-02-24 09:06:36.826 [warning] [Decorations] CAPPING events from decorations provider vscode.git 2707
2023-02-24 09:06:50.817 [warning] [Decorations] CAPPING events from decorations provider vscode.git 2708
2023-02-24 09:06:55.892 [warning] [Decorations] CAPPING events from decorations provider vscode.git 2707
2023-02-24 09:07:00.969 [warning] [Decorations] CAPPING events from decorations provider vscode.git 2707
2023-02-24 09:07:06.051 [warning] [Decorations] CAPPING events from decorations provider vscode.git 2707
2023-02-24 09:07:11.122 [warning] [Decorations] CAPPING events from decorations provider vscode.git 2707
2023-02-24 09:07:16.200 [warning] [Decorations] CAPPING events from decorations provider vscode.git 2707
2023-02-24 09:07:21.264 [warning] [Decorations] CAPPING events from decorations provider vscode.git 2707
2023-02-24 09:07:26.317 [warning] [Decorations] CAPPING events from decorations provider vscode.git 2707
2023-02-24 09:07:31.389 [warning] [Decorations] CAPPING events from decorations provider vscode.git 2707
2023-02-24 09:07:36.454 [warning] [Decorations] CAPPING events from decorations provider vscode.git 2707
2023-02-24 09:07:41.520 [warning] [Decorations] CAPPING events from decorations provider vscode.git 2708
2023-02-24 09:07:46.584 [warning] [Decorations] CAPPING events from decorations provider vscode.git 2708
2023-02-24 09:07:51.661 [warning] [Decorations] CAPPING events from decorations provider vscode.git 2708
2023-02-24 09:07:56.713 [warning] [Decorations] CAPPING events from decorations provider vscode.git 2708
2023-02-24 09:08:01.768 [warning] [Decorations] CAPPING events from decorations provider vscode.git 2708
2023-02-24 09:08:06.847 [warning] [Decorations] CAPPING events from decorations provider vscode.git 2708
2023-02-24 09:08:11.910 [warning] [Decorations] CAPPING events from decorations provider vscode.git 2708
2023-02-24 09:08:16.987 [warning] [Decorations] CAPPING events from decorations provider vscode.git 2708
2023-02-24 09:08:22.068 [warning] [Decorations] CAPPING events from decorations provider vscode.git 2708
2023-02-24 09:08:27.142 [warning] [Decorations] CAPPING events from decorations provider vscode.git 2708
2023-02-24 09:08:32.217 [warning] [Decorations] CAPPING events from decorations provider vscode.git 2709
2023-02-24 09:08:37.283 [warning] [Decorations] CAPPING events from decorations provider vscode.git 2708
2023-02-24 09:08:42.349 [warning] [Decorations] CAPPING events from decorations provider vscode.git 2708
2023-02-24 09:08:47.406 [warning] [Decorations] CAPPING events from decorations provider vscode.git 2708
2023-02-24 09:08:52.495 [warning] [Decorations] CAPPING events from decorations provider vscode.git 2708
2023-02-24 09:08:57.574 [warning] [Decorations] CAPPING events from decorations provider vscode.git 2708
2023-02-24 09:09:02.653 [warning] [Decorations] CAPPING events from decorations provider vscode.git 2708
2023-02-24 09:09:07.736 [warning] [Decorations] CAPPING events from decorations provider vscode.git 2708
2023-02-24 09:09:12.795 [warning] [Decorations] CAPPING events from decorations provider vscode.git 2708
2023-02-24 09:09:17.865 [warning] [Decorations] CAPPING events from decorations provider vscode.git 2708
2023-02-24 09:09:22.947 [warning] [Decorations] CAPPING events from decorations provider vscode.git 2708
2023-02-24 09:09:28.020 [warning] [Decorations] CAPPING events from decorations provider vscode.git 2708
2023-02-24 09:09:33.083 [warning] [Decorations] CAPPING events from decorations provider vscode.git 2708
2023-02-24 09:09:38.155 [warning] [Decorations] CAPPING events from decorations provider vscode.git 2708
2023-02-24 09:09:43.225 [warning] [Decorations] CAPPING events from decorations provider vscode.git 2708
2023-02-24 09:09:48.292 [warning] [Decorations] CAPPING events from decorations provider vscode.git 2708
2023-02-24 09:09:53.380 [warning] [Decorations] CAPPING events from decorations provider vscode.git 2708
2023-02-24 09:09:58.450 [warning] [Decorations] CAPPING events from decorations provider vscode.git 2708
2023-02-24 09:10:03.530 [warning] [Decorations] CAPPING events from decorations provider vscode.git 2708
2023-02-24 09:10:08.587 [warning] [Decorations] CAPPING events from decorations provider vscode.git 2708
2023-02-24 09:10:13.664 [warning] [Decorations] CAPPING events from decorations provider vscode.git 2708
2023-02-24 09:10:18.738 [warning] [Decorations] CAPPING events from decorations provider vscode.git 2708
2023-02-24 09:10:23.812 [warning] [Decorations] CAPPING events from decorations provider vscode.git 2708
2023-02-24 09:10:28.881 [warning] [Decorations] CAPPING events from decorations provider vscode.git 2708
2023-02-24 09:10:33.953 [warning] [Decorations] CAPPING events from decorations provider vscode.git 2708
2023-02-24 09:10:39.026 [warning] [Decorations] CAPPING events from decorations provider vscode.git 2709
2023-02-24 09:10:44.099 [warning] [Decorations] CAPPING events from decorations provider vscode.git 2709
2023-02-24 09:10:49.170 [warning] [Decorations] CAPPING events from decorations provider vscode.git 2709
2023-02-24 09:10:54.245 [warning] [Decorations] CAPPING events from decorations provider vscode.git 2709
2023-02-24 09:10:59.307 [warning] [Decorations] CAPPING events from decorations provider vscode.git 2709
2023-02-24 09:11:04.392 [warning] [Decorations] CAPPING events from decorations provider vscode.git 2709
2023-02-24 09:11:09.466 [warning] [Decorations] CAPPING events from decorations provider vscode.git 2709
2023-02-24 09:11:10.078 [warning] TextEditor is closed/disposed
2023-02-24 09:11:10.794 [warning] TextEditor is closed/disposed
2023-02-24 09:11:11.416 [warning] TextEditor is closed/disposed
2023-02-24 09:11:11.750 [warning] TextEditor is closed/disposed
2023-02-24 09:11:12.758 [warning] TextEditor is closed/disposed
2023-02-24 09:11:13.470 [warning] TextEditor is closed/disposed
2023-02-24 09:11:29.750 [warning] [Decorations] CAPPING events from decorations provider vscode.git 2709
2023-02-24 09:11:34.829 [warning] [Decorations] CAPPING events from decorations provider vscode.git 2709
2023-02-24 09:11:39.904 [warning] [Decorations] CAPPING events from decorations provider vscode.git 2709
2023-02-24 09:11:44.972 [warning] [Decorations] CAPPING events from decorations provider vscode.git 2709
2023-02-24 09:11:50.031 [warning] [Decorations] CAPPING events from decorations provider vscode.git 2709
2023-02-24 09:11:55.106 [warning] [Decorations] CAPPING events from decorations provider vscode.git 2709
2023-02-24 09:12:00.183 [warning] [Decorations] CAPPING events from decorations provider vscode.git 2709
2023-02-24 09:12:05.261 [warning] [Decorations] CAPPING events from decorations provider vscode.git 2710
2023-02-24 09:12:13.263 [warning] [Decorations] CAPPING events from decorations provider vscode.git 2709
2023-02-24 09:12:18.778 [warning] [Decorations] CAPPING events from decorations provider vscode.git 2709
2023-02-24 09:12:23.863 [warning] [Decorations] CAPPING events from decorations provider vscode.git 2709
2023-02-24 09:12:28.942 [warning] [Decorations] CAPPING events from decorations provider vscode.git 2709
2023-02-24 09:12:34.020 [warning] [Decorations] CAPPING events from decorations provider vscode.git 2709
2023-02-24 09:12:39.083 [warning] [Decorations] CAPPING events from decorations provider vscode.git 2709
2023-02-24 09:12:44.160 [warning] [Decorations] CAPPING events from decorations provider vscode.git 2709
2023-02-24 09:12:49.241 [warning] [Decorations] CAPPING events from decorations provider vscode.git 2709
2023-02-24 09:12:54.323 [warning] [Decorations] CAPPING events from decorations provider vscode.git 2709
2023-02-24 09:12:59.403 [warning] [Decorations] CAPPING events from decorations provider vscode.git 2709
2023-02-24 09:13:04.483 [warning] [Decorations] CAPPING events from decorations provider vscode.git 2709
2023-02-24 09:13:09.562 [warning] [Decorations] CAPPING events from decorations provider vscode.git 2709
2023-02-24 09:13:14.626 [warning] [Decorations] CAPPING events from decorations provider vscode.git 2710
2023-02-24 09:13:19.694 [warning] [Decorations] CAPPING events from decorations provider vscode.git 2710
2023-02-24 09:13:24.767 [warning] [Decorations] CAPPING events from decorations provider vscode.git 2710
2023-02-24 09:13:29.840 [warning] [Decorations] CAPPING events from decorations provider vscode.git 2710
2023-02-24 09:13:34.903 [warning] [Decorations] CAPPING events from decorations provider vscode.git 2710
2023-02-24 09:13:39.973 [warning] [Decorations] CAPPING events from decorations provider vscode.git 2710
2023-02-24 09:13:45.029 [warning] [Decorations] CAPPING events from decorations provider vscode.git 2710
2023-02-24 09:13:50.104 [warning] [Decorations] CAPPING events from decorations provider vscode.git 2710
2023-02-24 09:13:55.182 [warning] [Decorations] CAPPING events from decorations provider vscode.git 2710
2023-02-24 09:14:00.265 [warning] [Decorations] CAPPING events from decorations provider vscode.git 2710
2023-02-24 09:14:05.354 [warning] [Decorations] CAPPING events from decorations provider vscode.git 2710
2023-02-24 09:14:10.422 [warning] [Decorations] CAPPING events from decorations provider vscode.git 2710
2023-02-24 09:14:15.482 [warning] [Decorations] CAPPING events from decorations provider vscode.git 2710
2023-02-24 09:14:20.563 [warning] [Decorations] CAPPING events from decorations provider vscode.git 2710
2023-02-24 09:14:25.643 [warning] [Decorations] CAPPING events from decorations provider vscode.git 2710
2023-02-24 09:14:30.700 [warning] [Decorations] CAPPING events from decorations provider vscode.git 2711
2023-02-24 09:14:35.768 [warning] [Decorations] CAPPING events from decorations provider vscode.git 2711
2023-02-24 09:14:40.855 [warning] [Decorations] CAPPING events from decorations provider vscode.git 2711
2023-02-24 09:14:45.939 [warning] [Decorations] CAPPING events from decorations provider vscode.git 2711
2023-02-24 09:14:51.031 [warning] [Decorations] CAPPING events from decorations provider vscode.git 2711
2023-02-24 09:14:56.112 [warning] [Decorations] CAPPING events from decorations provider vscode.git 2711
2023-02-24 09:15:01.178 [warning] [Decorations] CAPPING events from decorations provider vscode.git 2711
2023-02-24 09:15:06.254 [warning] [Decorations] CAPPING events from decorations provider vscode.git 2712
2023-02-24 09:15:11.305 [warning] [Decorations] CAPPING events from decorations provider vscode.git 2711
2023-02-24 09:15:16.370 [warning] [Decorations] CAPPING events from decorations provider vscode.git 2712
2023-02-24 09:15:21.446 [warning] [Decorations] CAPPING events from decorations provider vscode.git 2713
2023-02-24 09:15:26.516 [warning] [Decorations] CAPPING events from decorations provider vscode.git 2712
2023-02-24 09:15:31.580 [warning] [Decorations] CAPPING events from decorations provider vscode.git 2712
2023-02-24 09:15:36.652 [warning] [Decorations] CAPPING events from decorations provider vscode.git 2712
2023-02-24 09:15:41.737 [warning] [Decorations] CAPPING events from decorations provider vscode.git 2712
2023-02-24 09:15:46.801 [warning] [Decorations] CAPPING events from decorations provider vscode.git 2713
2023-02-24 09:15:51.850 [warning] [Decorations] CAPPING events from decorations provider vscode.git 2714
2023-02-24 09:15:56.921 [warning] [Decorations] CAPPING events from decorations provider vscode.git 2713
2023-02-24 09:16:01.990 [warning] [Decorations] CAPPING events from decorations provider vscode.git 2713
2023-02-24 09:16:07.072 [warning] [Decorations] CAPPING events from decorations provider vscode.git 2713
2023-02-24 09:16:12.152 [warning] [Decorations] CAPPING events from decorations provider vscode.git 2713
2023-02-24 09:16:17.231 [warning] [Decorations] CAPPING events from decorations provider vscode.git 2713
2023-02-24 09:16:22.284 [warning] [Decorations] CAPPING events from decorations provider vscode.git 2713
2023-02-24 09:16:27.349 [warning] [Decorations] CAPPING events from decorations provider vscode.git 2713
2023-02-24 09:16:32.418 [warning] [Decorations] CAPPING events from decorations provider vscode.git 2713
2023-02-24 09:16:37.493 [warning] [Decorations] CAPPING events from decorations provider vscode.git 2714
2023-02-24 09:16:42.560 [warning] [Decorations] CAPPING events from decorations provider vscode.git 2715
2023-02-24 09:16:47.636 [warning] [Decorations] CAPPING events from decorations provider vscode.git 2714
2023-02-24 09:16:52.698 [warning] [Decorations] CAPPING events from decorations provider vscode.git 2714
2023-02-24 09:16:57.773 [warning] [Decorations] CAPPING events from decorations provider vscode.git 2714
2023-02-24 09:17:02.845 [warning] [Decorations] CAPPING events from decorations provider vscode.git 2714
2023-02-24 09:17:07.930 [warning] [Decorations] CAPPING events from decorations provider vscode.git 2714
2023-02-24 09:17:13.015 [warning] [Decorations] CAPPING events from decorations provider vscode.git 2714
2023-02-24 09:17:18.082 [warning] [Decorations] CAPPING events from decorations provider vscode.git 2714
2023-02-24 09:17:23.168 [warning] [Decorations] CAPPING events from decorations provider vscode.git 2714
2023-02-24 09:17:28.236 [warning] [Decorations] CAPPING events from decorations provider vscode.git 2714
2023-02-24 09:17:33.300 [warning] [Decorations] CAPPING events from decorations provider vscode.git 2714
2023-02-24 09:17:38.368 [warning] [Decorations] CAPPING events from decorations provider vscode.git 2714
2023-02-24 09:17:43.425 [warning] [Decorations] CAPPING events from decorations provider vscode.git 2714
2023-02-24 09:17:48.480 [warning] [Decorations] CAPPING events from decorations provider vscode.git 2714
2023-02-24 09:17:53.567 [warning] [Decorations] CAPPING events from decorations provider vscode.git 2714
2023-02-24 09:17:58.632 [warning] [Decorations] CAPPING events from decorations provider vscode.git 2714
2023-02-24 09:18:03.684 [warning] [Decorations] CAPPING events from decorations provider vscode.git 2715
2023-02-24 09:18:08.755 [warning] [Decorations] CAPPING events from decorations provider vscode.git 2715
2023-02-24 09:18:13.829 [warning] [Decorations] CAPPING events from decorations provider vscode.git 2715
2023-02-24 09:18:18.893 [warning] [Decorations] CAPPING events from decorations provider vscode.git 2715
2023-02-24 09:18:23.964 [warning] [Decorations] CAPPING events from decorations provider vscode.git 2716
2023-02-24 09:18:29.014 [warning] [Decorations] CAPPING events from decorations provider vscode.git 2716
2023-02-24 09:18:34.092 [warning] [Decorations] CAPPING events from decorations provider vscode.git 2716
2023-02-24 09:18:39.152 [warning] [Decorations] CAPPING events from decorations provider vscode.git 2716
2023-02-24 09:18:44.216 [warning] [Decorations] CAPPING events from decorations provider vscode.git 2716
2023-02-24 09:18:49.293 [warning] [Decorations] CAPPING events from decorations provider vscode.git 2716
2023-02-24 09:18:54.363 [warning] [Decorations] CAPPING events from decorations provider vscode.git 2716
2023-02-24 09:18:59.447 [warning] [Decorations] CAPPING events from decorations provider vscode.git 2716
2023-02-24 09:19:04.541 [warning] [Decorations] CAPPING events from decorations provider vscode.git 2716
2023-02-24 09:19:13.000 [warning] [Decorations] CAPPING events from decorations provider vscode.git 2716
2023-02-24 09:19:19.274 [warning] [Decorations] CAPPING events from decorations provider vscode.git 2716
2023-02-24 09:19:27.461 [warning] [Decorations] CAPPING events from decorations provider vscode.git 2716
2023-02-24 09:19:51.443 [warning] [Decorations] CAPPING events from decorations provider vscode.git 2716
2023-02-24 09:21:14.440 [warning] [Decorations] CAPPING events from decorations provider vscode.git 2716
2023-02-24 09:21:19.499 [warning] [Decorations] CAPPING events from decorations provider vscode.git 2716
2023-02-24 09:21:24.569 [warning] [Decorations] CAPPING events from decorations provider vscode.git 2717
2023-02-24 09:21:29.637 [warning] [Decorations] CAPPING events from decorations provider vscode.git 2717
2023-02-24 09:21:34.712 [warning] [Decorations] CAPPING events from decorations provider vscode.git 2717
2023-02-24 09:21:39.789 [warning] [Decorations] CAPPING events from decorations provider vscode.git 2717
2023-02-24 09:21:52.309 [warning] [Decorations] CAPPING events from decorations provider vscode.git 2717
2023-02-24 09:21:57.383 [warning] [Decorations] CAPPING events from decorations provider vscode.git 2717
2023-02-24 09:23:25.137 [warning] [Decorations] CAPPING events from decorations provider vscode.git 2717
2023-02-24 09:23:30.203 [warning] [Decorations] CAPPING events from decorations provider vscode.git 2717
2023-02-24 09:23:35.268 [warning] [Decorations] CAPPING events from decorations provider vscode.git 2717
2023-02-24 09:23:40.335 [warning] [Decorations] CAPPING events from decorations provider vscode.git 2717
2023-02-24 09:23:49.854 [warning] [Decorations] CAPPING events from decorations provider vscode.git 2717
2023-02-24 09:23:54.938 [warning] [Decorations] CAPPING events from decorations provider vscode.git 2717
2023-02-24 09:23:59.996 [warning] [Decorations] CAPPING events from decorations provider vscode.git 2717
2023-02-24 09:24:05.082 [warning] [Decorations] CAPPING events from decorations provider vscode.git 2717
2023-02-24 09:24:45.521 [warning] [Decorations] CAPPING events from decorations provider vscode.git 2717
2023-02-24 09:24:50.590 [warning] [Decorations] CAPPING events from decorations provider vscode.git 2717
2023-02-24 09:25:02.094 [warning] [Decorations] CAPPING events from decorations provider vscode.git 2717
2023-02-24 09:25:08.825 [warning] [Decorations] CAPPING events from decorations provider vscode.git 2717
2023-02-24 09:25:13.884 [warning] [Decorations] CAPPING events from decorations provider vscode.git 2717
2023-02-24 09:25:18.962 [warning] [Decorations] CAPPING events from decorations provider vscode.git 2717
2023-02-24 09:25:24.015 [warning] [Decorations] CAPPING events from decorations provider vscode.git 2717
2023-02-24 09:25:29.087 [warning] [Decorations] CAPPING events from decorations provider vscode.git 2717
2023-02-24 09:25:34.157 [warning] [Decorations] CAPPING events from decorations provider vscode.git 2717
2023-02-24 09:25:39.224 [warning] [Decorations] CAPPING events from decorations provider vscode.git 2717
2023-02-24 09:25:44.289 [warning] [Decorations] CAPPING events from decorations provider vscode.git 2717
2023-02-24 09:25:49.362 [warning] [Decorations] CAPPING events from decorations provider vscode.git 2717
2023-02-24 09:25:54.444 [warning] [Decorations] CAPPING events from decorations provider vscode.git 2717
2023-02-24 09:25:59.516 [warning] [Decorations] CAPPING events from decorations provider vscode.git 2717
2023-02-24 09:26:04.593 [warning] [Decorations] CAPPING events from decorations provider vscode.git 2717
2023-02-24 14:53:14.298 [warning] [Decorations] CAPPING events from decorations provider vscode.git 2717
2023-02-24 14:53:19.431 [warning] [Decorations] CAPPING events from decorations provider vscode.git 2717
2023-02-24 14:53:24.488 [warning] [Decorations] CAPPING events from decorations provider vscode.git 2717
2023-02-24 14:53:29.615 [warning] [Decorations] CAPPING events from decorations provider vscode.git 2717
2023-02-24 14:53:34.736 [warning] [Decorations] CAPPING events from decorations provider vscode.git 2717
2023-02-24 14:53:39.858 [warning] [Decorations] CAPPING events from decorations provider vscode.git 2717
2023-02-24 14:53:45.005 [warning] [Decorations] CAPPING events from decorations provider vscode.git 2717
2023-02-24 14:53:50.133 [warning] [Decorations] CAPPING events from decorations provider vscode.git 2717
2023-02-24 14:53:55.254 [warning] [Decorations] CAPPING events from decorations provider vscode.git 2717
2023-02-24 14:54:00.382 [warning] [Decorations] CAPPING events from decorations provider vscode.git 2717
2023-02-24 14:54:05.508 [warning] [Decorations] CAPPING events from decorations provider vscode.git 2717
2023-02-24 14:54:10.631 [warning] [Decorations] CAPPING events from decorations provider vscode.git 2717
2023-02-24 14:54:15.753 [warning] [Decorations] CAPPING events from decorations provider vscode.git 2717
2023-02-24 14:54:20.883 [warning] [Decorations] CAPPING events from decorations provider vscode.git 2717
2023-02-24 14:54:26.013 [warning] [Decorations] CAPPING events from decorations provider vscode.git 2717
2023-02-24 14:54:31.141 [warning] [Decorations] CAPPING events from decorations provider vscode.git 2717
2023-02-24 14:54:36.261 [warning] [Decorations] CAPPING events from decorations provider vscode.git 2717
2023-02-24 14:54:41.391 [warning] [Decorations] CAPPING events from decorations provider vscode.git 2717
2023-02-24 14:54:46.514 [warning] [Decorations] CAPPING events from decorations provider vscode.git 2717
2023-02-24 14:54:51.645 [warning] [Decorations] CAPPING events from decorations provider vscode.git 2717
2023-02-24 14:54:56.769 [warning] [Decorations] CAPPING events from decorations provider vscode.git 2717
2023-02-24 14:55:01.899 [warning] [Decorations] CAPPING events from decorations provider vscode.git 2717
2023-02-24 14:55:07.024 [warning] [Decorations] CAPPING events from decorations provider vscode.git 2717
2023-02-24 14:55:12.143 [warning] [Decorations] CAPPING events from decorations provider vscode.git 2717
2023-02-24 14:55:17.254 [warning] [Decorations] CAPPING events from decorations provider vscode.git 2717
2023-02-24 14:55:22.395 [warning] [Decorations] CAPPING events from decorations provider vscode.git 2717
2023-02-24 14:55:27.512 [warning] [Decorations] CAPPING events from decorations provider vscode.git 2717
2023-02-24 14:55:32.641 [warning] [Decorations] CAPPING events from decorations provider vscode.git 2717
2023-02-24 14:55:37.761 [warning] [Decorations] CAPPING events from decorations provider vscode.git 2717
2023-02-24 14:55:42.893 [warning] [Decorations] CAPPING events from decorations provider vscode.git 2717
2023-02-24 14:55:48.022 [warning] [Decorations] CAPPING events from decorations provider vscode.git 2717
2023-02-24 14:55:53.144 [warning] [Decorations] CAPPING events from decorations provider vscode.git 2717
2023-02-24 14:55:58.275 [warning] [Decorations] CAPPING events from decorations provider vscode.git 2717
2023-02-24 14:56:03.406 [warning] [Decorations] CAPPING events from decorations provider vscode.git 2717
2023-02-24 14:56:08.533 [warning] [Decorations] CAPPING events from decorations provider vscode.git 2717
2023-02-24 14:56:13.656 [warning] [Decorations] CAPPING events from decorations provider vscode.git 2717
2023-02-24 14:56:18.788 [warning] [Decorations] CAPPING events from decorations provider vscode.git 2717
2023-02-24 14:56:23.921 [warning] [Decorations] CAPPING events from decorations provider vscode.git 2717
2023-02-24 14:56:29.049 [warning] [Decorations] CAPPING events from decorations provider vscode.git 2717
2023-02-24 14:56:34.181 [warning] [Decorations] CAPPING events from decorations provider vscode.git 2717
2023-02-24 14:56:39.307 [warning] [Decorations] CAPPING events from decorations provider vscode.git 2717
2023-02-24 14:56:44.437 [warning] [Decorations] CAPPING events from decorations provider vscode.git 2717
2023-02-24 14:56:49.561 [warning] [Decorations] CAPPING events from decorations provider vscode.git 2717
2023-02-24 14:56:54.691 [warning] [Decorations] CAPPING events from decorations provider vscode.git 2717
2023-02-24 14:56:59.810 [warning] [Decorations] CAPPING events from decorations provider vscode.git 2717
2023-02-24 14:57:04.946 [warning] [Decorations] CAPPING events from decorations provider vscode.git 2717
2023-02-24 14:57:10.068 [warning] [Decorations] CAPPING events from decorations provider vscode.git 2717
2023-02-24 14:57:15.204 [warning] [Decorations] CAPPING events from decorations provider vscode.git 2717
2023-02-24 14:57:20.332 [warning] [Decorations] CAPPING events from decorations provider vscode.git 2717
2023-02-24 14:57:25.459 [warning] [Decorations] CAPPING events from decorations provider vscode.git 2717
2023-02-24 14:57:30.582 [warning] [Decorations] CAPPING events from decorations provider vscode.git 2717
2023-02-24 14:57:35.710 [warning] [Decorations] CAPPING events from decorations provider vscode.git 2717
2023-02-24 14:57:40.840 [warning] [Decorations] CAPPING events from decorations provider vscode.git 2717
2023-02-24 14:57:45.962 [warning] [Decorations] CAPPING events from decorations provider vscode.git 2717
2023-02-24 14:57:51.091 [warning] [Decorations] CAPPING events from decorations provider vscode.git 2717
2023-02-24 14:57:56.212 [warning] [Decorations] CAPPING events from decorations provider vscode.git 2717
2023-02-24 14:58:01.341 [warning] [Decorations] CAPPING events from decorations provider vscode.git 2717
2023-02-24 14:58:06.445 [warning] [Decorations] CAPPING events from decorations provider vscode.git 2717
2023-02-24 14:58:11.575 [warning] [Decorations] CAPPING events from decorations provider vscode.git 2717
2023-02-24 14:58:16.695 [warning] [Decorations] CAPPING events from decorations provider vscode.git 2717
2023-02-24 14:58:21.821 [warning] [Decorations] CAPPING events from decorations provider vscode.git 2717
2023-02-24 14:58:26.949 [warning] [Decorations] CAPPING events from decorations provider vscode.git 2717
2023-02-24 14:58:32.064 [warning] [Decorations] CAPPING events from decorations provider vscode.git 2717
2023-02-24 14:58:37.186 [warning] [Decorations] CAPPING events from decorations provider vscode.git 2717
2023-02-24 14:58:42.310 [warning] [Decorations] CAPPING events from decorations provider vscode.git 2717
2023-02-24 14:58:47.441 [warning] [Decorations] CAPPING events from decorations provider vscode.git 2717
2023-02-24 14:58:52.566 [warning] [Decorations] CAPPING events from decorations provider vscode.git 2717
2023-02-24 14:58:57.684 [warning] [Decorations] CAPPING events from decorations provider vscode.git 2717
2023-02-24 14:59:02.802 [warning] [Decorations] CAPPING events from decorations provider vscode.git 2717
2023-02-24 14:59:07.924 [warning] [Decorations] CAPPING events from decorations provider vscode.git 2717
2023-02-24 14:59:12.982 [warning] [Decorations] CAPPING events from decorations provider vscode.git 2717
2023-02-24 14:59:18.114 [warning] [Decorations] CAPPING events from decorations provider vscode.git 2717
2023-02-24 14:59:23.237 [warning] [Decorations] CAPPING events from decorations provider vscode.git 2717
2023-02-24 14:59:28.361 [warning] [Decorations] CAPPING events from decorations provider vscode.git 2717
2023-02-24 14:59:33.493 [warning] [Decorations] CAPPING events from decorations provider vscode.git 2717
2023-02-24 14:59:38.622 [warning] [Decorations] CAPPING events from decorations provider vscode.git 2717
2023-02-24 14:59:43.743 [warning] [Decorations] CAPPING events from decorations provider vscode.git 2717
2023-02-24 14:59:48.886 [warning] [Decorations] CAPPING events from decorations provider vscode.git 2717
2023-02-24 14:59:54.017 [warning] [Decorations] CAPPING events from decorations provider vscode.git 2717
2023-02-24 14:59:59.130 [warning] [Decorations] CAPPING events from decorations provider vscode.git 2717
2023-02-24 15:00:04.264 [warning] [Decorations] CAPPING events from decorations provider vscode.git 2717
2023-02-24 15:00:09.392 [warning] [Decorations] CAPPING events from decorations provider vscode.git 2717
2023-02-24 15:00:14.521 [warning] [Decorations] CAPPING events from decorations provider vscode.git 2717
2023-02-24 15:00:19.604 [warning] [Decorations] CAPPING events from decorations provider vscode.git 2717
2023-02-24 15:00:24.735 [warning] [Decorations] CAPPING events from decorations provider vscode.git 2717
2023-02-24 15:00:29.810 [warning] [Decorations] CAPPING events from decorations provider vscode.git 2717
2023-02-24 15:00:34.936 [warning] [Decorations] CAPPING events from decorations provider vscode.git 2717
2023-02-24 15:00:40.062 [warning] [Decorations] CAPPING events from decorations provider vscode.git 2717
2023-02-24 15:00:45.192 [warning] [Decorations] CAPPING events from decorations provider vscode.git 2717
2023-02-24 15:00:50.326 [warning] [Decorations] CAPPING events from decorations provider vscode.git 2717
2023-02-24 15:00:55.445 [warning] [Decorations] CAPPING events from decorations provider vscode.git 2717
2023-02-24 15:01:00.579 [warning] [Decorations] CAPPING events from decorations provider vscode.git 2717
2023-02-24 15:01:05.682 [warning] [Decorations] CAPPING events from decorations provider vscode.git 2717
2023-02-24 15:01:10.816 [warning] [Decorations] CAPPING events from decorations provider vscode.git 2717
2023-02-24 15:01:15.876 [warning] [Decorations] CAPPING events from decorations provider vscode.git 2717
2023-02-24 15:01:21.000 [warning] [Decorations] CAPPING events from decorations provider vscode.git 2717
2023-02-24 15:01:26.117 [warning] [Decorations] CAPPING events from decorations provider vscode.git 2717
2023-02-24 15:01:31.245 [warning] [Decorations] CAPPING events from decorations provider vscode.git 2717
2023-02-24 15:01:36.362 [warning] [Decorations] CAPPING events from decorations provider vscode.git 2717
2023-02-24 15:01:41.492 [warning] [Decorations] CAPPING events from decorations provider vscode.git 2717
2023-02-24 15:01:46.620 [warning] [Decorations] CAPPING events from decorations provider vscode.git 2717
2023-02-24 15:01:51.756 [warning] [Decorations] CAPPING events from decorations provider vscode.git 2717
2023-02-24 15:01:56.883 [warning] [Decorations] CAPPING events from decorations provider vscode.git 2717
2023-02-24 15:02:02.019 [warning] [Decorations] CAPPING events from decorations provider vscode.git 2717
2023-02-24 15:02:07.159 [warning] [Decorations] CAPPING events from decorations provider vscode.git 2717
2023-02-24 15:02:12.286 [warning] [Decorations] CAPPING events from decorations provider vscode.git 2717
2023-02-24 15:02:17.409 [warning] [Decorations] CAPPING events from decorations provider vscode.git 2717
2023-02-24 15:02:22.540 [warning] [Decorations] CAPPING events from decorations provider vscode.git 2717
2023-02-24 15:02:27.669 [warning] [Decorations] CAPPING events from decorations provider vscode.git 2717
2023-02-24 15:02:32.796 [warning] [Decorations] CAPPING events from decorations provider vscode.git 2717
2023-02-24 15:02:37.919 [warning] [Decorations] CAPPING events from decorations provider vscode.git 2717
2023-02-24 15:02:43.045 [warning] [Decorations] CAPPING events from decorations provider vscode.git 2717
2023-02-24 15:02:48.166 [warning] [Decorations] CAPPING events from decorations provider vscode.git 2717
2023-02-24 15:02:53.282 [warning] [Decorations] CAPPING events from decorations provider vscode.git 2717
2023-02-24 15:02:58.396 [warning] [Decorations] CAPPING events from decorations provider vscode.git 2717
2023-02-24 15:03:03.520 [warning] [Decorations] CAPPING events from decorations provider vscode.git 2717
2023-02-24 15:03:08.645 [warning] [Decorations] CAPPING events from decorations provider vscode.git 2717
2023-02-24 15:03:13.768 [warning] [Decorations] CAPPING events from decorations provider vscode.git 2717
2023-02-24 15:03:18.898 [warning] [Decorations] CAPPING events from decorations provider vscode.git 2717
2023-02-24 15:03:24.032 [warning] [Decorations] CAPPING events from decorations provider vscode.git 2717
2023-02-24 15:03:29.148 [warning] [Decorations] CAPPING events from decorations provider vscode.git 2717
2023-02-24 15:03:34.283 [warning] [Decorations] CAPPING events from decorations provider vscode.git 2717
2023-02-24 15:03:39.411 [warning] [Decorations] CAPPING events from decorations provider vscode.git 2717
2023-02-24 15:03:44.540 [warning] [Decorations] CAPPING events from decorations provider vscode.git 2717
2023-02-24 15:03:49.667 [warning] [Decorations] CAPPING events from decorations provider vscode.git 2717
2023-02-24 15:03:54.799 [warning] [Decorations] CAPPING events from decorations provider vscode.git 2717
2023-02-24 15:03:59.932 [warning] [Decorations] CAPPING events from decorations provider vscode.git 2717
2023-02-24 15:04:05.063 [warning] [Decorations] CAPPING events from decorations provider vscode.git 2717
2023-02-24 15:04:10.208 [warning] [Decorations] CAPPING events from decorations provider vscode.git 2717
2023-02-24 15:04:15.335 [warning] [Decorations] CAPPING events from decorations provider vscode.git 2717
2023-02-24 15:04:20.461 [warning] [Decorations] CAPPING events from decorations provider vscode.git 2717
2023-02-24 15:04:25.600 [warning] [Decorations] CAPPING events from decorations provider vscode.git 2717
2023-02-24 15:04:30.730 [warning] [Decorations] CAPPING events from decorations provider vscode.git 2717
2023-02-24 15:04:35.852 [warning] [Decorations] CAPPING events from decorations provider vscode.git 2717
2023-02-24 15:04:40.979 [warning] [Decorations] CAPPING events from decorations provider vscode.git 2717
2023-02-24 15:04:46.110 [warning] [Decorations] CAPPING events from decorations provider vscode.git 2717
2023-02-24 15:04:51.215 [warning] [Decorations] CAPPING events from decorations provider vscode.git 2717
2023-02-24 15:04:56.351 [warning] [Decorations] CAPPING events from decorations provider vscode.git 2717
2023-02-24 15:05:01.476 [warning] [Decorations] CAPPING events from decorations provider vscode.git 2717
2023-02-24 15:05:06.605 [warning] [Decorations] CAPPING events from decorations provider vscode.git 2717
2023-02-24 15:05:11.735 [warning] [Decorations] CAPPING events from decorations provider vscode.git 2717
2023-02-24 15:05:16.865 [warning] [Decorations] CAPPING events from decorations provider vscode.git 2717
2023-02-24 15:05:22.004 [warning] [Decorations] CAPPING events from decorations provider vscode.git 2717
2023-02-24 15:05:27.136 [warning] [Decorations] CAPPING events from decorations provider vscode.git 2717
2023-02-24 15:05:32.264 [warning] [Decorations] CAPPING events from decorations provider vscode.git 2717
2023-02-24 15:05:37.398 [warning] [Decorations] CAPPING events from decorations provider vscode.git 2717
2023-02-24 15:05:42.526 [warning] [Decorations] CAPPING events from decorations provider vscode.git 2717
2023-02-24 15:05:47.653 [warning] [Decorations] CAPPING events from decorations provider vscode.git 2717
2023-02-24 15:05:52.782 [warning] [Decorations] CAPPING events from decorations provider vscode.git 2717
2023-02-24 15:05:57.947 [warning] [Decorations] CAPPING events from decorations provider vscode.git 2717
2023-02-24 15:06:03.078 [warning] [Decorations] CAPPING events from decorations provider vscode.git 2717
2023-02-24 15:06:08.208 [warning] [Decorations] CAPPING events from decorations provider vscode.git 2717
2023-02-24 15:06:13.333 [warning] [Decorations] CAPPING events from decorations provider vscode.git 2717
2023-02-24 15:06:18.463 [warning] [Decorations] CAPPING events from decorations provider vscode.git 2717
2023-02-24 15:06:23.592 [warning] [Decorations] CAPPING events from decorations provider vscode.git 2717
2023-02-24 15:06:28.722 [warning] [Decorations] CAPPING events from decorations provider vscode.git 2717
2023-02-24 15:06:33.842 [warning] [Decorations] CAPPING events from decorations provider vscode.git 2717
2023-02-24 15:06:38.965 [warning] [Decorations] CAPPING events from decorations provider vscode.git 2717
2023-02-24 15:06:44.094 [warning] [Decorations] CAPPING events from decorations provider vscode.git 2717
2023-02-24 15:06:49.216 [warning] [Decorations] CAPPING events from decorations provider vscode.git 2717
2023-02-24 15:06:54.349 [warning] [Decorations] CAPPING events from decorations provider vscode.git 2717
2023-02-24 15:06:59.481 [warning] [Decorations] CAPPING events from decorations provider vscode.git 2717
2023-02-24 15:07:04.624 [warning] [Decorations] CAPPING events from decorations provider vscode.git 2717
2023-02-24 15:07:09.761 [warning] [Decorations] CAPPING events from decorations provider vscode.git 2717
2023-02-24 15:07:14.894 [warning] [Decorations] CAPPING events from decorations provider vscode.git 2717
2023-02-24 15:07:20.023 [warning] [Decorations] CAPPING events from decorations provider vscode.git 2717
2023-02-24 15:07:25.154 [warning] [Decorations] CAPPING events from decorations provider vscode.git 2717
2023-02-24 15:07:30.280 [warning] [Decorations] CAPPING events from decorations provider vscode.git 2717
2023-02-24 15:07:35.407 [warning] [Decorations] CAPPING events from decorations provider vscode.git 2717
2023-02-24 15:07:40.537 [warning] [Decorations] CAPPING events from decorations provider vscode.git 2717
2023-02-24 15:07:45.661 [warning] [Decorations] CAPPING events from decorations provider vscode.git 2717
2023-02-24 15:07:50.794 [warning] [Decorations] CAPPING events from decorations provider vscode.git 2717
2023-02-24 15:07:55.921 [warning] [Decorations] CAPPING events from decorations provider vscode.git 2717
2023-02-24 15:08:01.048 [warning] [Decorations] CAPPING events from decorations provider vscode.git 2717
2023-02-24 15:08:06.177 [warning] [Decorations] CAPPING events from decorations provider vscode.git 2717
2023-02-24 15:08:11.341 [warning] [Decorations] CAPPING events from decorations provider vscode.git 2717
2023-02-24 15:08:16.474 [warning] [Decorations] CAPPING events from decorations provider vscode.git 2717
2023-02-24 15:08:21.594 [warning] [Decorations] CAPPING events from decorations provider vscode.git 2717
2023-02-24 15:08:26.652 [warning] [Decorations] CAPPING events from decorations provider vscode.git 2717
2023-02-24 15:08:31.812 [warning] [Decorations] CAPPING events from decorations provider vscode.git 2717
2023-02-24 15:08:36.959 [warning] [Decorations] CAPPING events from decorations provider vscode.git 2717
2023-02-24 15:08:42.094 [warning] [Decorations] CAPPING events from decorations provider vscode.git 2717
2023-02-24 15:08:47.184 [warning] [Decorations] CAPPING events from decorations provider vscode.git 2717
2023-02-24 15:08:52.315 [warning] [Decorations] CAPPING events from decorations provider vscode.git 2717
2023-02-24 15:08:57.439 [warning] [Decorations] CAPPING events from decorations provider vscode.git 2717
2023-02-24 15:09:02.562 [warning] [Decorations] CAPPING events from decorations provider vscode.git 2717
2023-02-24 15:09:07.705 [warning] [Decorations] CAPPING events from decorations provider vscode.git 2717
2023-02-24 15:09:12.837 [warning] [Decorations] CAPPING events from decorations provider vscode.git 2717
2023-02-24 15:09:17.966 [warning] [Decorations] CAPPING events from decorations provider vscode.git 2717
2023-02-24 15:09:23.091 [warning] [Decorations] CAPPING events from decorations provider vscode.git 2717
2023-02-24 15:09:28.219 [warning] [Decorations] CAPPING events from decorations provider vscode.git 2717
2023-02-24 15:09:33.350 [warning] [Decorations] CAPPING events from decorations provider vscode.git 2717
2023-02-24 15:09:38.483 [warning] [Decorations] CAPPING events from decorations provider vscode.git 2717
2023-02-24 15:09:43.622 [warning] [Decorations] CAPPING events from decorations provider vscode.git 2717
2023-02-24 15:09:48.752 [warning] [Decorations] CAPPING events from decorations provider vscode.git 2717
2023-02-24 15:09:53.866 [warning] [Decorations] CAPPING events from decorations provider vscode.git 2717
2023-02-24 15:09:58.985 [warning] [Decorations] CAPPING events from decorations provider vscode.git 2717
2023-02-24 15:10:04.117 [warning] [Decorations] CAPPING events from decorations provider vscode.git 2717
2023-02-24 15:10:09.229 [warning] [Decorations] CAPPING events from decorations provider vscode.git 2717
2023-02-24 15:10:14.304 [warning] [Decorations] CAPPING events from decorations provider vscode.git 2717
2023-02-24 15:10:20.068 [warning] [Decorations] CAPPING events from decorations provider vscode.git 2717
2023-02-24 15:10:25.201 [warning] [Decorations] CAPPING events from decorations provider vscode.git 2717
2023-02-24 15:10:30.333 [warning] [Decorations] CAPPING events from decorations provider vscode.git 2717
2023-02-24 15:10:35.462 [warning] [Decorations] CAPPING events from decorations provider vscode.git 2717
2023-02-24 15:10:40.585 [warning] [Decorations] CAPPING events from decorations provider vscode.git 2717
2023-02-24 15:10:45.729 [warning] [Decorations] CAPPING events from decorations provider vscode.git 2717
2023-02-24 15:10:50.858 [warning] [Decorations] CAPPING events from decorations provider vscode.git 2717
2023-02-24 15:10:55.987 [warning] [Decorations] CAPPING events from decorations provider vscode.git 2717
2023-02-24 15:11:01.122 [warning] [Decorations] CAPPING events from decorations provider vscode.git 2717
2023-02-24 15:11:06.243 [warning] [Decorations] CAPPING events from decorations provider vscode.git 2717
2023-02-24 15:11:11.377 [warning] [Decorations] CAPPING events from decorations provider vscode.git 2717
2023-02-24 15:11:16.507 [warning] [Decorations] CAPPING events from decorations provider vscode.git 2717
2023-02-24 15:11:21.638 [warning] [Decorations] CAPPING events from decorations provider vscode.git 2717
2023-02-24 15:11:26.769 [warning] [Decorations] CAPPING events from decorations provider vscode.git 2717
2023-02-24 15:11:31.908 [warning] [Decorations] CAPPING events from decorations provider vscode.git 2717
2023-02-24 15:11:37.024 [warning] [Decorations] CAPPING events from decorations provider vscode.git 2717
2023-02-24 15:11:42.154 [warning] [Decorations] CAPPING events from decorations provider vscode.git 2717
2023-02-24 15:11:47.285 [warning] [Decorations] CAPPING events from decorations provider vscode.git 2717
2023-02-24 15:11:52.416 [warning] [Decorations] CAPPING events from decorations provider vscode.git 2717
2023-02-24 15:11:57.549 [warning] [Decorations] CAPPING events from decorations provider vscode.git 2717
2023-02-24 15:12:02.681 [warning] [Decorations] CAPPING events from decorations provider vscode.git 2717
2023-02-24 15:12:07.809 [warning] [Decorations] CAPPING events from decorations provider vscode.git 2717
2023-02-24 15:12:12.939 [warning] [Decorations] CAPPING events from decorations provider vscode.git 2717
2023-02-24 15:12:18.067 [warning] [Decorations] CAPPING events from decorations provider vscode.git 2717
2023-02-24 15:12:23.196 [warning] [Decorations] CAPPING events from decorations provider vscode.git 2717
2023-02-24 15:12:28.327 [warning] [Decorations] CAPPING events from decorations provider vscode.git 2717
2023-02-24 15:12:33.452 [warning] [Decorations] CAPPING events from decorations provider vscode.git 2717
2023-02-24 15:12:38.572 [warning] [Decorations] CAPPING events from decorations provider vscode.git 2717
2023-02-24 15:12:43.697 [warning] [Decorations] CAPPING events from decorations provider vscode.git 2717
2023-02-24 15:12:48.816 [warning] [Decorations] CAPPING events from decorations provider vscode.git 2717
2023-02-24 15:12:53.940 [warning] [Decorations] CAPPING events from decorations provider vscode.git 2717
2023-02-24 15:12:59.055 [warning] [Decorations] CAPPING events from decorations provider vscode.git 2717
2023-02-24 15:13:04.170 [warning] [Decorations] CAPPING events from decorations provider vscode.git 2717
2023-02-24 15:13:09.288 [warning] [Decorations] CAPPING events from decorations provider vscode.git 2717
2023-02-24 15:13:14.409 [warning] [Decorations] CAPPING events from decorations provider vscode.git 2717
2023-02-24 15:13:19.530 [warning] [Decorations] CAPPING events from decorations provider vscode.git 2717
2023-02-24 15:13:24.652 [warning] [Decorations] CAPPING events from decorations provider vscode.git 2717
2023-02-24 15:13:29.777 [warning] [Decorations] CAPPING events from decorations provider vscode.git 2717
2023-02-24 15:13:34.901 [warning] [Decorations] CAPPING events from decorations provider vscode.git 2717
2023-02-24 15:13:40.026 [warning] [Decorations] CAPPING events from decorations provider vscode.git 2717
2023-02-24 15:13:45.152 [warning] [Decorations] CAPPING events from decorations provider vscode.git 2717
2023-02-24 15:13:50.277 [warning] [Decorations] CAPPING events from decorations provider vscode.git 2717
2023-02-24 15:13:55.389 [warning] [Decorations] CAPPING events from decorations provider vscode.git 2717
2023-02-24 15:14:00.507 [warning] [Decorations] CAPPING events from decorations provider vscode.git 2717
2023-02-24 15:14:05.621 [warning] [Decorations] CAPPING events from decorations provider vscode.git 2717
2023-02-24 15:14:10.727 [warning] [Decorations] CAPPING events from decorations provider vscode.git 2717
2023-02-24 15:14:15.850 [warning] [Decorations] CAPPING events from decorations provider vscode.git 2717
2023-02-24 15:14:20.971 [warning] [Decorations] CAPPING events from decorations provider vscode.git 2717
2023-02-24 15:14:26.095 [warning] [Decorations] CAPPING events from decorations provider vscode.git 2717
2023-02-24 15:14:31.204 [warning] [Decorations] CAPPING events from decorations provider vscode.git 2717
2023-02-24 15:14:36.316 [warning] [Decorations] CAPPING events from decorations provider vscode.git 2717
2023-02-24 15:14:41.435 [warning] [Decorations] CAPPING events from decorations provider vscode.git 2717
2023-02-24 15:14:46.549 [warning] [Decorations] CAPPING events from decorations provider vscode.git 2717
2023-02-24 15:14:51.667 [warning] [Decorations] CAPPING events from decorations provider vscode.git 2717
2023-02-24 15:14:56.778 [warning] [Decorations] CAPPING events from decorations provider vscode.git 2717
2023-02-24 15:15:01.891 [warning] [Decorations] CAPPING events from decorations provider vscode.git 2717
2023-02-24 15:15:06.994 [warning] [Decorations] CAPPING events from decorations provider vscode.git 2717
2023-02-24 15:15:12.110 [warning] [Decorations] CAPPING events from decorations provider vscode.git 2717
2023-02-24 15:15:17.234 [warning] [Decorations] CAPPING events from decorations provider vscode.git 2717
2023-02-24 15:15:22.355 [warning] [Decorations] CAPPING events from decorations provider vscode.git 2717
2023-02-24 15:15:27.480 [warning] [Decorations] CAPPING events from decorations provider vscode.git 2717
2023-02-24 15:15:32.595 [warning] [Decorations] CAPPING events from decorations provider vscode.git 2717
2023-02-24 15:15:37.720 [warning] [Decorations] CAPPING events from decorations provider vscode.git 2717
2023-02-24 15:15:42.842 [warning] [Decorations] CAPPING events from decorations provider vscode.git 2717
2023-02-24 15:15:48.006 [warning] [Decorations] CAPPING events from decorations provider vscode.git 2717
2023-02-24 15:15:53.130 [warning] [Decorations] CAPPING events from decorations provider vscode.git 2717
2023-02-24 15:15:58.252 [warning] [Decorations] CAPPING events from decorations provider vscode.git 2717
2023-02-24 15:16:03.380 [warning] [Decorations] CAPPING events from decorations provider vscode.git 2717
2023-02-24 15:16:08.497 [warning] [Decorations] CAPPING events from decorations provider vscode.git 2717
2023-02-24 15:16:13.618 [warning] [Decorations] CAPPING events from decorations provider vscode.git 2717
2023-02-24 15:16:18.742 [warning] [Decorations] CAPPING events from decorations provider vscode.git 2717
2023-02-24 15:16:23.861 [warning] [Decorations] CAPPING events from decorations provider vscode.git 2717
2023-02-24 15:16:28.984 [warning] [Decorations] CAPPING events from decorations provider vscode.git 2717
2023-02-24 15:16:34.098 [warning] [Decorations] CAPPING events from decorations provider vscode.git 2717
2023-02-24 15:16:39.253 [warning] [Decorations] CAPPING events from decorations provider vscode.git 2717
2023-02-24 15:16:44.396 [warning] [Decorations] CAPPING events from decorations provider vscode.git 2717
2023-02-24 15:16:49.516 [warning] [Decorations] CAPPING events from decorations provider vscode.git 2717
2023-02-24 15:16:54.649 [warning] [Decorations] CAPPING events from decorations provider vscode.git 2717
2023-02-24 15:16:59.771 [warning] [Decorations] CAPPING events from decorations provider vscode.git 2717
2023-02-24 15:17:04.892 [warning] [Decorations] CAPPING events from decorations provider vscode.git 2717
2023-02-24 15:17:10.039 [warning] [Decorations] CAPPING events from decorations provider vscode.git 2717
2023-02-24 15:17:15.153 [warning] [Decorations] CAPPING events from decorations provider vscode.git 2717
2023-02-24 15:17:20.274 [warning] [Decorations] CAPPING events from decorations provider vscode.git 2717
2023-02-24 15:17:25.391 [warning] [Decorations] CAPPING events from decorations provider vscode.git 2717
2023-02-24 15:17:30.508 [warning] [Decorations] CAPPING events from decorations provider vscode.git 2717
2023-02-24 15:17:35.633 [warning] [Decorations] CAPPING events from decorations provider vscode.git 2717
2023-02-24 15:17:40.756 [warning] [Decorations] CAPPING events from decorations provider vscode.git 2717
2023-02-24 15:17:45.880 [warning] [Decorations] CAPPING events from decorations provider vscode.git 2717
2023-02-24 15:17:51.003 [warning] [Decorations] CAPPING events from decorations provider vscode.git 2717
2023-02-24 15:17:56.137 [warning] [Decorations] CAPPING events from decorations provider vscode.git 2717
2023-02-24 15:18:01.242 [warning] [Decorations] CAPPING events from decorations provider vscode.git 2717
2023-02-24 15:18:06.348 [warning] [Decorations] CAPPING events from decorations provider vscode.git 2717
2023-02-24 15:18:11.472 [warning] [Decorations] CAPPING events from decorations provider vscode.git 2717
2023-02-24 15:18:16.605 [warning] [Decorations] CAPPING events from decorations provider vscode.git 2717
2023-02-24 15:18:21.728 [warning] [Decorations] CAPPING events from decorations provider vscode.git 2717
2023-02-24 15:18:26.851 [warning] [Decorations] CAPPING events from decorations provider vscode.git 2717
2023-02-24 15:18:31.979 [warning] [Decorations] CAPPING events from decorations provider vscode.git 2717
2023-02-24 15:18:37.100 [warning] [Decorations] CAPPING events from decorations provider vscode.git 2717
2023-02-24 15:18:42.228 [warning] [Decorations] CAPPING events from decorations provider vscode.git 2717
2023-02-24 15:18:47.355 [warning] [Decorations] CAPPING events from decorations provider vscode.git 2717
2023-02-24 15:18:52.491 [warning] [Decorations] CAPPING events from decorations provider vscode.git 2717
2023-02-24 15:18:57.590 [warning] [Decorations] CAPPING events from decorations provider vscode.git 2717
2023-02-24 15:19:02.711 [warning] [Decorations] CAPPING events from decorations provider vscode.git 2717
2023-02-24 15:19:07.833 [warning] [Decorations] CAPPING events from decorations provider vscode.git 2717
2023-02-24 15:19:12.953 [warning] [Decorations] CAPPING events from decorations provider vscode.git 2717
2023-02-24 15:19:18.066 [warning] [Decorations] CAPPING events from decorations provider vscode.git 2717
2023-02-24 15:19:23.188 [warning] [Decorations] CAPPING events from decorations provider vscode.git 2717
2023-02-24 15:19:28.338 [warning] [Decorations] CAPPING events from decorations provider vscode.git 2717
2023-02-24 15:19:33.457 [warning] [Decorations] CAPPING events from decorations provider vscode.git 2717
2023-02-24 15:19:38.567 [warning] [Decorations] CAPPING events from decorations provider vscode.git 2717
2023-02-24 15:19:43.684 [warning] [Decorations] CAPPING events from decorations provider vscode.git 2717
2023-02-24 15:19:48.813 [warning] [Decorations] CAPPING events from decorations provider vscode.git 2717
2023-02-24 15:19:53.940 [warning] [Decorations] CAPPING events from decorations provider vscode.git 2717
2023-02-24 15:19:59.073 [warning] [Decorations] CAPPING events from decorations provider vscode.git 2717
2023-02-24 15:20:04.200 [warning] [Decorations] CAPPING events from decorations provider vscode.git 2717
2023-02-24 15:20:09.319 [warning] [Decorations] CAPPING events from decorations provider vscode.git 2717
2023-02-24 15:20:14.438 [warning] [Decorations] CAPPING events from decorations provider vscode.git 2717
2023-02-24 15:20:19.560 [warning] [Decorations] CAPPING events from decorations provider vscode.git 2717
2023-02-24 15:20:24.693 [warning] [Decorations] CAPPING events from decorations provider vscode.git 2717
2023-02-24 15:20:29.814 [warning] [Decorations] CAPPING events from decorations provider vscode.git 2717
2023-02-24 15:20:34.935 [warning] [Decorations] CAPPING events from decorations provider vscode.git 2717
2023-02-24 15:20:40.052 [warning] [Decorations] CAPPING events from decorations provider vscode.git 2717
2023-02-24 15:20:45.173 [warning] [Decorations] CAPPING events from decorations provider vscode.git 2717
2023-02-24 15:20:50.291 [warning] [Decorations] CAPPING events from decorations provider vscode.git 2717
2023-02-24 15:20:55.417 [warning] [Decorations] CAPPING events from decorations provider vscode.git 2717
2023-02-24 15:21:00.522 [warning] [Decorations] CAPPING events from decorations provider vscode.git 2717
2023-02-24 15:21:05.645 [warning] [Decorations] CAPPING events from decorations provider vscode.git 2717
2023-02-24 15:21:10.767 [warning] [Decorations] CAPPING events from decorations provider vscode.git 2717
2023-02-24 15:21:15.890 [warning] [Decorations] CAPPING events from decorations provider vscode.git 2717
2023-02-24 15:21:21.021 [warning] [Decorations] CAPPING events from decorations provider vscode.git 2717
2023-02-24 15:21:26.142 [warning] [Decorations] CAPPING events from decorations provider vscode.git 2717
2023-02-24 15:21:31.240 [warning] [Decorations] CAPPING events from decorations provider vscode.git 2717
2023-02-24 15:21:36.360 [warning] [Decorations] CAPPING events from decorations provider vscode.git 2717
2023-02-24 15:21:41.483 [warning] [Decorations] CAPPING events from decorations provider vscode.git 2717
2023-02-24 15:21:46.605 [warning] [Decorations] CAPPING events from decorations provider vscode.git 2717
2023-02-24 15:21:51.761 [warning] [Decorations] CAPPING events from decorations provider vscode.git 2717
2023-02-24 15:21:56.886 [warning] [Decorations] CAPPING events from decorations provider vscode.git 2717
2023-02-24 15:22:01.998 [warning] [Decorations] CAPPING events from decorations provider vscode.git 2717
2023-02-24 15:22:07.128 [warning] [Decorations] CAPPING events from decorations provider vscode.git 2717
2023-02-24 15:22:12.238 [warning] [Decorations] CAPPING events from decorations provider vscode.git 2717
2023-02-24 15:22:17.349 [warning] [Decorations] CAPPING events from decorations provider vscode.git 2717
2023-02-24 15:22:22.457 [warning] [Decorations] CAPPING events from decorations provider vscode.git 2717
2023-02-24 15:22:27.592 [warning] [Decorations] CAPPING events from decorations provider vscode.git 2717
2023-02-24 15:22:32.713 [warning] [Decorations] CAPPING events from decorations provider vscode.git 2717
2023-02-24 15:22:37.825 [warning] [Decorations] CAPPING events from decorations provider vscode.git 2717
2023-02-24 15:22:42.946 [warning] [Decorations] CAPPING events from decorations provider vscode.git 2717
2023-02-24 15:22:48.067 [warning] [Decorations] CAPPING events from decorations provider vscode.git 2717
2023-02-24 15:22:53.190 [warning] [Decorations] CAPPING events from decorations provider vscode.git 2717
2023-02-24 15:22:58.308 [warning] [Decorations] CAPPING events from decorations provider vscode.git 2717
2023-02-24 15:23:03.428 [warning] [Decorations] CAPPING events from decorations provider vscode.git 2717
2023-02-24 15:23:08.549 [warning] [Decorations] CAPPING events from decorations provider vscode.git 2717
2023-02-24 15:23:13.669 [warning] [Decorations] CAPPING events from decorations provider vscode.git 2717
2023-02-24 15:23:18.792 [warning] [Decorations] CAPPING events from decorations provider vscode.git 2717
2023-02-24 15:23:23.928 [warning] [Decorations] CAPPING events from decorations provider vscode.git 2717
2023-02-24 15:23:29.041 [warning] [Decorations] CAPPING events from decorations provider vscode.git 2717
2023-02-24 15:23:34.178 [warning] [Decorations] CAPPING events from decorations provider vscode.git 2717
2023-02-24 15:23:39.295 [warning] [Decorations] CAPPING events from decorations provider vscode.git 2717
2023-02-24 15:23:44.415 [warning] [Decorations] CAPPING events from decorations provider vscode.git 2717
2023-02-24 15:23:49.530 [warning] [Decorations] CAPPING events from decorations provider vscode.git 2717
2023-02-24 15:23:54.647 [warning] [Decorations] CAPPING events from decorations provider vscode.git 2717
2023-02-24 15:23:59.743 [warning] [Decorations] CAPPING events from decorations provider vscode.git 2717
2023-02-24 15:24:04.866 [warning] [Decorations] CAPPING events from decorations provider vscode.git 2717
2023-02-24 15:24:09.987 [warning] [Decorations] CAPPING events from decorations provider vscode.git 2717
2023-02-24 15:24:15.100 [warning] [Decorations] CAPPING events from decorations provider vscode.git 2717
2023-02-24 15:24:20.221 [warning] [Decorations] CAPPING events from decorations provider vscode.git 2717
2023-02-24 15:24:25.343 [warning] [Decorations] CAPPING events from decorations provider vscode.git 2717
2023-02-24 15:24:30.474 [warning] [Decorations] CAPPING events from decorations provider vscode.git 2717
2023-02-24 15:24:35.592 [warning] [Decorations] CAPPING events from decorations provider vscode.git 2717
2023-02-24 15:24:40.709 [warning] [Decorations] CAPPING events from decorations provider vscode.git 2717
2023-02-24 15:24:45.829 [warning] [Decorations] CAPPING events from decorations provider vscode.git 2717
2023-02-24 15:24:50.952 [warning] [Decorations] CAPPING events from decorations provider vscode.git 2717
2023-02-24 15:24:56.062 [warning] [Decorations] CAPPING events from decorations provider vscode.git 2717
2023-02-24 15:25:01.184 [warning] [Decorations] CAPPING events from decorations provider vscode.git 2717
2023-02-24 15:25:06.304 [warning] [Decorations] CAPPING events from decorations provider vscode.git 2717
2023-02-24 15:25:11.422 [warning] [Decorations] CAPPING events from decorations provider vscode.git 2717
2023-02-24 15:25:16.546 [warning] [Decorations] CAPPING events from decorations provider vscode.git 2717
2023-02-24 15:25:21.671 [warning] [Decorations] CAPPING events from decorations provider vscode.git 2717
2023-02-24 15:25:26.787 [warning] [Decorations] CAPPING events from decorations provider vscode.git 2717
2023-02-24 15:25:31.902 [warning] [Decorations] CAPPING events from decorations provider vscode.git 2717
2023-02-24 15:25:37.012 [warning] [Decorations] CAPPING events from decorations provider vscode.git 2717
2023-02-24 15:25:42.138 [warning] [Decorations] CAPPING events from decorations provider vscode.git 2717
2023-02-24 15:25:47.260 [warning] [Decorations] CAPPING events from decorations provider vscode.git 2717
2023-02-24 15:25:52.377 [warning] [Decorations] CAPPING events from decorations provider vscode.git 2717
2023-02-24 15:25:57.501 [warning] [Decorations] CAPPING events from decorations provider vscode.git 2717
2023-02-24 15:26:02.620 [warning] [Decorations] CAPPING events from decorations provider vscode.git 2717
2023-02-24 15:26:07.746 [warning] [Decorations] CAPPING events from decorations provider vscode.git 2717
2023-02-24 15:26:12.872 [warning] [Decorations] CAPPING events from decorations provider vscode.git 2717
2023-02-24 15:26:18.008 [warning] [Decorations] CAPPING events from decorations provider vscode.git 2717
2023-02-24 15:26:23.141 [warning] [Decorations] CAPPING events from decorations provider vscode.git 2717
2023-02-24 15:26:28.277 [warning] [Decorations] CAPPING events from decorations provider vscode.git 2717
2023-02-24 15:26:33.403 [warning] [Decorations] CAPPING events from decorations provider vscode.git 2717
2023-02-24 15:26:38.526 [warning] [Decorations] CAPPING events from decorations provider vscode.git 2717
2023-02-24 15:26:43.656 [warning] [Decorations] CAPPING events from decorations provider vscode.git 2717
2023-02-24 15:26:48.773 [warning] [Decorations] CAPPING events from decorations provider vscode.git 2717
2023-02-24 15:26:53.892 [warning] [Decorations] CAPPING events from decorations provider vscode.git 2717
2023-02-24 15:26:59.010 [warning] [Decorations] CAPPING events from decorations provider vscode.git 2717
2023-02-24 15:27:04.135 [warning] [Decorations] CAPPING events from decorations provider vscode.git 2717
2023-02-24 15:27:09.259 [warning] [Decorations] CAPPING events from decorations provider vscode.git 2717
2023-02-24 15:27:14.372 [warning] [Decorations] CAPPING events from decorations provider vscode.git 2717
2023-02-24 15:27:19.491 [warning] [Decorations] CAPPING events from decorations provider vscode.git 2717
2023-02-24 15:27:24.605 [warning] [Decorations] CAPPING events from decorations provider vscode.git 2717
2023-02-24 15:27:29.735 [warning] [Decorations] CAPPING events from decorations provider vscode.git 2717
2023-02-24 15:27:34.850 [warning] [Decorations] CAPPING events from decorations provider vscode.git 2717
2023-02-24 15:27:39.970 [warning] [Decorations] CAPPING events from decorations provider vscode.git 2717
2023-02-24 15:27:45.091 [warning] [Decorations] CAPPING events from decorations provider vscode.git 2717
2023-02-24 15:31:02.709 [warning] [Decorations] CAPPING events from decorations provider vscode.git 2717
2023-02-24 15:31:07.822 [warning] [Decorations] CAPPING events from decorations provider vscode.git 2717
2023-02-24 15:31:12.935 [warning] [Decorations] CAPPING events from decorations provider vscode.git 2717
2023-02-24 15:31:18.047 [warning] [Decorations] CAPPING events from decorations provider vscode.git 2717
2023-02-24 15:31:23.165 [warning] [Decorations] CAPPING events from decorations provider vscode.git 2717
2023-02-24 15:31:28.274 [warning] [Decorations] CAPPING events from decorations provider vscode.git 2717
2023-02-24 15:31:44.128 [warning] [Decorations] CAPPING events from decorations provider vscode.git 2717
2023-02-24 15:31:49.246 [warning] [Decorations] CAPPING events from decorations provider vscode.git 2717
2023-02-24 15:31:54.365 [warning] [Decorations] CAPPING events from decorations provider vscode.git 2717
2023-02-24 15:31:59.448 [warning] [Decorations] CAPPING events from decorations provider vscode.git 2717
2023-02-24 15:32:04.565 [warning] [Decorations] CAPPING events from decorations provider vscode.git 2717
2023-02-24 15:32:09.681 [warning] [Decorations] CAPPING events from decorations provider vscode.git 2717
2023-02-24 15:32:17.081 [warning] [Decorations] CAPPING events from decorations provider vscode.git 2717
2023-02-24 15:32:22.168 [warning] [Decorations] CAPPING events from decorations provider vscode.git 2717
2023-02-24 15:32:27.283 [warning] [Decorations] CAPPING events from decorations provider vscode.git 2717
2023-02-24 15:32:32.398 [warning] [Decorations] CAPPING events from decorations provider vscode.git 2717
2023-02-24 15:32:37.508 [warning] [Decorations] CAPPING events from decorations provider vscode.git 2717
2023-02-24 15:32:42.654 [warning] [Decorations] CAPPING events from decorations provider vscode.git 2717
2023-02-24 15:33:27.379 [warning] [Decorations] CAPPING events from decorations provider vscode.git 2717
2023-02-24 15:33:32.494 [warning] [Decorations] CAPPING events from decorations provider vscode.git 2717
2023-02-24 15:33:37.602 [warning] [Decorations] CAPPING events from decorations provider vscode.git 2717
2023-02-24 15:33:42.721 [warning] [Decorations] CAPPING events from decorations provider vscode.git 2717
2023-02-24 15:33:47.857 [warning] [Decorations] CAPPING events from decorations provider vscode.git 2717
2023-02-24 15:33:57.239 [warning] [Decorations] CAPPING events from decorations provider vscode.git 2717
2023-02-24 15:34:02.355 [warning] [Decorations] CAPPING events from decorations provider vscode.git 2717
2023-02-24 15:34:07.440 [warning] [Decorations] CAPPING events from decorations provider vscode.git 2717
2023-02-24 15:34:12.557 [warning] [Decorations] CAPPING events from decorations provider vscode.git 2717
2023-02-24 15:34:17.679 [warning] [Decorations] CAPPING events from decorations provider vscode.git 2717
2023-02-24 15:34:22.830 [warning] [Decorations] CAPPING events from decorations provider vscode.git 2717
2023-02-24 15:34:31.312 [warning] [Decorations] CAPPING events from decorations provider vscode.git 2717
2023-02-24 15:34:36.432 [warning] [Decorations] CAPPING events from decorations provider vscode.git 2717
2023-02-24 15:34:41.547 [warning] [Decorations] CAPPING events from decorations provider vscode.git 2717
2023-02-24 15:34:46.669 [warning] [Decorations] CAPPING events from decorations provider vscode.git 2717
2023-02-24 15:34:51.792 [warning] [Decorations] CAPPING events from decorations provider vscode.git 2717
2023-02-24 15:34:56.914 [warning] [Decorations] CAPPING events from decorations provider vscode.git 2717
2023-02-24 15:35:02.028 [warning] [Decorations] CAPPING events from decorations provider vscode.git 2717
2023-02-24 15:35:07.146 [warning] [Decorations] CAPPING events from decorations provider vscode.git 2717
2023-02-24 15:35:12.265 [warning] [Decorations] CAPPING events from decorations provider vscode.git 2717
2023-02-24 15:35:17.377 [warning] [Decorations] CAPPING events from decorations provider vscode.git 2717
2023-02-24 15:35:22.497 [warning] [Decorations] CAPPING events from decorations provider vscode.git 2717
2023-02-24 15:35:27.626 [warning] [Decorations] CAPPING events from decorations provider vscode.git 2717
2023-02-24 15:35:33.482 [warning] [Decorations] CAPPING events from decorations provider vscode.git 2717
2023-02-24 15:35:38.619 [warning] [Decorations] CAPPING events from decorations provider vscode.git 2717
2023-02-24 15:35:43.738 [warning] [Decorations] CAPPING events from decorations provider vscode.git 2717
2023-02-24 15:35:48.864 [warning] [Decorations] CAPPING events from decorations provider vscode.git 2717
2023-02-24 15:35:53.986 [warning] [Decorations] CAPPING events from decorations provider vscode.git 2717
2023-02-24 15:36:05.559 [warning] [Decorations] CAPPING events from decorations provider vscode.git 2717
2023-02-24 15:36:10.680 [warning] [Decorations] CAPPING events from decorations provider vscode.git 2717
2023-02-24 15:36:15.815 [warning] [Decorations] CAPPING events from decorations provider vscode.git 2717
2023-02-24 15:36:20.958 [warning] [Decorations] CAPPING events from decorations provider vscode.git 2717
2023-02-24 15:36:26.101 [warning] [Decorations] CAPPING events from decorations provider vscode.git 2717
2023-02-24 15:36:33.612 [warning] [Decorations] CAPPING events from decorations provider vscode.git 2717
2023-02-24 15:36:38.738 [warning] [Decorations] CAPPING events from decorations provider vscode.git 2717
2023-02-24 15:36:43.866 [warning] [Decorations] CAPPING events from decorations provider vscode.git 2717
2023-02-24 15:36:48.990 [warning] [Decorations] CAPPING events from decorations provider vscode.git 2717
2023-02-24 15:36:54.118 [warning] [Decorations] CAPPING events from decorations provider vscode.git 2717
2023-02-24 15:36:59.243 [warning] [Decorations] CAPPING events from decorations provider vscode.git 2717
2023-02-24 15:37:04.587 [warning] [Decorations] CAPPING events from decorations provider vscode.git 2717
2023-02-24 15:37:09.711 [warning] [Decorations] CAPPING events from decorations provider vscode.git 2717
2023-02-24 15:37:14.837 [warning] [Decorations] CAPPING events from decorations provider vscode.git 2717
2023-02-24 15:37:19.972 [warning] [Decorations] CAPPING events from decorations provider vscode.git 2717
2023-02-24 15:37:25.105 [warning] [Decorations] CAPPING events from decorations provider vscode.git 2717
2023-02-24 15:37:34.651 [warning] [Decorations] CAPPING events from decorations provider vscode.git 2717
2023-02-24 15:37:39.768 [warning] [Decorations] CAPPING events from decorations provider vscode.git 2717
2023-02-24 15:37:44.899 [warning] [Decorations] CAPPING events from decorations provider vscode.git 2717
2023-02-24 15:37:50.026 [warning] [Decorations] CAPPING events from decorations provider vscode.git 2717
2023-02-24 15:37:55.151 [warning] [Decorations] CAPPING events from decorations provider vscode.git 2717
2023-02-24 15:38:03.050 [warning] [Decorations] CAPPING events from decorations provider vscode.git 2717
2023-02-24 15:38:08.166 [warning] [Decorations] CAPPING events from decorations provider vscode.git 2717
2023-02-24 15:38:13.290 [warning] [Decorations] CAPPING events from decorations provider vscode.git 2717
2023-02-24 15:38:18.424 [warning] [Decorations] CAPPING events from decorations provider vscode.git 2717
2023-02-24 15:38:23.552 [warning] [Decorations] CAPPING events from decorations provider vscode.git 2717
2023-02-24 15:38:28.695 [warning] [Decorations] CAPPING events from decorations provider vscode.git 2717
2023-02-24 15:38:36.937 [warning] [Decorations] CAPPING events from decorations provider vscode.git 2717
2023-02-24 15:38:42.061 [warning] [Decorations] CAPPING events from decorations provider vscode.git 2717
2023-02-24 15:38:47.187 [warning] [Decorations] CAPPING events from decorations provider vscode.git 2717
2023-02-24 15:38:52.329 [warning] [Decorations] CAPPING events from decorations provider vscode.git 2717
2023-02-24 15:38:57.466 [warning] [Decorations] CAPPING events from decorations provider vscode.git 2717
2023-02-24 15:39:02.595 [warning] [Decorations] CAPPING events from decorations provider vscode.git 2717
2023-02-24 15:39:10.487 [warning] [Decorations] CAPPING events from decorations provider vscode.git 2717
2023-02-24 15:39:15.612 [warning] [Decorations] CAPPING events from decorations provider vscode.git 2717
2023-02-24 15:39:20.747 [warning] [Decorations] CAPPING events from decorations provider vscode.git 2717
2023-02-24 15:39:25.880 [warning] [Decorations] CAPPING events from decorations provider vscode.git 2717
2023-02-24 15:39:31.014 [warning] [Decorations] CAPPING events from decorations provider vscode.git 2717
2023-02-24 15:39:41.241 [warning] [Decorations] CAPPING events from decorations provider vscode.git 2717
2023-02-24 15:39:46.368 [warning] [Decorations] CAPPING events from decorations provider vscode.git 2717
2023-02-24 15:39:51.491 [warning] [Decorations] CAPPING events from decorations provider vscode.git 2717
2023-02-24 15:39:56.622 [warning] [Decorations] CAPPING events from decorations provider vscode.git 2717
2023-02-24 15:40:01.755 [warning] [Decorations] CAPPING events from decorations provider vscode.git 2717
2023-02-24 15:40:06.817 [warning] [Decorations] CAPPING events from decorations provider vscode.git 2717
2023-02-24 15:40:12.699 [warning] [Decorations] CAPPING events from decorations provider vscode.git 2717
2023-02-24 15:40:17.824 [warning] [Decorations] CAPPING events from decorations provider vscode.git 2717
2023-02-24 15:40:22.948 [warning] [Decorations] CAPPING events from decorations provider vscode.git 2717
2023-02-24 15:40:28.071 [warning] [Decorations] CAPPING events from decorations provider vscode.git 2717
2023-02-24 15:40:33.196 [warning] [Decorations] CAPPING events from decorations provider vscode.git 2717
2023-02-24 15:40:47.119 [warning] [Decorations] CAPPING events from decorations provider vscode.git 2717
2023-02-24 15:40:52.242 [warning] [Decorations] CAPPING events from decorations provider vscode.git 2717
2023-02-24 15:40:57.369 [warning] [Decorations] CAPPING events from decorations provider vscode.git 2717
2023-02-24 15:41:02.504 [warning] [Decorations] CAPPING events from decorations provider vscode.git 2717
2023-02-24 15:41:07.622 [warning] [Decorations] CAPPING events from decorations provider vscode.git 2717
2023-02-24 15:41:12.746 [warning] [Decorations] CAPPING events from decorations provider vscode.git 2717
2023-02-24 15:41:52.438 [warning] [Decorations] CAPPING events from decorations provider vscode.git 2717
2023-02-24 15:41:57.564 [warning] [Decorations] CAPPING events from decorations provider vscode.git 2717
2023-02-24 15:42:02.698 [warning] [Decorations] CAPPING events from decorations provider vscode.git 2717
2023-02-24 15:42:07.824 [warning] [Decorations] CAPPING events from decorations provider vscode.git 2717
2023-02-24 15:42:12.957 [warning] [Decorations] CAPPING events from decorations provider vscode.git 2717
2023-02-24 15:42:24.154 [warning] [Decorations] CAPPING events from decorations provider vscode.git 2717
2023-02-24 15:42:29.276 [warning] [Decorations] CAPPING events from decorations provider vscode.git 2717
2023-02-24 15:42:34.405 [warning] [Decorations] CAPPING events from decorations provider vscode.git 2717
2023-02-24 15:42:39.536 [warning] [Decorations] CAPPING events from decorations provider vscode.git 2717
2023-02-24 15:42:44.667 [warning] [Decorations] CAPPING events from decorations provider vscode.git 2717
2023-02-24 15:42:49.835 [warning] [Decorations] CAPPING events from decorations provider vscode.git 2717
2023-02-24 15:43:34.681 [warning] [Decorations] CAPPING events from decorations provider vscode.git 2717
2023-02-24 15:43:39.806 [warning] [Decorations] CAPPING events from decorations provider vscode.git 2717
2023-02-24 15:43:44.936 [warning] [Decorations] CAPPING events from decorations provider vscode.git 2717
2023-02-24 15:43:50.062 [warning] [Decorations] CAPPING events from decorations provider vscode.git 2717
2023-02-24 15:43:55.190 [warning] [Decorations] CAPPING events from decorations provider vscode.git 2717
2023-02-24 15:46:15.156 [warning] [Decorations] CAPPING events from decorations provider vscode.git 2717
2023-02-24 15:46:20.291 [warning] [Decorations] CAPPING events from decorations provider vscode.git 2717
2023-02-24 15:46:25.422 [warning] [Decorations] CAPPING events from decorations provider vscode.git 2717
2023-02-24 15:46:30.555 [warning] [Decorations] CAPPING events from decorations provider vscode.git 2717
2023-02-24 15:46:35.688 [warning] [Decorations] CAPPING events from decorations provider vscode.git 2717
2023-02-24 15:46:40.825 [warning] [Decorations] CAPPING events from decorations provider vscode.git 2717
2023-02-24 15:46:46.669 [warning] [Decorations] CAPPING events from decorations provider vscode.git 2717
2023-02-24 15:46:51.794 [warning] [Decorations] CAPPING events from decorations provider vscode.git 2717
2023-02-24 15:46:56.926 [warning] [Decorations] CAPPING events from decorations provider vscode.git 2717
2023-02-24 15:47:02.058 [warning] [Decorations] CAPPING events from decorations provider vscode.git 2717
2023-02-24 15:47:07.177 [warning] [Decorations] CAPPING events from decorations provider vscode.git 2717
2023-02-24 15:49:24.129 [warning] [Decorations] CAPPING events from decorations provider vscode.git 2717
2023-02-24 15:49:29.254 [warning] [Decorations] CAPPING events from decorations provider vscode.git 2717
2023-02-24 15:49:34.395 [warning] [Decorations] CAPPING events from decorations provider vscode.git 2717
2023-02-24 15:49:39.526 [warning] [Decorations] CAPPING events from decorations provider vscode.git 2717
2023-02-24 15:49:44.655 [warning] [Decorations] CAPPING events from decorations provider vscode.git 2717
2023-02-24 15:49:49.799 [warning] [Decorations] CAPPING events from decorations provider vscode.git 2717
2023-02-24 15:53:32.699 [warning] [Decorations] CAPPING events from decorations provider vscode.git 2717
2023-02-24 15:53:37.825 [warning] [Decorations] CAPPING events from decorations provider vscode.git 2717
2023-02-24 15:53:42.942 [warning] [Decorations] CAPPING events from decorations provider vscode.git 2717
2023-02-24 15:53:48.065 [warning] [Decorations] CAPPING events from decorations provider vscode.git 2717
2023-02-24 15:53:53.195 [warning] [Decorations] CAPPING events from decorations provider vscode.git 2717
2023-02-24 15:55:17.154 [warning] [Decorations] CAPPING events from decorations provider vscode.git 2717
2023-02-24 15:55:22.281 [warning] [Decorations] CAPPING events from decorations provider vscode.git 2717
2023-02-24 15:55:27.417 [warning] [Decorations] CAPPING events from decorations provider vscode.git 2717
2023-02-24 15:55:32.547 [warning] [Decorations] CAPPING events from decorations provider vscode.git 2717
2023-02-24 15:55:37.676 [warning] [Decorations] CAPPING events from decorations provider vscode.git 2717
2023-02-24 15:55:42.795 [warning] [Decorations] CAPPING events from decorations provider vscode.git 2717
2023-02-24 15:59:33.636 [warning] [Decorations] CAPPING events from decorations provider vscode.git 2717
2023-02-24 15:59:38.761 [warning] [Decorations] CAPPING events from decorations provider vscode.git 2717
2023-02-24 15:59:43.891 [warning] [Decorations] CAPPING events from decorations provider vscode.git 2717
2023-02-24 15:59:49.026 [warning] [Decorations] CAPPING events from decorations provider vscode.git 2717
2023-02-24 15:59:54.151 [warning] [Decorations] CAPPING events from decorations provider vscode.git 2717
2023-02-24 16:02:49.154 [warning] [Decorations] CAPPING events from decorations provider vscode.git 2717
2023-02-24 16:02:54.286 [warning] [Decorations] CAPPING events from decorations provider vscode.git 2717
2023-02-24 16:02:59.409 [warning] [Decorations] CAPPING events from decorations provider vscode.git 2717
2023-02-24 16:03:04.540 [warning] [Decorations] CAPPING events from decorations provider vscode.git 2717
2023-02-24 16:03:09.659 [warning] [Decorations] CAPPING events from decorations provider vscode.git 2717
2023-02-24 16:03:14.798 [warning] [Decorations] CAPPING events from decorations provider vscode.git 2717
