2023-01-24 08:38:50.835 [info] Added views:workbench.panel.markers.view in workbench.panel.markers
2023-01-24 08:38:50.835 [info] Added views:workbench.panel.output in workbench.panel.output
2023-01-24 08:38:50.835 [info] Added views:terminal in terminal
2023-01-24 08:38:50.835 [info] Added views:outline in workbench.view.explorer
2023-01-24 08:38:50.835 [info] Added views:workbench.scm in workbench.view.scm
2023-01-24 08:38:50.835 [info] Added views:workbench.view.search in workbench.view.search
2023-01-24 08:38:50.835 [info] Added views:timeline in workbench.view.explorer
2023-01-24 08:38:50.835 [info] Added views:workbench.explorer.fileView in workbench.view.explorer
2023-01-24 08:38:51.027 [info] Added views:workbench.debug.welcome in workbench.view.debug
2023-01-24 08:38:51.543 [info] Added views:gitlens.views.home in workbench.view.extension.gitlens
2023-01-24 08:38:51.544 [info] Added views:gitlens.views.commits,gitlens.views.commitDetails,gitlens.views.fileHistory,gitlens.views.branches,gitlens.views.remotes,gitlens.views.stashes,gitlens.views.tags,gitlens.views.searchAndCompare in workbench.view.scm
2023-01-24 08:38:51.852 [info] Added views:workbench.panel.repl.view in workbench.panel.repl
2023-01-24 08:38:53.182 [info] Added views:gitlens.views.timeline in workbench.view.extension.gitlensPanel
2023-01-24 08:38:53.184 [info] Added views:gitlens.views.worktrees in workbench.view.scm
2023-01-24 08:39:07.292 [info] Added views:workbench.panel.markers.view in workbench.panel.markers
2023-01-24 08:39:07.292 [info] Added views:workbench.panel.output in workbench.panel.output
2023-01-24 08:39:07.292 [info] Added views:terminal in terminal
2023-01-24 08:39:07.292 [info] Added views:outline in workbench.view.explorer
2023-01-24 08:39:07.292 [info] Added views:workbench.scm in workbench.view.scm
2023-01-24 08:39:07.292 [info] Added views:workbench.view.search in workbench.view.search
2023-01-24 08:39:07.292 [info] Added views:timeline in workbench.view.explorer
2023-01-24 08:39:07.292 [info] Added views:workbench.explorer.fileView in workbench.view.explorer
2023-01-24 08:39:07.292 [info] Added views:workbench.debug.variablesView,workbench.debug.watchExpressionsView,workbench.debug.callStackView,workbench.debug.breakPointsView in workbench.view.debug
2023-01-24 08:39:07.771 [info] Added views:gitlens.views.home in workbench.view.extension.gitlens
2023-01-24 08:39:07.772 [info] Added views:gitlens.views.commits,gitlens.views.commitDetails,gitlens.views.fileHistory,gitlens.views.branches,gitlens.views.remotes,gitlens.views.stashes,gitlens.views.tags,gitlens.views.searchAndCompare in workbench.view.scm
2023-01-24 08:39:08.255 [info] Added views:workbench.panel.repl.view in workbench.panel.repl
2023-01-24 08:39:08.257 [info] Removed views:workbench.debug.breakPointsView,workbench.debug.callStackView,workbench.debug.watchExpressionsView,workbench.debug.variablesView from workbench.view.debug
2023-01-24 08:39:08.259 [info] Added views:workbench.debug.welcome in workbench.view.debug
2023-01-24 08:39:09.030 [info] Added views:gitlens.views.timeline in workbench.view.extension.gitlensPanel
2023-01-24 08:39:09.031 [info] Added views:gitlens.views.worktrees in workbench.view.scm
