[2022-10-28T06:10:54.349Z] Log level: Info
[2022-10-28T06:10:54.350Z] [info] Validating found git in: git
[2022-10-28T06:10:54.370Z] [info] Using git 2.38.1 from git
[2022-10-28T06:10:54.382Z] > git rev-parse --show-toplevel [4ms]
[2022-10-28T06:10:54.393Z] > git rev-parse --git-dir --git-common-dir [2ms]
[2022-10-28T06:10:54.401Z] [info] Open repository: /home/adt/development/mkratings
[2022-10-28T06:10:54.419Z] > git rev-parse --show-toplevel [8ms]
[2022-10-28T06:10:54.427Z] > git status -z -uall [19ms]
[2022-10-28T06:10:54.432Z] > git rev-parse --show-toplevel [7ms]
[2022-10-28T06:10:54.441Z] > git symbolic-ref --short HEAD [10ms]
[2022-10-28T06:10:54.446Z] > git rev-parse --show-toplevel [10ms]
[2022-10-28T06:10:54.450Z] > git for-each-ref --format=%(refname)%00%(upstream:short)%00%(objectname)%00%(upstream:track)%00%(upstream:remotename)%00%(upstream:remoteref) refs/heads/main refs/remotes/main [4ms]
[2022-10-28T06:10:54.470Z] > git remote --verbose [12ms]
[2022-10-28T06:10:54.471Z] > git for-each-ref --sort -committerdate --format %(refname) %(objectname) %(*objectname) [17ms]
[2022-10-28T06:10:54.500Z] > git rev-parse --show-toplevel [50ms]
[2022-10-28T06:10:54.644Z] > git rev-parse --show-toplevel [141ms]
[2022-10-28T06:10:54.646Z] > git config --get commit.template [7ms]
[2022-10-28T06:10:54.657Z] > git status -z -uall [7ms]
[2022-10-28T06:10:54.660Z] > git symbolic-ref --short HEAD [1ms]
[2022-10-28T06:10:54.665Z] > git for-each-ref --format=%(refname)%00%(upstream:short)%00%(objectname)%00%(upstream:track)%00%(upstream:remotename)%00%(upstream:remoteref) refs/heads/main refs/remotes/main [2ms]
[2022-10-28T06:10:54.674Z] > git for-each-ref --sort -committerdate --format %(refname) %(objectname) %(*objectname) [5ms]
[2022-10-28T06:10:54.675Z] > git remote --verbose [3ms]
[2022-10-28T06:10:54.703Z] > git config --get commit.template [7ms]
[2022-10-28T06:10:54.923Z] > git check-ignore -v -z --stdin [1ms]
[2022-10-28T06:10:54.970Z] > git show --textconv :css/style.css [4ms]
[2022-10-28T06:10:54.971Z] > git ls-files --stage -- /home/adt/development/mkratings/css/style.css [2ms]
[2022-10-28T06:14:00.713Z] > git status -z -uall [6ms]
[2022-10-28T06:14:00.717Z] > git symbolic-ref --short HEAD [1ms]
[2022-10-28T06:14:00.721Z] > git for-each-ref --format=%(refname)%00%(upstream:short)%00%(objectname)%00%(upstream:track)%00%(upstream:remotename)%00%(upstream:remoteref) refs/heads/main refs/remotes/main [1ms]
[2022-10-28T06:14:00.726Z] > git for-each-ref --sort -committerdate --format %(refname) %(objectname) %(*objectname) [3ms]
[2022-10-28T06:14:00.727Z] > git remote --verbose [1ms]
[2022-10-28T06:14:00.746Z] > git config --get commit.template [1ms]
[2022-10-28T06:14:26.828Z] > git status -z -uall [5ms]
[2022-10-28T06:14:26.832Z] > git symbolic-ref --short HEAD [0ms]
[2022-10-28T06:14:26.837Z] > git for-each-ref --format=%(refname)%00%(upstream:short)%00%(objectname)%00%(upstream:track)%00%(upstream:remotename)%00%(upstream:remoteref) refs/heads/main refs/remotes/main [2ms]
[2022-10-28T06:14:26.843Z] > git for-each-ref --sort -committerdate --format %(refname) %(objectname) %(*objectname) [3ms]
[2022-10-28T06:14:26.844Z] > git remote --verbose [1ms]
[2022-10-28T06:14:26.858Z] > git config --get commit.template [1ms]
[2022-10-28T06:15:04.862Z] > git status -z -uall [9ms]
[2022-10-28T06:15:04.870Z] > git symbolic-ref --short HEAD [2ms]
[2022-10-28T06:15:04.878Z] > git for-each-ref --format=%(refname)%00%(upstream:short)%00%(objectname)%00%(upstream:track)%00%(upstream:remotename)%00%(upstream:remoteref) refs/heads/main refs/remotes/main [2ms]
[2022-10-28T06:15:04.889Z] > git for-each-ref --sort -committerdate --format %(refname) %(objectname) %(*objectname) [6ms]
[2022-10-28T06:15:04.889Z] > git remote --verbose [2ms]
[2022-10-28T06:15:04.904Z] > git config --get commit.template [1ms]
[2022-10-28T06:16:02.341Z] > git status -z -uall [14ms]
[2022-10-28T06:16:02.346Z] > git symbolic-ref --short HEAD [1ms]
[2022-10-28T06:16:02.350Z] > git for-each-ref --format=%(refname)%00%(upstream:short)%00%(objectname)%00%(upstream:track)%00%(upstream:remotename)%00%(upstream:remoteref) refs/heads/main refs/remotes/main [1ms]
[2022-10-28T06:16:02.357Z] > git for-each-ref --sort -committerdate --format %(refname) %(objectname) %(*objectname) [3ms]
[2022-10-28T06:16:02.357Z] > git remote --verbose [1ms]
[2022-10-28T06:16:02.375Z] > git config --get commit.template [0ms]
[2022-10-28T06:16:33.505Z] > git status -z -uall [6ms]
[2022-10-28T06:16:33.509Z] > git symbolic-ref --short HEAD [1ms]
[2022-10-28T06:16:33.513Z] > git for-each-ref --format=%(refname)%00%(upstream:short)%00%(objectname)%00%(upstream:track)%00%(upstream:remotename)%00%(upstream:remoteref) refs/heads/main refs/remotes/main [1ms]
[2022-10-28T06:16:33.520Z] > git for-each-ref --sort -committerdate --format %(refname) %(objectname) %(*objectname) [4ms]
[2022-10-28T06:16:33.520Z] > git remote --verbose [1ms]
[2022-10-28T06:16:33.535Z] > git config --get commit.template [2ms]
[2022-10-28T06:16:35.263Z] > git check-ignore -v -z --stdin [2ms]
[2022-10-28T06:19:09.887Z] > git check-ignore -v -z --stdin [2ms]
[2022-10-28T06:19:32.968Z] > git status -z -uall [5ms]
[2022-10-28T06:19:32.972Z] > git symbolic-ref --short HEAD [1ms]
[2022-10-28T06:19:32.976Z] > git for-each-ref --format=%(refname)%00%(upstream:short)%00%(objectname)%00%(upstream:track)%00%(upstream:remotename)%00%(upstream:remoteref) refs/heads/main refs/remotes/main [1ms]
[2022-10-28T06:19:32.982Z] > git for-each-ref --sort -committerdate --format %(refname) %(objectname) %(*objectname) [3ms]
[2022-10-28T06:19:32.983Z] > git remote --verbose [1ms]
[2022-10-28T06:19:32.995Z] > git config --get commit.template [0ms]
[2022-10-28T06:19:36.025Z] > git check-ignore -v -z --stdin [3ms]
[2022-10-28T06:19:36.869Z] > git check-ignore -v -z --stdin [2ms]
[2022-10-28T06:19:38.019Z] > git status -z -uall [15ms]
[2022-10-28T06:19:38.028Z] > git symbolic-ref --short HEAD [2ms]
[2022-10-28T06:19:38.034Z] > git for-each-ref --format=%(refname)%00%(upstream:short)%00%(objectname)%00%(upstream:track)%00%(upstream:remotename)%00%(upstream:remoteref) refs/heads/main refs/remotes/main [1ms]
[2022-10-28T06:19:38.055Z] > git show --textconv :public/css/style.css [4ms]
[2022-10-28T06:19:38.055Z] > git remote --verbose [11ms]
[2022-10-28T06:19:38.055Z] > git for-each-ref --sort -committerdate --format %(refname) %(objectname) %(*objectname) [15ms]
[2022-10-28T06:19:38.069Z] > git ls-files --stage -- /home/adt/development/mkratings/public/css/style.css [14ms]
[2022-10-28T06:19:38.070Z] > git config --get commit.template [1ms]
[2022-10-28T06:20:32.185Z] > git show --textconv :views/login.ejs [3ms]
[2022-10-28T06:20:32.186Z] > git ls-files --stage -- /home/adt/development/mkratings/views/login.ejs [1ms]
[2022-10-28T06:20:32.189Z] > git cat-file -s 56efbdba61ff12f90f864930b9a85eac0259666d [0ms]
[2022-10-28T06:56:56.425Z] > git show --textconv :teacher_list.txt [4ms]
[2022-10-28T06:56:56.425Z] > git ls-files --stage -- /home/adt/development/mkratings/teacher_list.txt [1ms]
[2022-10-28T06:56:56.429Z] > git cat-file -s b0ae657c65cfe9092b399d3888ef24d564691c41 [1ms]
[2022-10-28T06:56:56.997Z] > git show --textconv :server.js [4ms]
[2022-10-28T06:56:56.998Z] > git ls-files --stage -- /home/adt/development/mkratings/server.js [1ms]
[2022-10-28T06:56:57.002Z] > git cat-file -s b88d7cb918a5d1a8e5b66ab5a5c896f2a2f10557 [1ms]
[2022-10-28T06:56:59.717Z] > git show --textconv :public/css/style.css [9ms]
[2022-10-28T06:56:59.718Z] > git ls-files --stage -- /home/adt/development/mkratings/public/css/style.css [2ms]
[2022-10-28T06:57:25.255Z] > git status -z -uall [6ms]
[2022-10-28T06:57:25.260Z] > git symbolic-ref --short HEAD [1ms]
[2022-10-28T06:57:25.263Z] > git for-each-ref --format=%(refname)%00%(upstream:short)%00%(objectname)%00%(upstream:track)%00%(upstream:remotename)%00%(upstream:remoteref) refs/heads/main refs/remotes/main [0ms]
[2022-10-28T06:57:25.270Z] > git for-each-ref --sort -committerdate --format %(refname) %(objectname) %(*objectname) [3ms]
[2022-10-28T06:57:25.271Z] > git remote --verbose [1ms]
[2022-10-28T06:57:25.284Z] > git config --get commit.template [0ms]
[2022-10-28T07:00:01.679Z] > git status -z -uall [5ms]
[2022-10-28T07:00:01.683Z] > git symbolic-ref --short HEAD [0ms]
[2022-10-28T07:00:01.688Z] > git for-each-ref --format=%(refname)%00%(upstream:short)%00%(objectname)%00%(upstream:track)%00%(upstream:remotename)%00%(upstream:remoteref) refs/heads/main refs/remotes/main [1ms]
[2022-10-28T07:00:01.695Z] > git for-each-ref --sort -committerdate --format %(refname) %(objectname) %(*objectname) [3ms]
[2022-10-28T07:00:01.695Z] > git remote --verbose [1ms]
[2022-10-28T07:00:01.711Z] > git config --get commit.template [1ms]
[2022-10-28T07:01:19.369Z] > git status -z -uall [8ms]
[2022-10-28T07:01:19.373Z] > git symbolic-ref --short HEAD [1ms]
[2022-10-28T07:01:19.377Z] > git for-each-ref --format=%(refname)%00%(upstream:short)%00%(objectname)%00%(upstream:track)%00%(upstream:remotename)%00%(upstream:remoteref) refs/heads/main refs/remotes/main [1ms]
[2022-10-28T07:01:19.384Z] > git for-each-ref --sort -committerdate --format %(refname) %(objectname) %(*objectname) [4ms]
[2022-10-28T07:01:19.384Z] > git remote --verbose [1ms]
[2022-10-28T07:01:19.397Z] > git config --get commit.template [0ms]
[2022-10-28T07:04:12.024Z] > git status -z -uall [6ms]
[2022-10-28T07:04:12.028Z] > git symbolic-ref --short HEAD [1ms]
[2022-10-28T07:04:12.032Z] > git for-each-ref --format=%(refname)%00%(upstream:short)%00%(objectname)%00%(upstream:track)%00%(upstream:remotename)%00%(upstream:remoteref) refs/heads/main refs/remotes/main [1ms]
[2022-10-28T07:04:12.039Z] > git for-each-ref --sort -committerdate --format %(refname) %(objectname) %(*objectname) [3ms]
[2022-10-28T07:04:12.040Z] > git remote --verbose [1ms]
[2022-10-28T07:04:12.053Z] > git config --get commit.template [1ms]
[2022-10-28T07:04:13.411Z] > git check-ignore -v -z --stdin [3ms]
[2022-10-28T07:04:17.069Z] > git status -z -uall [6ms]
[2022-10-28T07:04:17.076Z] > git symbolic-ref --short HEAD [1ms]
[2022-10-28T07:04:17.086Z] > git for-each-ref --format=%(refname)%00%(upstream:short)%00%(objectname)%00%(upstream:track)%00%(upstream:remotename)%00%(upstream:remoteref) refs/heads/main refs/remotes/main [2ms]
[2022-10-28T07:04:17.101Z] > git for-each-ref --sort -committerdate --format %(refname) %(objectname) %(*objectname) [6ms]
[2022-10-28T07:04:17.101Z] > git remote --verbose [2ms]
[2022-10-28T07:04:17.117Z] > git config --get commit.template [1ms]
[2022-10-28T07:07:27.370Z] > git check-ignore -v -z --stdin [2ms]
[2022-10-28T07:07:38.653Z] > git check-ignore -v -z --stdin [2ms]
[2022-10-28T07:08:20.492Z] > git status -z -uall [7ms]
[2022-10-28T07:08:20.496Z] > git symbolic-ref --short HEAD [1ms]
[2022-10-28T07:08:20.500Z] > git for-each-ref --format=%(refname)%00%(upstream:short)%00%(objectname)%00%(upstream:track)%00%(upstream:remotename)%00%(upstream:remoteref) refs/heads/main refs/remotes/main [1ms]
[2022-10-28T07:08:20.509Z] > git for-each-ref --sort -committerdate --format %(refname) %(objectname) %(*objectname) [5ms]
[2022-10-28T07:08:20.509Z] > git remote --verbose [1ms]
[2022-10-28T07:08:20.523Z] > git config --get commit.template [1ms]
[2022-10-28T07:08:22.127Z] > git check-ignore -v -z --stdin [3ms]
[2022-10-28T07:08:25.543Z] > git status -z -uall [11ms]
[2022-10-28T07:08:25.552Z] > git symbolic-ref --short HEAD [2ms]
[2022-10-28T07:08:25.559Z] > git for-each-ref --format=%(refname)%00%(upstream:short)%00%(objectname)%00%(upstream:track)%00%(upstream:remotename)%00%(upstream:remoteref) refs/heads/main refs/remotes/main [1ms]
[2022-10-28T07:08:25.569Z] > git for-each-ref --sort -committerdate --format %(refname) %(objectname) %(*objectname) [5ms]
[2022-10-28T07:08:25.569Z] > git remote --verbose [1ms]
[2022-10-28T07:08:25.586Z] > git config --get commit.template [1ms]
[2022-10-28T07:08:36.754Z] > git check-ignore -v -z --stdin [2ms]
[2022-10-28T07:08:37.878Z] > git show --textconv :public/css/web fonts/opensans_regular_macroman/stylesheet.css [5ms]
[2022-10-28T07:08:37.879Z] > git ls-files --stage -- /home/adt/development/mkratings/public/css/web fonts/opensans_regular_macroman/stylesheet.css [2ms]
[2022-10-28T07:08:46.794Z] > git show --textconv :public/css/style.css [9ms]
[2022-10-28T07:08:46.795Z] > git ls-files --stage -- /home/adt/development/mkratings/public/css/style.css [2ms]
[2022-10-28T07:09:07.082Z] > git show --textconv :public/css/web fonts/opensans_regular_macroman/OpenSans-Regular-demo.html [7ms]
[2022-10-28T07:09:07.085Z] > git ls-files --stage -- /home/adt/development/mkratings/public/css/web fonts/opensans_regular_macroman/OpenSans-Regular-demo.html [4ms]
[2022-10-28T07:09:20.387Z] > git check-ignore -v -z --stdin [2ms]
[2022-10-28T07:09:53.147Z] > git show --textconv :public/css/style.css [5ms]
[2022-10-28T07:09:53.148Z] > git ls-files --stage -- /home/adt/development/mkratings/public/css/style.css [1ms]
[2022-10-28T07:12:07.658Z] > git check-ignore -v -z --stdin [2ms]
[2022-10-28T07:12:08.188Z] > git status -z -uall [14ms]
[2022-10-28T07:12:08.196Z] > git symbolic-ref --short HEAD [2ms]
[2022-10-28T07:12:08.202Z] > git for-each-ref --format=%(refname)%00%(upstream:short)%00%(objectname)%00%(upstream:track)%00%(upstream:remotename)%00%(upstream:remoteref) refs/heads/main refs/remotes/main [1ms]
[2022-10-28T07:12:08.211Z] > git for-each-ref --sort -committerdate --format %(refname) %(objectname) %(*objectname) [4ms]
[2022-10-28T07:12:08.211Z] > git remote --verbose [1ms]
[2022-10-28T07:12:08.227Z] > git config --get commit.template [1ms]
[2022-10-28T07:12:13.845Z] > git show --textconv :public/css/style.css [5ms]
[2022-10-28T07:12:13.846Z] > git ls-files --stage -- /home/adt/development/mkratings/public/css/style.css [1ms]
[2022-10-28T07:12:14.677Z] > git status -z -uall [14ms]
[2022-10-28T07:12:14.687Z] > git symbolic-ref --short HEAD [1ms]
[2022-10-28T07:12:14.696Z] > git for-each-ref --format=%(refname)%00%(upstream:short)%00%(objectname)%00%(upstream:track)%00%(upstream:remotename)%00%(upstream:remoteref) refs/heads/main refs/remotes/main [1ms]
[2022-10-28T07:12:14.705Z] > git for-each-ref --sort -committerdate --format %(refname) %(objectname) %(*objectname) [4ms]
[2022-10-28T07:12:14.705Z] > git remote --verbose [1ms]
[2022-10-28T07:12:14.720Z] > git config --get commit.template [1ms]
[2022-10-28T07:12:16.562Z] > git check-ignore -v -z --stdin [2ms]
[2022-10-28T07:12:40.816Z] > git status -z -uall [6ms]
[2022-10-28T07:12:40.820Z] > git symbolic-ref --short HEAD [0ms]
[2022-10-28T07:12:40.825Z] > git for-each-ref --format=%(refname)%00%(upstream:short)%00%(objectname)%00%(upstream:track)%00%(upstream:remotename)%00%(upstream:remoteref) refs/heads/main refs/remotes/main [1ms]
[2022-10-28T07:12:40.835Z] > git remote --verbose [2ms]
[2022-10-28T07:12:40.835Z] > git for-each-ref --sort -committerdate --format %(refname) %(objectname) %(*objectname) [7ms]
[2022-10-28T07:12:40.855Z] > git config --get commit.template [1ms]
[2022-10-28T07:12:45.869Z] > git status -z -uall [7ms]
[2022-10-28T07:12:45.877Z] > git symbolic-ref --short HEAD [2ms]
[2022-10-28T07:12:45.887Z] > git for-each-ref --format=%(refname)%00%(upstream:short)%00%(objectname)%00%(upstream:track)%00%(upstream:remotename)%00%(upstream:remoteref) refs/heads/main refs/remotes/main [2ms]
[2022-10-28T07:12:45.902Z] > git for-each-ref --sort -committerdate --format %(refname) %(objectname) %(*objectname) [8ms]
[2022-10-28T07:12:45.903Z] > git remote --verbose [2ms]
[2022-10-28T07:12:45.918Z] > git config --get commit.template [1ms]
[2022-10-28T07:13:25.963Z] > git status -z -uall [8ms]
[2022-10-28T07:13:25.972Z] > git symbolic-ref --short HEAD [1ms]
[2022-10-28T07:13:25.980Z] > git for-each-ref --format=%(refname)%00%(upstream:short)%00%(objectname)%00%(upstream:track)%00%(upstream:remotename)%00%(upstream:remoteref) refs/heads/main refs/remotes/main [2ms]
[2022-10-28T07:13:25.991Z] > git for-each-ref --sort -committerdate --format %(refname) %(objectname) %(*objectname) [6ms]
[2022-10-28T07:13:25.991Z] > git remote --verbose [1ms]
[2022-10-28T07:13:26.010Z] > git config --get commit.template [1ms]
[2022-10-28T07:15:26.329Z] > git check-ignore -v -z --stdin [1ms]
[2022-10-28T07:15:37.052Z] > git status -z -uall [14ms]
[2022-10-28T07:15:37.057Z] > git symbolic-ref --short HEAD [1ms]
[2022-10-28T07:15:37.064Z] > git for-each-ref --format=%(refname)%00%(upstream:short)%00%(objectname)%00%(upstream:track)%00%(upstream:remotename)%00%(upstream:remoteref) refs/heads/main refs/remotes/main [2ms]
[2022-10-28T07:15:37.077Z] > git for-each-ref --sort -committerdate --format %(refname) %(objectname) %(*objectname) [7ms]
[2022-10-28T07:15:37.077Z] > git remote --verbose [1ms]
[2022-10-28T07:15:37.095Z] > git config --get commit.template [1ms]
[2022-10-28T07:15:55.932Z] > git show --textconv :public/css/style.css [4ms]
[2022-10-28T07:15:55.933Z] > git ls-files --stage -- /home/adt/development/mkratings/public/css/style.css [1ms]
[2022-10-28T07:15:56.755Z] > git status -z -uall [11ms]
[2022-10-28T07:15:56.764Z] > git symbolic-ref --short HEAD [2ms]
[2022-10-28T07:15:56.774Z] > git for-each-ref --format=%(refname)%00%(upstream:short)%00%(objectname)%00%(upstream:track)%00%(upstream:remotename)%00%(upstream:remoteref) refs/heads/main refs/remotes/main [2ms]
[2022-10-28T07:15:56.789Z] > git for-each-ref --sort -committerdate --format %(refname) %(objectname) %(*objectname) [8ms]
[2022-10-28T07:15:56.789Z] > git remote --verbose [1ms]
[2022-10-28T07:15:56.805Z] > git config --get commit.template [0ms]
[2022-10-28T07:17:53.439Z] > git check-ignore -v -z --stdin [3ms]
[2022-10-28T07:18:22.000Z] > git check-ignore -v -z --stdin [2ms]
[2022-10-28T07:18:53.502Z] > git status -z -uall [7ms]
[2022-10-28T07:18:53.506Z] > git symbolic-ref --short HEAD [0ms]
[2022-10-28T07:18:53.512Z] > git for-each-ref --format=%(refname)%00%(upstream:short)%00%(objectname)%00%(upstream:track)%00%(upstream:remotename)%00%(upstream:remoteref) refs/heads/main refs/remotes/main [1ms]
[2022-10-28T07:18:53.521Z] > git for-each-ref --sort -committerdate --format %(refname) %(objectname) %(*objectname) [5ms]
[2022-10-28T07:18:53.521Z] > git remote --verbose [1ms]
[2022-10-28T07:18:53.537Z] > git config --get commit.template [0ms]
[2022-10-28T07:19:21.959Z] > git status -z -uall [7ms]
[2022-10-28T07:19:21.964Z] > git symbolic-ref --short HEAD [1ms]
[2022-10-28T07:19:21.969Z] > git for-each-ref --format=%(refname)%00%(upstream:short)%00%(objectname)%00%(upstream:track)%00%(upstream:remotename)%00%(upstream:remoteref) refs/heads/main refs/remotes/main [1ms]
[2022-10-28T07:19:21.977Z] > git for-each-ref --sort -committerdate --format %(refname) %(objectname) %(*objectname) [3ms]
[2022-10-28T07:19:21.977Z] > git remote --verbose [0ms]
[2022-10-28T07:19:21.996Z] > git config --get commit.template [2ms]
[2022-10-28T07:19:27.016Z] > git status -z -uall [11ms]
[2022-10-28T07:19:27.025Z] > git symbolic-ref --short HEAD [2ms]
[2022-10-28T07:19:27.030Z] > git for-each-ref --format=%(refname)%00%(upstream:short)%00%(objectname)%00%(upstream:track)%00%(upstream:remotename)%00%(upstream:remoteref) refs/heads/main refs/remotes/main [2ms]
[2022-10-28T07:19:27.043Z] > git for-each-ref --sort -committerdate --format %(refname) %(objectname) %(*objectname) [7ms]
[2022-10-28T07:19:27.044Z] > git remote --verbose [2ms]
[2022-10-28T07:19:27.059Z] > git config --get commit.template [1ms]
[2022-10-28T07:20:39.025Z] > git status -z -uall [14ms]
[2022-10-28T07:20:39.032Z] > git symbolic-ref --short HEAD [1ms]
[2022-10-28T07:20:39.039Z] > git for-each-ref --format=%(refname)%00%(upstream:short)%00%(objectname)%00%(upstream:track)%00%(upstream:remotename)%00%(upstream:remoteref) refs/heads/main refs/remotes/main [2ms]
[2022-10-28T07:20:39.047Z] > git for-each-ref --sort -committerdate --format %(refname) %(objectname) %(*objectname) [4ms]
[2022-10-28T07:20:39.047Z] > git remote --verbose [0ms]
[2022-10-28T07:20:39.062Z] > git config --get commit.template [1ms]
[2022-10-28T07:22:11.447Z] > git status -z -uall [10ms]
[2022-10-28T07:22:11.456Z] > git symbolic-ref --short HEAD [1ms]
[2022-10-28T07:22:11.465Z] > git for-each-ref --format=%(refname)%00%(upstream:short)%00%(objectname)%00%(upstream:track)%00%(upstream:remotename)%00%(upstream:remoteref) refs/heads/main refs/remotes/main [2ms]
[2022-10-28T07:22:11.479Z] > git for-each-ref --sort -committerdate --format %(refname) %(objectname) %(*objectname) [8ms]
[2022-10-28T07:22:11.479Z] > git remote --verbose [2ms]
[2022-10-28T07:22:11.499Z] > git config --get commit.template [2ms]
[2022-10-28T07:22:44.375Z] > git status -z -uall [13ms]
[2022-10-28T07:22:44.383Z] > git symbolic-ref --short HEAD [1ms]
[2022-10-28T07:22:44.392Z] > git for-each-ref --format=%(refname)%00%(upstream:short)%00%(objectname)%00%(upstream:track)%00%(upstream:remotename)%00%(upstream:remoteref) refs/heads/main refs/remotes/main [2ms]
[2022-10-28T07:22:44.406Z] > git for-each-ref --sort -committerdate --format %(refname) %(objectname) %(*objectname) [7ms]
[2022-10-28T07:22:44.407Z] > git remote --verbose [2ms]
[2022-10-28T07:22:44.420Z] > git config --get commit.template [0ms]
[2022-10-28T07:22:58.754Z] > git status -z -uall [5ms]
[2022-10-28T07:22:58.759Z] > git symbolic-ref --short HEAD [1ms]
[2022-10-28T07:22:58.763Z] > git for-each-ref --format=%(refname)%00%(upstream:short)%00%(objectname)%00%(upstream:track)%00%(upstream:remotename)%00%(upstream:remoteref) refs/heads/main refs/remotes/main [1ms]
[2022-10-28T07:22:58.771Z] > git for-each-ref --sort -committerdate --format %(refname) %(objectname) %(*objectname) [4ms]
[2022-10-28T07:22:58.771Z] > git remote --verbose [1ms]
[2022-10-28T07:22:58.784Z] > git config --get commit.template [0ms]
[2022-10-28T15:33:20.064Z] > git status -z -uall [11ms]
[2022-10-28T15:33:20.069Z] > git symbolic-ref --short HEAD [1ms]
[2022-10-28T15:33:20.073Z] > git for-each-ref --format=%(refname)%00%(upstream:short)%00%(objectname)%00%(upstream:track)%00%(upstream:remotename)%00%(upstream:remoteref) refs/heads/main refs/remotes/main [1ms]
[2022-10-28T15:33:20.080Z] > git for-each-ref --sort -committerdate --format %(refname) %(objectname) %(*objectname) [4ms]
[2022-10-28T15:33:20.080Z] > git remote --verbose [1ms]
[2022-10-28T15:33:20.087Z] > git config --get commit.template [0ms]
[2022-10-28T15:33:20.113Z] > git ls-files --stage -- /home/adt/development/mkratings/public/css/style.css [0ms]
[2022-10-28T15:33:20.119Z] > git cat-file -s bbbd7e745627952195adeb4bf028339d5480527a [1ms]
[2022-10-28T15:33:20.130Z] > git show --textconv :public/css/style.css [1ms]
[2022-10-28T15:33:25.117Z] > git status -z -uall [21ms]
[2022-10-28T15:33:25.122Z] > git symbolic-ref --short HEAD [0ms]
[2022-10-28T15:33:25.125Z] > git for-each-ref --format=%(refname)%00%(upstream:short)%00%(objectname)%00%(upstream:track)%00%(upstream:remotename)%00%(upstream:remoteref) refs/heads/main refs/remotes/main [1ms]
[2022-10-28T15:33:25.132Z] > git for-each-ref --sort -committerdate --format %(refname) %(objectname) %(*objectname) [4ms]
[2022-10-28T15:33:25.132Z] > git remote --verbose [0ms]
[2022-10-28T15:33:25.138Z] > git config --get commit.template [1ms]
[2022-10-28T15:33:30.092Z] > git check-ignore -v -z --stdin [2ms]
[2022-10-28T15:33:40.894Z] > git show --textconv :views/login.ejs [8ms]
[2022-10-28T15:33:40.895Z] > git ls-files --stage -- /home/adt/development/mkratings/views/login.ejs [1ms]
[2022-10-28T15:33:40.902Z] > git cat-file -s 01ad87c8c6dd267a6eb35b8dc6a86bf529bc57d1 [1ms]
[2022-10-28T15:33:41.527Z] > git show --textconv :views/missing.ejs [9ms]
[2022-10-28T15:33:41.529Z] > git ls-files --stage -- /home/adt/development/mkratings/views/missing.ejs [3ms]
[2022-10-28T15:33:41.537Z] > git cat-file -s 1e73a94f239114677843b42cf51730e37eadcd6b [2ms]
[2022-10-28T15:33:42.119Z] > git show --textconv :views/login.ejs [10ms]
[2022-10-28T15:33:42.120Z] > git ls-files --stage -- /home/adt/development/mkratings/views/login.ejs [4ms]
[2022-10-28T15:33:42.126Z] > git cat-file -s 01ad87c8c6dd267a6eb35b8dc6a86bf529bc57d1 [1ms]
[2022-10-28T15:38:12.445Z] > git show --textconv :public/css/style.css [9ms]
[2022-10-28T15:38:12.447Z] > git ls-files --stage -- /home/adt/development/mkratings/public/css/style.css [3ms]
[2022-10-28T15:38:12.456Z] > git cat-file -s bbbd7e745627952195adeb4bf028339d5480527a [2ms]
[2022-10-28T15:38:24.296Z] > git status -z -uall [11ms]
[2022-10-28T15:38:24.299Z] > git symbolic-ref --short HEAD [0ms]
[2022-10-28T15:38:24.303Z] > git for-each-ref --format=%(refname)%00%(upstream:short)%00%(objectname)%00%(upstream:track)%00%(upstream:remotename)%00%(upstream:remoteref) refs/heads/main refs/remotes/main [1ms]
[2022-10-28T15:38:24.309Z] > git for-each-ref --sort -committerdate --format %(refname) %(objectname) %(*objectname) [3ms]
[2022-10-28T15:38:24.309Z] > git remote --verbose [0ms]
[2022-10-28T15:38:24.315Z] > git config --get commit.template [1ms]
[2022-10-28T16:12:16.310Z] > git show --textconv :views/login.ejs [4ms]
[2022-10-28T16:12:16.311Z] > git ls-files --stage -- /home/adt/development/mkratings/views/login.ejs [1ms]
[2022-10-28T16:12:16.316Z] > git cat-file -s 01ad87c8c6dd267a6eb35b8dc6a86bf529bc57d1 [1ms]
