[2022-10-25 09:41:47.530] [renderer1] [error] Error: File not found
    at g.handleSetInputError (vscode-file://vscode-app/usr/lib/code/out/vs/workbench/workbench.desktop.main.js:2741:95786)
    at async g.setInput (vscode-file://vscode-app/usr/lib/code/out/vs/workbench/workbench.desktop.main.js:2741:95026)
    at async r.doSetInput (vscode-file://vscode-app/usr/lib/code/out/vs/workbench/workbench.desktop.main.js:2739:6429)
    at async r.doOpenEditor (vscode-file://vscode-app/usr/lib/code/out/vs/workbench/workbench.desktop.main.js:2739:4791)
    at async r.openEditor (vscode-file://vscode-app/usr/lib/code/out/vs/workbench/workbench.desktop.main.js:2739:3783)
    at async vscode-file://vscode-app/usr/lib/code/out/vs/workbench/workbench.desktop.main.js:2966:16842
[2022-10-25 09:41:57.736] [renderer1] [error] Error while registering log channel file:///home/adt/cf/.config/Code%20-%20OSS/logs/20221025T094146/userDataSync.log Timed out while waiting for file to be created
[2022-10-25 09:42:06.124] [renderer1] [error] Error: File not found
    at g.handleSetInputError (vscode-file://vscode-app/usr/lib/code/out/vs/workbench/workbench.desktop.main.js:2741:95786)
    at async g.setInput (vscode-file://vscode-app/usr/lib/code/out/vs/workbench/workbench.desktop.main.js:2741:95026)
    at async r.doSetInput (vscode-file://vscode-app/usr/lib/code/out/vs/workbench/workbench.desktop.main.js:2739:6429)
    at async r.doOpenEditor (vscode-file://vscode-app/usr/lib/code/out/vs/workbench/workbench.desktop.main.js:2739:4791)
    at async r.openEditor (vscode-file://vscode-app/usr/lib/code/out/vs/workbench/workbench.desktop.main.js:2739:3783)
    at async vscode-file://vscode-app/usr/lib/code/out/vs/workbench/workbench.desktop.main.js:2966:16842
[2022-10-25 09:42:20.964] [renderer1] [error] Error: File not found
    at g.handleSetInputError (vscode-file://vscode-app/usr/lib/code/out/vs/workbench/workbench.desktop.main.js:2741:95786)
    at async g.setInput (vscode-file://vscode-app/usr/lib/code/out/vs/workbench/workbench.desktop.main.js:2741:95026)
    at async r.doSetInput (vscode-file://vscode-app/usr/lib/code/out/vs/workbench/workbench.desktop.main.js:2739:6429)
    at async r.doOpenEditor (vscode-file://vscode-app/usr/lib/code/out/vs/workbench/workbench.desktop.main.js:2739:4791)
    at async r.openEditor (vscode-file://vscode-app/usr/lib/code/out/vs/workbench/workbench.desktop.main.js:2739:3783)
    at async vscode-file://vscode-app/usr/lib/code/out/vs/workbench/workbench.desktop.main.js:2966:16842
